<?xml version="1.0" encoding="UTF-8"?>
<coverage generated="1766685316891" clover="3.2.0">
  <project timestamp="1766685316891" name="All files">
    <metrics statements="154" coveredstatements="123" conditionals="99" coveredconditionals="72" methods="27" coveredmethods="22" elements="280" coveredelements="217" complexity="0" loc="154" ncloc="154" packages="4" files="6" classes="6"/>
    <package name="src">
      <metrics statements="5" coveredstatements="0" conditionals="0" coveredconditionals="0" methods="1" coveredmethods="0"/>
      <file name="App.tsx" path="/Users/dhiraj/shahapur-sahayak/frontend/src/App.tsx">
        <metrics statements="5" coveredstatements="0" conditionals="0" coveredconditionals="0" methods="1" coveredmethods="0"/>
        <line num="1" count="0" type="stmt"/>
        <line num="2" count="0" type="stmt"/>
        <line num="3" count="0" type="stmt"/>
        <line num="6" count="0" type="stmt"/>
        <line num="32" count="0" type="stmt"/>
      </file>
    </package>
    <package name="src.components">
      <metrics statements="79" coveredstatements="53" conditionals="56" coveredconditionals="33" methods="13" coveredmethods="9"/>
      <file name="SafetyRouter.tsx" path="/Users/dhiraj/shahapur-sahayak/frontend/src/components/SafetyRouter.tsx">
        <metrics statements="37" coveredstatements="21" conditionals="26" coveredconditionals="12" methods="5" coveredmethods="3"/>
        <line num="1" count="1" type="stmt"/>
        <line num="2" count="1" type="stmt"/>
        <line num="3" count="1" type="stmt"/>
        <line num="5" count="1" type="stmt"/>
        <line num="7" count="1" type="stmt"/>
        <line num="8" count="12" type="stmt"/>
        <line num="9" count="12" type="stmt"/>
        <line num="10" count="12" type="stmt"/>
        <line num="11" count="12" type="stmt"/>
        <line num="13" count="12" type="stmt"/>
        <line num="14" count="6" type="stmt"/>
        <line num="15" count="6" type="stmt"/>
        <line num="18" count="6" type="cond" truecount="1" falsecount="1"/>
        <line num="19" count="0" type="stmt"/>
        <line num="22" count="6" type="cond" truecount="1" falsecount="1"/>
        <line num="23" count="6" type="stmt"/>
        <line num="25" count="6" type="stmt"/>
        <line num="27" count="6" type="stmt"/>
        <line num="28" count="0" type="stmt"/>
        <line num="29" count="0" type="cond" truecount="0" falsecount="2"/>
        <line num="30" count="0" type="stmt"/>
        <line num="32" count="0" type="stmt"/>
        <line num="33" count="0" type="stmt"/>
        <line num="35" count="0" type="stmt"/>
        <line num="38" count="0" type="stmt"/>
        <line num="39" count="0" type="stmt"/>
        <line num="40" count="0" type="stmt"/>
        <line num="43" count="0" type="stmt"/>
        <line num="44" count="0" type="stmt"/>
        <line num="48" count="12" type="stmt"/>
        <line num="49" count="0" type="stmt"/>
        <line num="50" count="0" type="stmt"/>
        <line num="51" count="0" type="stmt"/>
        <line num="52" count="0" type="stmt"/>
        <line num="55" count="12" type="stmt"/>
        <line num="72" count="48" type="stmt"/>
        <line num="136" count="1" type="stmt"/>
      </file>
      <file name="ShoppingOptimizer.tsx" path="/Users/dhiraj/shahapur-sahayak/frontend/src/components/ShoppingOptimizer.tsx">
        <metrics statements="42" coveredstatements="32" conditionals="30" coveredconditionals="21" methods="8" coveredmethods="6"/>
        <line num="1" count="1" type="stmt"/>
        <line num="2" count="1" type="stmt"/>
        <line num="4" count="1" type="stmt"/>
        <line num="6" count="1" type="stmt"/>
        <line num="7" count="1367" type="stmt"/>
        <line num="8" count="1367" type="stmt"/>
        <line num="9" count="1367" type="stmt"/>
        <line num="10" count="1367" type="stmt"/>
        <line num="12" count="1367" type="stmt"/>
        <line num="13" count="541" type="stmt"/>
        <line num="14" count="541" type="stmt"/>
        <line num="17" count="541" type="cond" truecount="1" falsecount="1"/>
        <line num="18" count="0" type="stmt"/>
        <line num="22" count="541" type="cond" truecount="1" falsecount="1"/>
        <line num="23" count="0" type="stmt"/>
        <line num="27" count="1367" type="stmt"/>
        <line num="29" count="326" type="stmt"/>
        <line num="30" count="326" type="cond" truecount="1" falsecount="1"/>
        <line num="31" count="0" type="stmt"/>
        <line num="32" count="0" type="stmt"/>
        <line num="36" count="326" type="stmt"/>
        <line num="37" count="328" type="cond" truecount="2" falsecount="0"/>
        <line num="40" count="326" type="cond" truecount="2" falsecount="0"/>
        <line num="41" count="26" type="stmt"/>
        <line num="42" count="26" type="stmt"/>
        <line num="45" count="300" type="stmt"/>
        <line num="46" count="300" type="stmt"/>
        <line num="48" count="300" type="stmt"/>
        <line num="50" count="300" type="stmt"/>
        <line num="51" count="100" type="stmt"/>
        <line num="52" count="100" type="stmt"/>
        <line num="53" count="100" type="stmt"/>
        <line num="56" count="0" type="stmt"/>
        <line num="57" count="0" type="stmt"/>
        <line num="61" count="1367" type="stmt"/>
        <line num="62" count="0" type="cond" truecount="0" falsecount="4"/>
        <line num="63" count="0" type="stmt"/>
        <line num="64" count="0" type="stmt"/>
        <line num="68" count="1367" type="stmt"/>
        <line num="119" count="0" type="stmt"/>
        <line num="135" count="364" type="stmt"/>
        <line num="152" count="1" type="stmt"/>
      </file>
    </package>
    <package name="src.constants">
      <metrics statements="7" coveredstatements="7" conditionals="0" coveredconditionals="0" methods="0" coveredmethods="0"/>
      <file name="index.ts" path="/Users/dhiraj/shahapur-sahayak/frontend/src/constants/index.ts">
        <metrics statements="7" coveredstatements="7" conditionals="0" coveredconditionals="0" methods="0" coveredmethods="0"/>
        <line num="6" count="6" type="stmt"/>
        <line num="20" count="6" type="stmt"/>
        <line num="32" count="6" type="stmt"/>
        <line num="35" count="6" type="stmt"/>
        <line num="38" count="6" type="stmt"/>
        <line num="56" count="6" type="stmt"/>
        <line num="70" count="6" type="stmt"/>
      </file>
    </package>
    <package name="src.utils">
      <metrics statements="63" coveredstatements="63" conditionals="43" coveredconditionals="39" methods="13" coveredmethods="13"/>
      <file name="safety.ts" path="/Users/dhiraj/shahapur-sahayak/frontend/src/utils/safety.ts">
        <metrics statements="12" coveredstatements="12" conditionals="6" coveredconditionals="5" methods="1" coveredmethods="1"/>
        <line num="4" count="4" type="stmt"/>
        <line num="6" count="4" type="stmt"/>
        <line num="8" count="314" type="stmt"/>
        <line num="11" count="314" type="cond" truecount="2" falsecount="0"/>
        <line num="12" count="51" type="stmt"/>
        <line num="18" count="51" type="stmt"/>
        <line num="26" count="263" type="cond" truecount="2" falsecount="0"/>
        <line num="27" count="132" type="stmt"/>
        <line num="29" count="132" type="cond" truecount="1" falsecount="1"/>
        <line num="30" count="132" type="stmt"/>
        <line num="33" count="132" type="stmt"/>
        <line num="41" count="131" type="stmt"/>
      </file>
      <file name="shopping.ts" path="/Users/dhiraj/shahapur-sahayak/frontend/src/utils/shopping.ts">
        <metrics statements="51" coveredstatements="51" conditionals="37" coveredconditionals="34" methods="12" coveredmethods="12"/>
        <line num="4" count="3" type="stmt"/>
        <line num="6" count="3" type="stmt"/>
        <line num="7" count="2235" type="stmt"/>
        <line num="10" count="2235" type="cond" truecount="2" falsecount="0"/>
        <line num="12" count="23" type="stmt"/>
        <line num="13" count="23" type="cond" truecount="2" falsecount="0"/>
        <line num="14" count="22" type="stmt"/>
        <line num="15" count="22" type="cond" truecount="3" falsecount="1"/>
        <line num="16" count="22" type="stmt"/>
        <line num="26" count="2213" type="cond" truecount="2" falsecount="0"/>
        <line num="28" count="20" type="stmt"/>
        <line num="29" count="20" type="cond" truecount="1" falsecount="1"/>
        <line num="30" count="20" type="stmt"/>
        <line num="31" count="20" type="cond" truecount="3" falsecount="1"/>
        <line num="32" count="20" type="stmt"/>
        <line num="43" count="2193" type="stmt"/>
        <line num="44" count="8622" type="stmt"/>
        <line num="46" count="2193" type="cond" truecount="2" falsecount="0"/>
        <line num="47" count="77" type="stmt"/>
        <line num="55" count="2116" type="cond" truecount="7" falsecount="0"/>
        <line num="56" count="16" type="stmt"/>
        <line num="64" count="2100" type="stmt"/>
        <line num="65" count="8239" type="stmt"/>
        <line num="67" count="2100" type="cond" truecount="2" falsecount="0"/>
        <line num="68" count="102" type="stmt"/>
        <line num="76" count="1998" type="stmt"/>
        <line num="83" count="3" type="stmt"/>
        <line num="84" count="321" type="cond" truecount="4" falsecount="0"/>
        <line num="85" count="2" type="stmt"/>
        <line num="93" count="319" type="stmt"/>
        <line num="95" count="319" type="stmt"/>
        <line num="98" count="319" type="cond" truecount="2" falsecount="0"/>
        <line num="99" count="184" type="stmt"/>
        <line num="100" count="982" type="stmt"/>
        <line num="101" count="982" type="stmt"/>
        <line num="104" count="184" type="stmt"/>
        <line num="105" count="982" type="cond" truecount="2" falsecount="0"/>
        <line num="106" count="83" type="stmt"/>
        <line num="107" count="166" type="stmt"/>
        <line num="108" count="166" type="stmt"/>
        <line num="109" count="83" type="stmt"/>
        <line num="111" count="899" type="stmt"/>
        <line num="114" count="135" type="cond" truecount="2" falsecount="0"/>
        <line num="116" count="81" type="stmt"/>
        <line num="117" count="346" type="stmt"/>
        <line num="118" count="346" type="stmt"/>
        <line num="121" count="54" type="stmt"/>
        <line num="125" count="319" type="stmt"/>
        <line num="127" count="319" type="stmt"/>
        <line num="128" count="1384" type="stmt"/>
        <line num="129" count="1384" type="stmt"/>
      </file>
    </package>
  </project>
</coverage>
