{"/Users/dhiraj/shahapur-sahayak/frontend/src/App.tsx": {"path":"/Users/dhiraj/shahapur-sahayak/frontend/src/App.tsx","statementMap":{"0":{"start":{"line":1,"column":0},"end":{"line":1,"column":62}},"1":{"start":{"line":2,"column":0},"end":{"line":2,"column":52}},"2":{"start":{"line":3,"column":0},"end":{"line":3,"column":18}},"3":{"start":{"line":6,"column":2},"end":{"line":29,"column":null}},"4":{"start":{"line":32,"column":0},"end":{"line":32,"column":null}}},"fnMap":{"0":{"name":"App","decl":{"start":{"line":5,"column":9},"end":{"line":5,"column":12}},"loc":{"start":{"line":5,"column":12},"end":{"line":30,"column":1}}}},"branchMap":{},"s":{"0":0,"1":0,"2":0,"3":0,"4":0},"f":{"0":0},"b":{}}
,"/Users/dhiraj/shahapur-sahayak/frontend/src/components/SafetyRouter.tsx": {"path":"/Users/dhiraj/shahapur-sahayak/frontend/src/components/SafetyRouter.tsx","statementMap":{"0":{"start":{"line":1,"column":0},"end":{"line":1,"column":40}},"1":{"start":{"line":2,"column":0},"end":{"line":2,"column":59}},"2":{"start":{"line":3,"column":0},"end":{"line":3,"column":54}},"3":{"start":{"line":5,"column":0},"end":{"line":5,"column":28}},"4":{"start":{"line":7,"column":31},"end":{"line":134,"column":1}},"5":{"start":{"line":8,"column":50},"end":{"line":8,"column":70}},"6":{"start":{"line":9,"column":42},"end":{"line":9,"column":77}},"7":{"start":{"line":10,"column":42},"end":{"line":10,"column":66}},"8":{"start":{"line":11,"column":28},"end":{"line":11,"column":48}},"9":{"start":{"line":13,"column":31},"end":{"line":46,"column":3}},"10":{"start":{"line":14,"column":23},"end":{"line":14,"column":41}},"11":{"start":{"line":15,"column":4},"end":{"line":15,"column":36}},"12":{"start":{"line":18,"column":4},"end":{"line":20,"column":5}},"13":{"start":{"line":19,"column":6},"end":{"line":19,"column":19}},"14":{"start":{"line":22,"column":4},"end":{"line":45,"column":5}},"15":{"start":{"line":23,"column":6},"end":{"line":23,"column":28}},"16":{"start":{"line":25,"column":6},"end":{"line":41,"column":7}},"17":{"start":{"line":27,"column":8},"end":{"line":36,"column":16}},"18":{"start":{"line":28,"column":25},"end":{"line":28,"column":61}},"19":{"start":{"line":29,"column":10},"end":{"line":34,"column":11}},"20":{"start":{"line":30,"column":12},"end":{"line":30,"column":36}},"21":{"start":{"line":32,"column":12},"end":{"line":32,"column":84}},"22":{"start":{"line":33,"column":12},"end":{"line":33,"column":34}},"23":{"start":{"line":35,"column":10},"end":{"line":35,"column":33}},"24":{"start":{"line":38,"column":8},"end":{"line":38,"column":96}},"25":{"start":{"line":39,"column":8},"end":{"line":39,"column":30}},"26":{"start":{"line":40,"column":8},"end":{"line":40,"column":31}},"27":{"start":{"line":43,"column":6},"end":{"line":43,"column":28}},"28":{"start":{"line":44,"column":6},"end":{"line":44,"column":29}},"29":{"start":{"line":48,"column":22},"end":{"line":53,"column":3}},"30":{"start":{"line":49,"column":4},"end":{"line":49,"column":28}},"31":{"start":{"line":50,"column":4},"end":{"line":50,"column":26}},"32":{"start":{"line":51,"column":4},"end":{"line":51,"column":17}},"33":{"start":{"line":52,"column":4},"end":{"line":52,"column":27}},"34":{"start":{"line":55,"column":2},"end":{"line":133,"column":4}},"35":{"start":{"line":72,"column":14},"end":{"line":72,"column":40}},"36":{"start":{"line":136,"column":0},"end":{"line":136,"column":28}}},"fnMap":{"0":{"name":"(anonymous_0)","decl":{"start":{"line":7,"column":31},"end":{"line":7,"column":34}},"loc":{"start":{"line":7,"column":36},"end":{"line":134,"column":1}}},"1":{"name":"(anonymous_1)","decl":{"start":{"line":13,"column":31},"end":{"line":13,"column":32}},"loc":{"start":{"line":13,"column":79},"end":{"line":46,"column":3}}},"2":{"name":"(anonymous_2)","decl":{"start":{"line":27,"column":19},"end":{"line":27,"column":22}},"loc":{"start":{"line":27,"column":24},"end":{"line":36,"column":9}}},"3":{"name":"(anonymous_3)","decl":{"start":{"line":48,"column":22},"end":{"line":48,"column":25}},"loc":{"start":{"line":48,"column":27},"end":{"line":53,"column":3}}},"4":{"name":"(anonymous_4)","decl":{"start":{"line":71,"column":55},"end":{"line":71,"column":56}},"loc":{"start":{"line":72,"column":14},"end":{"line":72,"column":40}}}},"branchMap":{"0":{"loc":{"start":{"line":18,"column":4},"end":{"line":20,"column":5}},"type":"if","locations":[{"start":{"line":18,"column":4},"end":{"line":20,"column":5}},{"start":{},"end":{}}]},"1":{"loc":{"start":{"line":22,"column":4},"end":{"line":45,"column":5}},"type":"if","locations":[{"start":{"line":22,"column":4},"end":{"line":45,"column":5}},{"start":{"line":42,"column":11},"end":{"line":45,"column":5}}]},"2":{"loc":{"start":{"line":29,"column":10},"end":{"line":34,"column":11}},"type":"if","locations":[{"start":{"line":29,"column":10},"end":{"line":34,"column":11}},{"start":{"line":31,"column":17},"end":{"line":34,"column":11}}]},"3":{"loc":{"start":{"line":67,"column":44},"end":{"line":67,"column":64}},"type":"cond-expr","locations":[{"start":{"line":67,"column":52},"end":{"line":67,"column":59}},{"start":{"line":67,"column":62},"end":{"line":67,"column":64}}]},"4":{"loc":{"start":{"line":78,"column":11},"end":{"line":86,"column":null}},"type":"binary-expr","locations":[{"start":{"line":78,"column":11},"end":{"line":78,"column":27}},{"start":{"line":79,"column":12},"end":{"line":83,"column":null}}]},"5":{"loc":{"start":{"line":90,"column":9},"end":{"line":94,"column":null}},"type":"binary-expr","locations":[{"start":{"line":90,"column":9},"end":{"line":90,"column":14}},{"start":{"line":91,"column":10},"end":{"line":93,"column":null}}]},"6":{"loc":{"start":{"line":97,"column":9},"end":{"line":101,"column":null}},"type":"binary-expr","locations":[{"start":{"line":97,"column":9},"end":{"line":97,"column":21}},{"start":{"line":98,"column":10},"end":{"line":99,"column":null}}]},"7":{"loc":{"start":{"line":105,"column":7},"end":{"line":124,"column":null}},"type":"binary-expr","locations":[{"start":{"line":105,"column":7},"end":{"line":105,"column":19}},{"start":{"line":105,"column":23},"end":{"line":105,"column":36}},{"start":{"line":106,"column":8},"end":{"line":123,"column":null}}]},"8":{"loc":{"start":{"line":106,"column":41},"end":{"line":106,"column":93}},"type":"cond-expr","locations":[{"start":{"line":106,"column":66},"end":{"line":106,"column":79}},{"start":{"line":106,"column":82},"end":{"line":106,"column":93}}]},"9":{"loc":{"start":{"line":110,"column":17},"end":{"line":110,"column":52}},"type":"cond-expr","locations":[{"start":{"line":110,"column":42},"end":{"line":110,"column":46}},{"start":{"line":110,"column":49},"end":{"line":110,"column":52}}]},"10":{"loc":{"start":{"line":116,"column":13},"end":{"line":121,"column":null}},"type":"binary-expr","locations":[{"start":{"line":116,"column":13},"end":{"line":116,"column":35}},{"start":{"line":117,"column":14},"end":{"line":120,"column":null}}]},"11":{"loc":{"start":{"line":127,"column":7},"end":{"line":130,"column":null}},"type":"binary-expr","locations":[{"start":{"line":127,"column":7},"end":{"line":127,"column":24}},{"start":{"line":127,"column":28},"end":{"line":127,"column":41}},{"start":{"line":128,"column":8},"end":{"line":129,"column":null}}]}},"s":{"0":1,"1":1,"2":1,"3":1,"4":1,"5":12,"6":12,"7":12,"8":12,"9":12,"10":6,"11":6,"12":6,"13":0,"14":6,"15":6,"16":6,"17":6,"18":0,"19":0,"20":0,"21":0,"22":0,"23":0,"24":0,"25":0,"26":0,"27":0,"28":0,"29":12,"30":0,"31":0,"32":0,"33":0,"34":12,"35":48,"36":1},"f":{"0":12,"1":6,"2":0,"3":0,"4":48},"b":{"0":[0,6],"1":[6,0],"2":[0,0],"3":[0,12],"4":[12,6],"5":[12,0],"6":[12,6],"7":[12,0,0],"8":[0,0],"9":[0,0],"10":[0,0],"11":[12,6,6]}}
,"/Users/dhiraj/shahapur-sahayak/frontend/src/components/ShoppingOptimizer.tsx": {"path":"/Users/dhiraj/shahapur-sahayak/frontend/src/components/ShoppingOptimizer.tsx","statementMap":{"0":{"start":{"line":1,"column":0},"end":{"line":1,"column":40}},"1":{"start":{"line":2,"column":0},"end":{"line":2,"column":57}},"2":{"start":{"line":4,"column":0},"end":{"line":4,"column":33}},"3":{"start":{"line":6,"column":36},"end":{"line":150,"column":1}},"4":{"start":{"line":7,"column":36},"end":{"line":7,"column":56}},"5":{"start":{"line":8,"column":32},"end":{"line":8,"column":73}},"6":{"start":{"line":9,"column":42},"end":{"line":9,"column":66}},"7":{"start":{"line":10,"column":28},"end":{"line":10,"column":48}},"8":{"start":{"line":12,"column":28},"end":{"line":25,"column":3}},"9":{"start":{"line":13,"column":18},"end":{"line":13,"column":36}},"10":{"start":{"line":14,"column":4},"end":{"line":14,"column":24}},"11":{"start":{"line":17,"column":4},"end":{"line":19,"column":5}},"12":{"start":{"line":18,"column":6},"end":{"line":18,"column":19}},"13":{"start":{"line":22,"column":4},"end":{"line":24,"column":5}},"14":{"start":{"line":23,"column":6},"end":{"line":23,"column":23}},"15":{"start":{"line":27,"column":25},"end":{"line":59,"column":3}},"16":{"start":{"line":29,"column":25},"end":{"line":29,"column":41}},"17":{"start":{"line":30,"column":4},"end":{"line":33,"column":5}},"18":{"start":{"line":31,"column":6},"end":{"line":31,"column":71}},"19":{"start":{"line":32,"column":6},"end":{"line":32,"column":13}},"20":{"start":{"line":36,"column":26},"end":{"line":37,"column":null}},"21":{"start":{"line":37,"column":6},"end":{"line":37,"column":60}},"22":{"start":{"line":40,"column":4},"end":{"line":43,"column":5}},"23":{"start":{"line":41,"column":6},"end":{"line":41,"column":84}},"24":{"start":{"line":42,"column":6},"end":{"line":42,"column":13}},"25":{"start":{"line":45,"column":4},"end":{"line":45,"column":26}},"26":{"start":{"line":46,"column":4},"end":{"line":46,"column":17}},"27":{"start":{"line":48,"column":4},"end":{"line":58,"column":5}},"28":{"start":{"line":50,"column":6},"end":{"line":54,"column":14}},"29":{"start":{"line":51,"column":35},"end":{"line":51,"column":69}},"30":{"start":{"line":52,"column":8},"end":{"line":52,"column":39}},"31":{"start":{"line":53,"column":8},"end":{"line":53,"column":31}},"32":{"start":{"line":56,"column":6},"end":{"line":56,"column":91}},"33":{"start":{"line":57,"column":6},"end":{"line":57,"column":29}},"34":{"start":{"line":61,"column":25},"end":{"line":66,"column":3}},"35":{"start":{"line":62,"column":4},"end":{"line":65,"column":5}},"36":{"start":{"line":63,"column":6},"end":{"line":63,"column":29}},"37":{"start":{"line":64,"column":6},"end":{"line":64,"column":23}},"38":{"start":{"line":68,"column":2},"end":{"line":149,"column":4}},"39":{"start":{"line":119,"column":20},"end":{"line":119,"column":null}},"40":{"start":{"line":135,"column":20},"end":{"line":135,"column":null}},"41":{"start":{"line":152,"column":0},"end":{"line":152,"column":33}}},"fnMap":{"0":{"name":"(anonymous_0)","decl":{"start":{"line":6,"column":36},"end":{"line":6,"column":39}},"loc":{"start":{"line":6,"column":41},"end":{"line":150,"column":1}}},"1":{"name":"(anonymous_1)","decl":{"start":{"line":12,"column":28},"end":{"line":12,"column":29}},"loc":{"start":{"line":12,"column":78},"end":{"line":25,"column":3}}},"2":{"name":"(anonymous_2)","decl":{"start":{"line":27,"column":25},"end":{"line":27,"column":28}},"loc":{"start":{"line":27,"column":30},"end":{"line":59,"column":3}}},"3":{"name":"(anonymous_3)","decl":{"start":{"line":36,"column":59},"end":{"line":36,"column":63}},"loc":{"start":{"line":37,"column":6},"end":{"line":37,"column":60}}},"4":{"name":"(anonymous_4)","decl":{"start":{"line":50,"column":17},"end":{"line":50,"column":20}},"loc":{"start":{"line":50,"column":22},"end":{"line":54,"column":7}}},"5":{"name":"(anonymous_5)","decl":{"start":{"line":61,"column":25},"end":{"line":61,"column":26}},"loc":{"start":{"line":61,"column":77},"end":{"line":66,"column":3}}},"6":{"name":"(anonymous_6)","decl":{"start":{"line":118,"column":41},"end":{"line":118,"column":42}},"loc":{"start":{"line":119,"column":20},"end":{"line":119,"column":null}}},"7":{"name":"(anonymous_7)","decl":{"start":{"line":134,"column":42},"end":{"line":134,"column":43}},"loc":{"start":{"line":135,"column":20},"end":{"line":135,"column":null}}}},"branchMap":{"0":{"loc":{"start":{"line":17,"column":4},"end":{"line":19,"column":5}},"type":"if","locations":[{"start":{"line":17,"column":4},"end":{"line":19,"column":5}},{"start":{},"end":{}}]},"1":{"loc":{"start":{"line":22,"column":4},"end":{"line":24,"column":5}},"type":"if","locations":[{"start":{"line":22,"column":4},"end":{"line":24,"column":5}},{"start":{},"end":{}}]},"2":{"loc":{"start":{"line":30,"column":4},"end":{"line":33,"column":5}},"type":"if","locations":[{"start":{"line":30,"column":4},"end":{"line":33,"column":5}},{"start":{},"end":{}}]},"3":{"loc":{"start":{"line":37,"column":6},"end":{"line":37,"column":60}},"type":"binary-expr","locations":[{"start":{"line":37,"column":6},"end":{"line":37,"column":28}},{"start":{"line":37,"column":32},"end":{"line":37,"column":60}}]},"4":{"loc":{"start":{"line":40,"column":4},"end":{"line":43,"column":5}},"type":"if","locations":[{"start":{"line":40,"column":4},"end":{"line":43,"column":5}},{"start":{},"end":{}}]},"5":{"loc":{"start":{"line":62,"column":4},"end":{"line":65,"column":5}},"type":"if","locations":[{"start":{"line":62,"column":4},"end":{"line":65,"column":5}},{"start":{},"end":{}}]},"6":{"loc":{"start":{"line":62,"column":8},"end":{"line":62,"column":46}},"type":"binary-expr","locations":[{"start":{"line":62,"column":8},"end":{"line":62,"column":29}},{"start":{"line":62,"column":33},"end":{"line":62,"column":46}}]},"7":{"loc":{"start":{"line":80,"column":39},"end":{"line":80,"column":59}},"type":"cond-expr","locations":[{"start":{"line":80,"column":47},"end":{"line":80,"column":54}},{"start":{"line":80,"column":57},"end":{"line":80,"column":59}}]},"8":{"loc":{"start":{"line":84,"column":9},"end":{"line":88,"column":null}},"type":"binary-expr","locations":[{"start":{"line":84,"column":9},"end":{"line":84,"column":14}},{"start":{"line":85,"column":10},"end":{"line":87,"column":null}}]},"9":{"loc":{"start":{"line":93,"column":40},"end":{"line":93,"column":72}},"type":"cond-expr","locations":[{"start":{"line":93,"column":55},"end":{"line":93,"column":67}},{"start":{"line":93,"column":70},"end":{"line":93,"column":72}}]},"10":{"loc":{"start":{"line":94,"column":20},"end":{"line":94,"column":53}},"type":"binary-expr","locations":[{"start":{"line":94,"column":20},"end":{"line":94,"column":32}},{"start":{"line":94,"column":36},"end":{"line":94,"column":53}}]},"11":{"loc":{"start":{"line":96,"column":11},"end":{"line":102,"column":null}},"type":"cond-expr","locations":[{"start":{"line":97,"column":12},"end":{"line":98,"column":null}},{"start":{"line":102,"column":12},"end":{"line":102,"column":36}}]},"12":{"loc":{"start":{"line":111,"column":7},"end":{"line":146,"column":null}},"type":"binary-expr","locations":[{"start":{"line":111,"column":7},"end":{"line":111,"column":14}},{"start":{"line":112,"column":8},"end":{"line":145,"column":null}}]},"13":{"loc":{"start":{"line":116,"column":15},"end":{"line":126,"column":null}},"type":"cond-expr","locations":[{"start":{"line":117,"column":16},"end":{"line":123,"column":null}},{"start":{"line":126,"column":16},"end":{"line":126,"column":70}}]},"14":{"loc":{"start":{"line":132,"column":15},"end":{"line":142,"column":null}},"type":"cond-expr","locations":[{"start":{"line":133,"column":16},"end":{"line":139,"column":null}},{"start":{"line":142,"column":16},"end":{"line":142,"column":71}}]}},"s":{"0":1,"1":1,"2":1,"3":1,"4":1367,"5":1367,"6":1367,"7":1367,"8":1367,"9":541,"10":541,"11":541,"12":0,"13":541,"14":0,"15":1367,"16":326,"17":326,"18":0,"19":0,"20":326,"21":328,"22":326,"23":26,"24":26,"25":300,"26":300,"27":300,"28":300,"29":100,"30":100,"31":100,"32":0,"33":0,"34":1367,"35":0,"36":0,"37":0,"38":1367,"39":0,"40":364,"41":1},"f":{"0":1367,"1":541,"2":326,"3":328,"4":100,"5":0,"6":0,"7":364},"b":{"0":[0,541],"1":[0,541],"2":[0,326],"3":[328,328],"4":[26,300],"5":[0,0],"6":[0,0],"7":[26,1341],"8":[1367,26],"9":[493,874],"10":[1367,874],"11":[493,874],"12":[1367,100],"13":[0,100],"14":[100,0]}}
,"/Users/dhiraj/shahapur-sahayak/frontend/src/constants/index.ts": {"path":"/Users/dhiraj/shahapur-sahayak/frontend/src/constants/index.ts","statementMap":{"0":{"start":{"line":6,"column":13},"end":{"line":17,"column":11}},"1":{"start":{"line":20,"column":13},"end":{"line":29,"column":11}},"2":{"start":{"line":32,"column":13},"end":{"line":32,"column":94}},"3":{"start":{"line":35,"column":13},"end":{"line":35,"column":111}},"4":{"start":{"line":38,"column":13},"end":{"line":53,"column":2}},"5":{"start":{"line":56,"column":13},"end":{"line":67,"column":2}},"6":{"start":{"line":70,"column":13},"end":{"line":72,"column":null}}},"fnMap":{},"branchMap":{},"s":{"0":6,"1":6,"2":6,"3":6,"4":6,"5":6,"6":6},"f":{},"b":{}}
,"/Users/dhiraj/shahapur-sahayak/frontend/src/utils/safety.ts": {"path":"/Users/dhiraj/shahapur-sahayak/frontend/src/utils/safety.ts","statementMap":{"0":{"start":{"line":6,"column":0},"end":{"line":6,"column":16}},"1":{"start":{"line":4,"column":0},"end":{"line":4,"column":54}},"2":{"start":{"line":8,"column":19},"end":{"line":8,"column":53}},"3":{"start":{"line":11,"column":2},"end":{"line":23,"column":3}},"4":{"start":{"line":12,"column":46},"end":{"line":16,"column":6}},"5":{"start":{"line":18,"column":4},"end":{"line":22,"column":6}},"6":{"start":{"line":26,"column":2},"end":{"line":38,"column":3}},"7":{"start":{"line":27,"column":18},"end":{"line":27,"column":55}},"8":{"start":{"line":29,"column":4},"end":{"line":31,"column":5}},"9":{"start":{"line":30,"column":6},"end":{"line":30,"column":57}},"10":{"start":{"line":33,"column":4},"end":{"line":37,"column":6}},"11":{"start":{"line":41,"column":2},"end":{"line":45,"column":4}}},"fnMap":{"0":{"name":"evaluateCrossingLocation","decl":{"start":{"line":6,"column":16},"end":{"line":6,"column":40}},"loc":{"start":{"line":6,"column":59},"end":{"line":46,"column":1}}}},"branchMap":{"0":{"loc":{"start":{"line":11,"column":2},"end":{"line":23,"column":3}},"type":"if","locations":[{"start":{"line":11,"column":2},"end":{"line":23,"column":3}},{"start":{},"end":{}}]},"1":{"loc":{"start":{"line":26,"column":2},"end":{"line":38,"column":3}},"type":"if","locations":[{"start":{"line":26,"column":2},"end":{"line":38,"column":3}},{"start":{},"end":{}}]},"2":{"loc":{"start":{"line":29,"column":4},"end":{"line":31,"column":5}},"type":"if","locations":[{"start":{"line":29,"column":4},"end":{"line":31,"column":5}},{"start":{},"end":{}}]}},"s":{"0":4,"1":4,"2":314,"3":314,"4":51,"5":51,"6":263,"7":132,"8":132,"9":132,"10":132,"11":131},"f":{"0":314},"b":{"0":[51,263],"1":[132,131],"2":[132,0]}}
,"/Users/dhiraj/shahapur-sahayak/frontend/src/utils/shopping.ts": {"path":"/Users/dhiraj/shahapur-sahayak/frontend/src/utils/shopping.ts","statementMap":{"0":{"start":{"line":6,"column":0},"end":{"line":6,"column":16}},"1":{"start":{"line":83,"column":0},"end":{"line":83,"column":16}},"2":{"start":{"line":4,"column":0},"end":{"line":4,"column":63}},"3":{"start":{"line":7,"column":25},"end":{"line":7,"column":50}},"4":{"start":{"line":10,"column":2},"end":{"line":24,"column":3}},"5":{"start":{"line":12,"column":29},"end":{"line":12,"column":76}},"6":{"start":{"line":13,"column":4},"end":{"line":22,"column":5}},"7":{"start":{"line":14,"column":20},"end":{"line":14,"column":68}},"8":{"start":{"line":15,"column":6},"end":{"line":21,"column":7}},"9":{"start":{"line":16,"column":8},"end":{"line":20,"column":10}},"10":{"start":{"line":26,"column":2},"end":{"line":40,"column":3}},"11":{"start":{"line":28,"column":29},"end":{"line":28,"column":70}},"12":{"start":{"line":29,"column":4},"end":{"line":38,"column":5}},"13":{"start":{"line":30,"column":20},"end":{"line":30,"column":62}},"14":{"start":{"line":31,"column":6},"end":{"line":37,"column":7}},"15":{"start":{"line":32,"column":8},"end":{"line":36,"column":10}},"16":{"start":{"line":43,"column":23},"end":{"line":43,"column":73}},"17":{"start":{"line":44,"column":21},"end":{"line":44,"column":83}},"18":{"start":{"line":44,"column":50},"end":{"line":44,"column":82}},"19":{"start":{"line":46,"column":2},"end":{"line":52,"column":3}},"20":{"start":{"line":47,"column":4},"end":{"line":51,"column":6}},"21":{"start":{"line":55,"column":2},"end":{"line":61,"column":3}},"22":{"start":{"line":56,"column":4},"end":{"line":60,"column":6}},"23":{"start":{"line":64,"column":24},"end":{"line":64,"column":61}},"24":{"start":{"line":65,"column":22},"end":{"line":65,"column":85}},"25":{"start":{"line":65,"column":52},"end":{"line":65,"column":84}},"26":{"start":{"line":67,"column":2},"end":{"line":73,"column":3}},"27":{"start":{"line":68,"column":4},"end":{"line":72,"column":6}},"28":{"start":{"line":76,"column":2},"end":{"line":80,"column":4}},"29":{"start":{"line":84,"column":2},"end":{"line":89,"column":3}},"30":{"start":{"line":85,"column":4},"end":{"line":88,"column":6}},"31":{"start":{"line":93,"column":26},"end":{"line":93,"column":42}},"32":{"start":{"line":95,"column":24},"end":{"line":95,"column":26}},"33":{"start":{"line":98,"column":2},"end":{"line":122,"column":3}},"34":{"start":{"line":99,"column":18},"end":{"line":101,"column":38}},"35":{"start":{"line":100,"column":19},"end":{"line":100,"column":30}},"36":{"start":{"line":101,"column":22},"end":{"line":101,"column":37}},"37":{"start":{"line":104,"column":4},"end":{"line":113,"column":5}},"38":{"start":{"line":105,"column":6},"end":{"line":112,"column":7}},"39":{"start":{"line":106,"column":26},"end":{"line":108,"column":42}},"40":{"start":{"line":107,"column":23},"end":{"line":107,"column":34}},"41":{"start":{"line":108,"column":26},"end":{"line":108,"column":41}},"42":{"start":{"line":109,"column":8},"end":{"line":109,"column":33}},"43":{"start":{"line":111,"column":8},"end":{"line":111,"column":25}},"44":{"start":{"line":114,"column":9},"end":{"line":122,"column":3}},"45":{"start":{"line":116,"column":4},"end":{"line":118,"column":39}},"46":{"start":{"line":117,"column":19},"end":{"line":117,"column":30}},"47":{"start":{"line":118,"column":22},"end":{"line":118,"column":37}},"48":{"start":{"line":121,"column":4},"end":{"line":121,"column":30}},"49":{"start":{"line":125,"column":27},"end":{"line":125,"column":60}},"50":{"start":{"line":127,"column":2},"end":{"line":130,"column":4}},"51":{"start":{"line":128,"column":47},"end":{"line":128,"column":71}},"52":{"start":{"line":129,"column":48},"end":{"line":129,"column":73}}},"fnMap":{"0":{"name":"categorizeShoppingItem","decl":{"start":{"line":6,"column":16},"end":{"line":6,"column":38}},"loc":{"start":{"line":6,"column":51},"end":{"line":81,"column":1}}},"1":{"name":"(anonymous_1)","decl":{"start":{"line":44,"column":39},"end":{"line":44,"column":46}},"loc":{"start":{"line":44,"column":50},"end":{"line":44,"column":82}}},"2":{"name":"(anonymous_2)","decl":{"start":{"line":65,"column":41},"end":{"line":65,"column":48}},"loc":{"start":{"line":65,"column":52},"end":{"line":65,"column":84}}},"3":{"name":"optimizeShoppingList","decl":{"start":{"line":83,"column":16},"end":{"line":83,"column":36}},"loc":{"start":{"line":83,"column":54},"end":{"line":131,"column":1}}},"4":{"name":"(anonymous_4)","decl":{"start":{"line":100,"column":11},"end":{"line":100,"column":15}},"loc":{"start":{"line":100,"column":19},"end":{"line":100,"column":30}}},"5":{"name":"(anonymous_5)","decl":{"start":{"line":101,"column":14},"end":{"line":101,"column":18}},"loc":{"start":{"line":101,"column":22},"end":{"line":101,"column":37}}},"6":{"name":"(anonymous_6)","decl":{"start":{"line":107,"column":15},"end":{"line":107,"column":19}},"loc":{"start":{"line":107,"column":23},"end":{"line":107,"column":34}}},"7":{"name":"(anonymous_7)","decl":{"start":{"line":108,"column":18},"end":{"line":108,"column":22}},"loc":{"start":{"line":108,"column":26},"end":{"line":108,"column":41}}},"8":{"name":"(anonymous_8)","decl":{"start":{"line":117,"column":11},"end":{"line":117,"column":15}},"loc":{"start":{"line":117,"column":19},"end":{"line":117,"column":30}}},"9":{"name":"(anonymous_9)","decl":{"start":{"line":118,"column":14},"end":{"line":118,"column":18}},"loc":{"start":{"line":118,"column":22},"end":{"line":118,"column":37}}},"10":{"name":"(anonymous_10)","decl":{"start":{"line":128,"column":39},"end":{"line":128,"column":43}},"loc":{"start":{"line":128,"column":47},"end":{"line":128,"column":71}}},"11":{"name":"(anonymous_11)","decl":{"start":{"line":129,"column":40},"end":{"line":129,"column":44}},"loc":{"start":{"line":129,"column":48},"end":{"line":129,"column":73}}}},"branchMap":{"0":{"loc":{"start":{"line":10,"column":2},"end":{"line":24,"column":3}},"type":"if","locations":[{"start":{"line":10,"column":2},"end":{"line":24,"column":3}},{"start":{},"end":{}}]},"1":{"loc":{"start":{"line":13,"column":4},"end":{"line":22,"column":5}},"type":"if","locations":[{"start":{"line":13,"column":4},"end":{"line":22,"column":5}},{"start":{},"end":{}}]},"2":{"loc":{"start":{"line":15,"column":6},"end":{"line":21,"column":7}},"type":"if","locations":[{"start":{"line":15,"column":6},"end":{"line":21,"column":7}},{"start":{},"end":{}}]},"3":{"loc":{"start":{"line":15,"column":10},"end":{"line":15,"column":42}},"type":"binary-expr","locations":[{"start":{"line":15,"column":10},"end":{"line":15,"column":15}},{"start":{"line":15,"column":19},"end":{"line":15,"column":42}}]},"4":{"loc":{"start":{"line":26,"column":2},"end":{"line":40,"column":3}},"type":"if","locations":[{"start":{"line":26,"column":2},"end":{"line":40,"column":3}},{"start":{},"end":{}}]},"5":{"loc":{"start":{"line":29,"column":4},"end":{"line":38,"column":5}},"type":"if","locations":[{"start":{"line":29,"column":4},"end":{"line":38,"column":5}},{"start":{},"end":{}}]},"6":{"loc":{"start":{"line":31,"column":6},"end":{"line":37,"column":7}},"type":"if","locations":[{"start":{"line":31,"column":6},"end":{"line":37,"column":7}},{"start":{},"end":{}}]},"7":{"loc":{"start":{"line":31,"column":10},"end":{"line":31,"column":42}},"type":"binary-expr","locations":[{"start":{"line":31,"column":10},"end":{"line":31,"column":15}},{"start":{"line":31,"column":19},"end":{"line":31,"column":42}}]},"8":{"loc":{"start":{"line":46,"column":2},"end":{"line":52,"column":3}},"type":"if","locations":[{"start":{"line":46,"column":2},"end":{"line":52,"column":3}},{"start":{},"end":{}}]},"9":{"loc":{"start":{"line":55,"column":2},"end":{"line":61,"column":3}},"type":"if","locations":[{"start":{"line":55,"column":2},"end":{"line":61,"column":3}},{"start":{},"end":{}}]},"10":{"loc":{"start":{"line":55,"column":6},"end":{"line":55,"column":181}},"type":"binary-expr","locations":[{"start":{"line":55,"column":6},"end":{"line":55,"column":37}},{"start":{"line":55,"column":42},"end":{"line":55,"column":73}},{"start":{"line":55,"column":77},"end":{"line":55,"column":109}},{"start":{"line":55,"column":114},"end":{"line":55,"column":145}},{"start":{"line":55,"column":149},"end":{"line":55,"column":179}}]},"11":{"loc":{"start":{"line":67,"column":2},"end":{"line":73,"column":3}},"type":"if","locations":[{"start":{"line":67,"column":2},"end":{"line":73,"column":3}},{"start":{},"end":{}}]},"12":{"loc":{"start":{"line":84,"column":2},"end":{"line":89,"column":3}},"type":"if","locations":[{"start":{"line":84,"column":2},"end":{"line":89,"column":3}},{"start":{},"end":{}}]},"13":{"loc":{"start":{"line":84,"column":6},"end":{"line":84,"column":49}},"type":"binary-expr","locations":[{"start":{"line":84,"column":6},"end":{"line":84,"column":16}},{"start":{"line":84,"column":20},"end":{"line":84,"column":49}}]},"14":{"loc":{"start":{"line":98,"column":2},"end":{"line":122,"column":3}},"type":"if","locations":[{"start":{"line":98,"column":2},"end":{"line":122,"column":3}},{"start":{"line":114,"column":9},"end":{"line":122,"column":3}}]},"15":{"loc":{"start":{"line":105,"column":6},"end":{"line":112,"column":7}},"type":"if","locations":[{"start":{"line":105,"column":6},"end":{"line":112,"column":7}},{"start":{"line":110,"column":13},"end":{"line":112,"column":7}}]},"16":{"loc":{"start":{"line":114,"column":9},"end":{"line":122,"column":3}},"type":"if","locations":[{"start":{"line":114,"column":9},"end":{"line":122,"column":3}},{"start":{"line":119,"column":9},"end":{"line":122,"column":3}}]}},"s":{"0":3,"1":3,"2":3,"3":2235,"4":2235,"5":23,"6":23,"7":22,"8":22,"9":22,"10":2213,"11":20,"12":20,"13":20,"14":20,"15":20,"16":2193,"17":2193,"18":8622,"19":2193,"20":77,"21":2116,"22":16,"23":2100,"24":2100,"25":8239,"26":2100,"27":102,"28":1998,"29":321,"30":2,"31":319,"32":319,"33":319,"34":184,"35":982,"36":982,"37":184,"38":982,"39":83,"40":166,"41":166,"42":83,"43":899,"44":135,"45":81,"46":346,"47":346,"48":54,"49":319,"50":319,"51":1384,"52":1384},"f":{"0":2235,"1":8622,"2":8239,"3":321,"4":982,"5":982,"6":166,"7":166,"8":346,"9":346,"10":1384,"11":1384},"b":{"0":[23,2212],"1":[22,1],"2":[22,0],"3":[22,22],"4":[20,2193],"5":[20,0],"6":[20,0],"7":[20,20],"8":[77,2116],"9":[16,2100],"10":[2116,21,19,10,10],"11":[102,1998],"12":[2,319],"13":[321,320],"14":[184,135],"15":[83,899],"16":[81,54]}}
}
