{"/Users/dhiraj/shahapur-sahayak/frontend/src/App.tsx": {"path":"/Users/dhiraj/shahapur-sahayak/frontend/src/App.tsx","statementMap":{"0":{"start":{"line":1,"column":0},"end":{"line":1,"column":62}},"1":{"start":{"line":2,"column":0},"end":{"line":2,"column":46}},"2":{"start":{"line":3,"column":0},"end":{"line":3,"column":54}},"3":{"start":{"line":4,"column":0},"end":{"line":4,"column":46}},"4":{"start":{"line":5,"column":0},"end":{"line":5,"column":52}},"5":{"start":{"line":6,"column":0},"end":{"line":6,"column":54}},"6":{"start":{"line":7,"column":0},"end":{"line":7,"column":68}},"7":{"start":{"line":8,"column":0},"end":{"line":8,"column":18}},"8":{"start":{"line":11,"column":2},"end":{"line":50,"column":null}},"9":{"start":{"line":53,"column":0},"end":{"line":53,"column":null}}},"fnMap":{"0":{"name":"App","decl":{"start":{"line":10,"column":9},"end":{"line":10,"column":12}},"loc":{"start":{"line":10,"column":12},"end":{"line":51,"column":1}}}},"branchMap":{},"s":{"0":0,"1":0,"2":0,"3":0,"4":0,"5":0,"6":0,"7":0,"8":0,"9":0},"f":{"0":0},"b":{}}
,"/Users/dhiraj/shahapur-sahayak/frontend/src/components/CardHeader.tsx": {"path":"/Users/dhiraj/shahapur-sahayak/frontend/src/components/CardHeader.tsx","statementMap":{"0":{"start":{"line":1,"column":0},"end":{"line":1,"column":26}},"1":{"start":{"line":2,"column":0},"end":{"line":2,"column":26}},"2":{"start":{"line":11,"column":46},"end":{"line":44,"column":2}},"3":{"start":{"line":17,"column":20},"end":{"line":17,"column":42}},"4":{"start":{"line":19,"column":2},"end":{"line":43,"column":4}},"5":{"start":{"line":47,"column":0},"end":{"line":47,"column":38}},"6":{"start":{"line":49,"column":0},"end":{"line":49,"column":26}}},"fnMap":{"0":{"name":"(anonymous_1)","decl":{"start":{"line":11,"column":57},"end":{"line":11,"column":58}},"loc":{"start":{"line":16,"column":5},"end":{"line":44,"column":1}}}},"branchMap":{"0":{"loc":{"start":{"line":29,"column":11},"end":{"line":29,"column":48}},"type":"cond-expr","locations":[{"start":{"line":29,"column":35},"end":{"line":29,"column":40}},{"start":{"line":29,"column":43},"end":{"line":29,"column":48}}]},"1":{"loc":{"start":{"line":38,"column":11},"end":{"line":38,"column":45}},"type":"cond-expr","locations":[{"start":{"line":38,"column":35},"end":{"line":38,"column":39}},{"start":{"line":38,"column":42},"end":{"line":38,"column":45}}]}},"s":{"0":2,"1":2,"2":2,"3":338,"4":338,"5":2,"6":2},"f":{"0":338},"b":{"0":[169,169],"1":[169,169]}}
,"/Users/dhiraj/shahapur-sahayak/frontend/src/components/EmptyState.tsx": {"path":"/Users/dhiraj/shahapur-sahayak/frontend/src/components/EmptyState.tsx","statementMap":{"0":{"start":{"line":1,"column":0},"end":{"line":1,"column":39}},"1":{"start":{"line":2,"column":0},"end":{"line":2,"column":26}},"2":{"start":{"line":8,"column":46},"end":{"line":40,"column":2}},"3":{"start":{"line":10,"column":18},"end":{"line":26,"column":17}},"4":{"start":{"line":11,"column":4},"end":{"line":25,"column":5}},"5":{"start":{"line":12,"column":6},"end":{"line":17,"column":8}},"6":{"start":{"line":19,"column":6},"end":{"line":24,"column":8}},"7":{"start":{"line":28,"column":2},"end":{"line":39,"column":4}},"8":{"start":{"line":43,"column":0},"end":{"line":43,"column":38}},"9":{"start":{"line":45,"column":0},"end":{"line":45,"column":26}}},"fnMap":{"0":{"name":"(anonymous_9)","decl":{"start":{"line":8,"column":57},"end":{"line":8,"column":58}},"loc":{"start":{"line":8,"column":75},"end":{"line":40,"column":1}}},"1":{"name":"(anonymous_10)","decl":{"start":{"line":10,"column":26},"end":{"line":10,"column":29}},"loc":{"start":{"line":10,"column":31},"end":{"line":26,"column":3}}}},"branchMap":{"0":{"loc":{"start":{"line":11,"column":4},"end":{"line":25,"column":5}},"type":"if","locations":[{"start":{"line":11,"column":4},"end":{"line":25,"column":5}},{"start":{"line":18,"column":11},"end":{"line":25,"column":5}}]}},"s":{"0":3,"1":3,"2":3,"3":173,"4":173,"5":152,"6":21,"7":173,"8":3,"9":3},"f":{"0":173,"1":173},"b":{"0":[152,21]}}
,"/Users/dhiraj/shahapur-sahayak/frontend/src/components/FeedbackForm.tsx": {"path":"/Users/dhiraj/shahapur-sahayak/frontend/src/components/FeedbackForm.tsx","statementMap":{"0":{"start":{"line":1,"column":0},"end":{"line":1,"column":40}},"1":{"start":{"line":2,"column":0},"end":{"line":2,"column":28}},"2":{"start":{"line":10,"column":31},"end":{"line":164,"column":1}},"3":{"start":{"line":11,"column":30},"end":{"line":11,"column":45}},"4":{"start":{"line":12,"column":34},"end":{"line":16,"column":4}},"5":{"start":{"line":17,"column":42},"end":{"line":17,"column":57}},"6":{"start":{"line":18,"column":40},"end":{"line":18,"column":55}},"7":{"start":{"line":20,"column":23},"end":{"line":44,"column":4}},"8":{"start":{"line":20,"column":52},"end":{"line":44,"column":4}},"9":{"start":{"line":21,"column":4},"end":{"line":21,"column":23}},"10":{"start":{"line":23,"column":4},"end":{"line":25,"column":5}},"11":{"start":{"line":24,"column":6},"end":{"line":24,"column":13}},"12":{"start":{"line":27,"column":4},"end":{"line":27,"column":26}},"13":{"start":{"line":30,"column":4},"end":{"line":30,"column":60}},"14":{"start":{"line":30,"column":33},"end":{"line":30,"column":58}},"15":{"start":{"line":33,"column":4},"end":{"line":33,"column":49}},"16":{"start":{"line":35,"column":4},"end":{"line":35,"column":25}},"17":{"start":{"line":36,"column":4},"end":{"line":36,"column":27}},"18":{"start":{"line":39,"column":4},"end":{"line":43,"column":13}},"19":{"start":{"line":40,"column":6},"end":{"line":40,"column":28}},"20":{"start":{"line":41,"column":6},"end":{"line":41,"column":23}},"21":{"start":{"line":42,"column":6},"end":{"line":42,"column":58}},"22":{"start":{"line":46,"column":28},"end":{"line":48,"column":3}},"23":{"start":{"line":47,"column":4},"end":{"line":47,"column":55}},"24":{"start":{"line":47,"column":24},"end":{"line":47,"column":53}},"25":{"start":{"line":50,"column":24},"end":{"line":55,"column":4}},"26":{"start":{"line":57,"column":2},"end":{"line":67,"column":3}},"27":{"start":{"line":58,"column":4},"end":{"line":66,"column":6}},"28":{"start":{"line":61,"column":23},"end":{"line":61,"column":38}},"29":{"start":{"line":69,"column":2},"end":{"line":163,"column":4}},"30":{"start":{"line":76,"column":27},"end":{"line":76,"column":43}},"31":{"start":{"line":95,"column":18},"end":{"line":95,"column":42}},"32":{"start":{"line":101,"column":39},"end":{"line":101,"column":80}},"33":{"start":{"line":117,"column":33},"end":{"line":117,"column":77}},"34":{"start":{"line":130,"column":33},"end":{"line":130,"column":77}},"35":{"start":{"line":139,"column":31},"end":{"line":139,"column":47}},"36":{"start":{"line":166,"column":0},"end":{"line":166,"column":28}}},"fnMap":{"0":{"name":"(anonymous_7)","decl":{"start":{"line":10,"column":31},"end":{"line":10,"column":34}},"loc":{"start":{"line":10,"column":36},"end":{"line":164,"column":1}}},"1":{"name":"(anonymous_8)","decl":{"start":{"line":20,"column":23},"end":{"line":20,"column":30}},"loc":{"start":{"line":20,"column":52},"end":{"line":44,"column":4}}},"2":{"name":"(anonymous_9)","decl":{"start":{"line":20,"column":52},"end":{"line":20,"column":null}},"loc":{"start":{"line":20,"column":52},"end":{"line":44,"column":3}}},"3":{"name":"(anonymous_10)","decl":{"start":{"line":30,"column":22},"end":{"line":30,"column":29}},"loc":{"start":{"line":30,"column":33},"end":{"line":30,"column":58}}},"4":{"name":"(anonymous_11)","decl":{"start":{"line":39,"column":15},"end":{"line":39,"column":18}},"loc":{"start":{"line":39,"column":20},"end":{"line":43,"column":5}}},"5":{"name":"(anonymous_12)","decl":{"start":{"line":46,"column":28},"end":{"line":46,"column":29}},"loc":{"start":{"line":46,"column":73},"end":{"line":48,"column":3}}},"6":{"name":"(anonymous_13)","decl":{"start":{"line":47,"column":16},"end":{"line":47,"column":20}},"loc":{"start":{"line":47,"column":24},"end":{"line":47,"column":53}}},"7":{"name":"(anonymous_14)","decl":{"start":{"line":61,"column":17},"end":{"line":61,"column":20}},"loc":{"start":{"line":61,"column":23},"end":{"line":61,"column":38}}},"8":{"name":"(anonymous_15)","decl":{"start":{"line":76,"column":21},"end":{"line":76,"column":24}},"loc":{"start":{"line":76,"column":27},"end":{"line":76,"column":43}}},"9":{"name":"(anonymous_16)","decl":{"start":{"line":94,"column":35},"end":{"line":94,"column":36}},"loc":{"start":{"line":95,"column":18},"end":{"line":95,"column":42}}},"10":{"name":"(anonymous_17)","decl":{"start":{"line":101,"column":32},"end":{"line":101,"column":33}},"loc":{"start":{"line":101,"column":39},"end":{"line":101,"column":80}}},"11":{"name":"(anonymous_18)","decl":{"start":{"line":117,"column":26},"end":{"line":117,"column":27}},"loc":{"start":{"line":117,"column":33},"end":{"line":117,"column":77}}},"12":{"name":"(anonymous_19)","decl":{"start":{"line":130,"column":26},"end":{"line":130,"column":27}},"loc":{"start":{"line":130,"column":33},"end":{"line":130,"column":77}}},"13":{"name":"(anonymous_20)","decl":{"start":{"line":139,"column":25},"end":{"line":139,"column":28}},"loc":{"start":{"line":139,"column":31},"end":{"line":139,"column":47}}}},"branchMap":{"0":{"loc":{"start":{"line":23,"column":4},"end":{"line":25,"column":5}},"type":"if","locations":[{"start":{"line":23,"column":4},"end":{"line":25,"column":5}},{"start":{},"end":{}}]},"1":{"loc":{"start":{"line":23,"column":8},"end":{"line":23,"column":50}},"type":"binary-expr","locations":[{"start":{"line":23,"column":8},"end":{"line":23,"column":22}},{"start":{"line":23,"column":26},"end":{"line":23,"column":50}}]},"2":{"loc":{"start":{"line":57,"column":2},"end":{"line":67,"column":3}},"type":"if","locations":[{"start":{"line":57,"column":2},"end":{"line":67,"column":3}},{"start":{},"end":{}}]},"3":{"loc":{"start":{"line":83,"column":9},"end":{"line":159,"column":null}},"type":"cond-expr","locations":[{"start":{"line":84,"column":10},"end":{"line":87,"column":null}},{"start":{"line":90,"column":10},"end":{"line":158,"column":null}}]},"4":{"loc":{"start":{"line":147,"column":26},"end":{"line":147,"column":84}},"type":"binary-expr","locations":[{"start":{"line":147,"column":26},"end":{"line":147,"column":40}},{"start":{"line":147,"column":44},"end":{"line":147,"column":68}},{"start":{"line":147,"column":72},"end":{"line":147,"column":84}}]},"5":{"loc":{"start":{"line":149,"column":17},"end":{"line":155,"column":null}},"type":"cond-expr","locations":[{"start":{"line":150,"column":18},"end":{"line":151,"column":null}},{"start":{"line":155,"column":18},"end":{"line":155,"column":33}}]}},"s":{"0":0,"1":0,"2":0,"3":0,"4":0,"5":0,"6":0,"7":0,"8":0,"9":0,"10":0,"11":0,"12":0,"13":0,"14":0,"15":0,"16":0,"17":0,"18":0,"19":0,"20":0,"21":0,"22":0,"23":0,"24":0,"25":0,"26":0,"27":0,"28":0,"29":0,"30":0,"31":0,"32":0,"33":0,"34":0,"35":0,"36":0},"f":{"0":0,"1":0,"2":0,"3":0,"4":0,"5":0,"6":0,"7":0,"8":0,"9":0,"10":0,"11":0,"12":0,"13":0},"b":{"0":[0,0],"1":[0,0],"2":[0,0],"3":[0,0],"4":[0,0,0],"5":[0,0]}}
,"/Users/dhiraj/shahapur-sahayak/frontend/src/components/LiveStatusBar.tsx": {"path":"/Users/dhiraj/shahapur-sahayak/frontend/src/components/LiveStatusBar.tsx","statementMap":{"0":{"start":{"line":1,"column":0},"end":{"line":1,"column":51}},"1":{"start":{"line":2,"column":0},"end":{"line":2,"column":29}},"2":{"start":{"line":11,"column":32},"end":{"line":129,"column":1}},"3":{"start":{"line":12,"column":44},"end":{"line":17,"column":4}},"4":{"start":{"line":18,"column":40},"end":{"line":18,"column":60}},"5":{"start":{"line":20,"column":25},"end":{"line":76,"column":3}},"6":{"start":{"line":21,"column":16},"end":{"line":21,"column":26}},"7":{"start":{"line":22,"column":24},"end":{"line":22,"column":38}},"8":{"start":{"line":23,"column":27},"end":{"line":23,"column":43}},"9":{"start":{"line":26,"column":33},"end":{"line":26,"column":66}},"10":{"start":{"line":27,"column":27},"end":{"line":27,"column":39}},"11":{"start":{"line":28,"column":25},"end":{"line":28,"column":31}},"12":{"start":{"line":31,"column":24},"end":{"line":31,"column":101}},"13":{"start":{"line":33,"column":4},"end":{"line":75,"column":5}},"14":{"start":{"line":34,"column":32},"end":{"line":36,"column":74}},"15":{"start":{"line":38,"column":6},"end":{"line":43,"column":8}},"16":{"start":{"line":45,"column":23},"end":{"line":45,"column":66}},"17":{"start":{"line":46,"column":27},"end":{"line":46,"column":29}},"18":{"start":{"line":48,"column":6},"end":{"line":67,"column":7}},"19":{"start":{"line":50,"column":8},"end":{"line":50,"column":71}},"20":{"start":{"line":51,"column":8},"end":{"line":51,"column":107}},"21":{"start":{"line":52,"column":13},"end":{"line":67,"column":7}},"22":{"start":{"line":54,"column":8},"end":{"line":54,"column":67}},"23":{"start":{"line":55,"column":8},"end":{"line":55,"column":124}},"24":{"start":{"line":56,"column":13},"end":{"line":67,"column":7}},"25":{"start":{"line":58,"column":8},"end":{"line":58,"column":64}},"26":{"start":{"line":59,"column":8},"end":{"line":59,"column":116}},"27":{"start":{"line":60,"column":13},"end":{"line":67,"column":7}},"28":{"start":{"line":62,"column":8},"end":{"line":62,"column":67}},"29":{"start":{"line":63,"column":8},"end":{"line":63,"column":102}},"30":{"start":{"line":65,"column":8},"end":{"line":65,"column":63}},"31":{"start":{"line":66,"column":8},"end":{"line":66,"column":99}},"32":{"start":{"line":69,"column":6},"end":{"line":74,"column":8}},"33":{"start":{"line":78,"column":2},"end":{"line":97,"column":9}},"34":{"start":{"line":80,"column":4},"end":{"line":80,"column":39}},"35":{"start":{"line":81,"column":4},"end":{"line":81,"column":31}},"36":{"start":{"line":84,"column":27},"end":{"line":86,"column":13}},"37":{"start":{"line":85,"column":6},"end":{"line":85,"column":41}},"38":{"start":{"line":89,"column":25},"end":{"line":91,"column":12}},"39":{"start":{"line":90,"column":6},"end":{"line":90,"column":33}},"40":{"start":{"line":93,"column":4},"end":{"line":96,"column":6}},"41":{"start":{"line":94,"column":6},"end":{"line":94,"column":36}},"42":{"start":{"line":95,"column":6},"end":{"line":95,"column":34}},"43":{"start":{"line":100,"column":21},"end":{"line":107,"column":3}},"44":{"start":{"line":101,"column":4},"end":{"line":106,"column":7}},"45":{"start":{"line":109,"column":2},"end":{"line":128,"column":4}},"46":{"start":{"line":131,"column":0},"end":{"line":131,"column":29}}},"fnMap":{"0":{"name":"(anonymous_0)","decl":{"start":{"line":11,"column":32},"end":{"line":11,"column":35}},"loc":{"start":{"line":11,"column":37},"end":{"line":129,"column":1}}},"1":{"name":"(anonymous_1)","decl":{"start":{"line":20,"column":25},"end":{"line":20,"column":40}},"loc":{"start":{"line":20,"column":42},"end":{"line":76,"column":3}}},"2":{"name":"(anonymous_2)","decl":{"start":{"line":78,"column":12},"end":{"line":78,"column":15}},"loc":{"start":{"line":78,"column":17},"end":{"line":97,"column":3}}},"3":{"name":"(anonymous_3)","decl":{"start":{"line":84,"column":39},"end":{"line":84,"column":42}},"loc":{"start":{"line":84,"column":44},"end":{"line":86,"column":5}}},"4":{"name":"(anonymous_4)","decl":{"start":{"line":89,"column":37},"end":{"line":89,"column":40}},"loc":{"start":{"line":89,"column":42},"end":{"line":91,"column":5}}},"5":{"name":"(anonymous_5)","decl":{"start":{"line":93,"column":11},"end":{"line":93,"column":14}},"loc":{"start":{"line":93,"column":16},"end":{"line":96,"column":5}}},"6":{"name":"(anonymous_6)","decl":{"start":{"line":100,"column":21},"end":{"line":100,"column":22}},"loc":{"start":{"line":100,"column":36},"end":{"line":107,"column":3}}}},"branchMap":{"0":{"loc":{"start":{"line":31,"column":24},"end":{"line":31,"column":101}},"type":"binary-expr","locations":[{"start":{"line":31,"column":24},"end":{"line":31,"column":62}},{"start":{"line":31,"column":66},"end":{"line":31,"column":101}}]},"1":{"loc":{"start":{"line":33,"column":4},"end":{"line":75,"column":5}},"type":"if","locations":[{"start":{"line":33,"column":4},"end":{"line":75,"column":5}},{"start":{"line":44,"column":11},"end":{"line":75,"column":5}}]},"2":{"loc":{"start":{"line":34,"column":32},"end":{"line":36,"column":74}},"type":"cond-expr","locations":[{"start":{"line":35,"column":10},"end":{"line":35,"column":64}},{"start":{"line":36,"column":10},"end":{"line":36,"column":74}}]},"3":{"loc":{"start":{"line":48,"column":6},"end":{"line":67,"column":7}},"type":"if","locations":[{"start":{"line":48,"column":6},"end":{"line":67,"column":7}},{"start":{"line":52,"column":13},"end":{"line":67,"column":7}}]},"4":{"loc":{"start":{"line":48,"column":10},"end":{"line":48,"column":76}},"type":"binary-expr","locations":[{"start":{"line":48,"column":10},"end":{"line":48,"column":41}},{"start":{"line":48,"column":45},"end":{"line":48,"column":76}}]},"5":{"loc":{"start":{"line":52,"column":13},"end":{"line":67,"column":7}},"type":"if","locations":[{"start":{"line":52,"column":13},"end":{"line":67,"column":7}},{"start":{"line":56,"column":13},"end":{"line":67,"column":7}}]},"6":{"loc":{"start":{"line":52,"column":17},"end":{"line":52,"column":82}},"type":"binary-expr","locations":[{"start":{"line":52,"column":17},"end":{"line":52,"column":47}},{"start":{"line":52,"column":51},"end":{"line":52,"column":82}}]},"7":{"loc":{"start":{"line":56,"column":13},"end":{"line":67,"column":7}},"type":"if","locations":[{"start":{"line":56,"column":13},"end":{"line":67,"column":7}},{"start":{"line":60,"column":13},"end":{"line":67,"column":7}}]},"8":{"loc":{"start":{"line":56,"column":17},"end":{"line":56,"column":83}},"type":"binary-expr","locations":[{"start":{"line":56,"column":17},"end":{"line":56,"column":48}},{"start":{"line":56,"column":52},"end":{"line":56,"column":83}}]},"9":{"loc":{"start":{"line":60,"column":13},"end":{"line":67,"column":7}},"type":"if","locations":[{"start":{"line":60,"column":13},"end":{"line":67,"column":7}},{"start":{"line":64,"column":13},"end":{"line":67,"column":7}}]},"10":{"loc":{"start":{"line":60,"column":17},"end":{"line":60,"column":83}},"type":"binary-expr","locations":[{"start":{"line":60,"column":17},"end":{"line":60,"column":48}},{"start":{"line":60,"column":52},"end":{"line":60,"column":83}}]},"11":{"loc":{"start":{"line":110,"column":39},"end":{"line":110,"column":92}},"type":"cond-expr","locations":[{"start":{"line":110,"column":67},"end":{"line":110,"column":79}},{"start":{"line":110,"column":82},"end":{"line":110,"column":92}}]}},"s":{"0":0,"1":0,"2":0,"3":0,"4":0,"5":0,"6":0,"7":0,"8":0,"9":0,"10":0,"11":0,"12":0,"13":0,"14":0,"15":0,"16":0,"17":0,"18":0,"19":0,"20":0,"21":0,"22":0,"23":0,"24":0,"25":0,"26":0,"27":0,"28":0,"29":0,"30":0,"31":0,"32":0,"33":0,"34":0,"35":0,"36":0,"37":0,"38":0,"39":0,"40":0,"41":0,"42":0,"43":0,"44":0,"45":0,"46":0},"f":{"0":0,"1":0,"2":0,"3":0,"4":0,"5":0,"6":0},"b":{"0":[0,0],"1":[0,0],"2":[0,0],"3":[0,0],"4":[0,0],"5":[0,0],"6":[0,0],"7":[0,0],"8":[0,0],"9":[0,0],"10":[0,0],"11":[0,0]}}
,"/Users/dhiraj/shahapur-sahayak/frontend/src/components/SafetyMap.tsx": {"path":"/Users/dhiraj/shahapur-sahayak/frontend/src/components/SafetyMap.tsx","statementMap":{"0":{"start":{"line":1,"column":0},"end":{"line":1,"column":40}},"1":{"start":{"line":2,"column":0},"end":{"line":2,"column":89}},"2":{"start":{"line":3,"column":0},"end":{"line":3,"column":24}},"3":{"start":{"line":4,"column":0},"end":{"line":4,"column":34}},"4":{"start":{"line":5,"column":0},"end":{"line":5,"column":25}},"5":{"start":{"line":8,"column":0},"end":{"line":8,"column":53}},"6":{"start":{"line":9,"column":0},"end":{"line":13,"column":3}},"7":{"start":{"line":16,"column":42},"end":{"line":16,"column":56}},"8":{"start":{"line":17,"column":17},"end":{"line":17,"column":19}},"9":{"start":{"line":20,"column":21},"end":{"line":45,"column":2}},"10":{"start":{"line":48,"column":20},"end":{"line":63,"column":2}},"11":{"start":{"line":66,"column":18},"end":{"line":74,"column":2}},"12":{"start":{"line":76,"column":28},"end":{"line":199,"column":1}},"13":{"start":{"line":77,"column":36},"end":{"line":77,"column":51}},"14":{"start":{"line":79,"column":24},"end":{"line":81,"column":3}},"15":{"start":{"line":80,"column":4},"end":{"line":80,"column":23}},"16":{"start":{"line":83,"column":2},"end":{"line":198,"column":4}},"17":{"start":{"line":106,"column":12},"end":{"line":106,"column":38}},"18":{"start":{"line":119,"column":12},"end":{"line":120,"column":null}},"19":{"start":{"line":145,"column":12},"end":{"line":146,"column":null}},"20":{"start":{"line":201,"column":0},"end":{"line":201,"column":25}}},"fnMap":{"0":{"name":"(anonymous_1)","decl":{"start":{"line":76,"column":28},"end":{"line":76,"column":31}},"loc":{"start":{"line":76,"column":33},"end":{"line":199,"column":1}}},"1":{"name":"(anonymous_2)","decl":{"start":{"line":79,"column":24},"end":{"line":79,"column":27}},"loc":{"start":{"line":79,"column":29},"end":{"line":81,"column":3}}},"2":{"name":"(anonymous_3)","decl":{"start":{"line":105,"column":25},"end":{"line":105,"column":26}},"loc":{"start":{"line":106,"column":12},"end":{"line":106,"column":38}}},"3":{"name":"(anonymous_4)","decl":{"start":{"line":118,"column":28},"end":{"line":118,"column":29}},"loc":{"start":{"line":119,"column":12},"end":{"line":120,"column":null}}},"4":{"name":"(anonymous_5)","decl":{"start":{"line":144,"column":27},"end":{"line":144,"column":28}},"loc":{"start":{"line":145,"column":12},"end":{"line":146,"column":null}}}},"branchMap":{"0":{"loc":{"start":{"line":168,"column":9},"end":{"line":172,"column":null}},"type":"binary-expr","locations":[{"start":{"line":168,"column":9},"end":{"line":168,"column":19}},{"start":{"line":169,"column":10},"end":{"line":171,"column":null}}]}},"s":{"0":1,"1":1,"2":1,"3":1,"4":1,"5":1,"6":1,"7":1,"8":1,"9":1,"10":1,"11":1,"12":1,"13":9,"14":9,"15":0,"16":9,"17":9,"18":18,"19":9,"20":1},"f":{"0":9,"1":0,"2":9,"3":18,"4":9},"b":{"0":[9,9]}}
,"/Users/dhiraj/shahapur-sahayak/frontend/src/components/SafetyRouter.tsx": {"path":"/Users/dhiraj/shahapur-sahayak/frontend/src/components/SafetyRouter.tsx","statementMap":{"0":{"start":{"line":1,"column":0},"end":{"line":1,"column":40}},"1":{"start":{"line":2,"column":0},"end":{"line":2,"column":59}},"2":{"start":{"line":3,"column":0},"end":{"line":3,"column":54}},"3":{"start":{"line":5,"column":0},"end":{"line":5,"column":28}},"4":{"start":{"line":7,"column":31},"end":{"line":134,"column":1}},"5":{"start":{"line":8,"column":50},"end":{"line":8,"column":70}},"6":{"start":{"line":9,"column":42},"end":{"line":9,"column":77}},"7":{"start":{"line":10,"column":42},"end":{"line":10,"column":66}},"8":{"start":{"line":11,"column":28},"end":{"line":11,"column":48}},"9":{"start":{"line":13,"column":31},"end":{"line":46,"column":3}},"10":{"start":{"line":14,"column":23},"end":{"line":14,"column":41}},"11":{"start":{"line":15,"column":4},"end":{"line":15,"column":36}},"12":{"start":{"line":18,"column":4},"end":{"line":20,"column":5}},"13":{"start":{"line":19,"column":6},"end":{"line":19,"column":19}},"14":{"start":{"line":22,"column":4},"end":{"line":45,"column":5}},"15":{"start":{"line":23,"column":6},"end":{"line":23,"column":28}},"16":{"start":{"line":25,"column":6},"end":{"line":41,"column":7}},"17":{"start":{"line":27,"column":8},"end":{"line":36,"column":16}},"18":{"start":{"line":28,"column":25},"end":{"line":28,"column":61}},"19":{"start":{"line":29,"column":10},"end":{"line":34,"column":11}},"20":{"start":{"line":30,"column":12},"end":{"line":30,"column":36}},"21":{"start":{"line":32,"column":12},"end":{"line":32,"column":84}},"22":{"start":{"line":33,"column":12},"end":{"line":33,"column":34}},"23":{"start":{"line":35,"column":10},"end":{"line":35,"column":33}},"24":{"start":{"line":38,"column":8},"end":{"line":38,"column":96}},"25":{"start":{"line":39,"column":8},"end":{"line":39,"column":30}},"26":{"start":{"line":40,"column":8},"end":{"line":40,"column":31}},"27":{"start":{"line":43,"column":6},"end":{"line":43,"column":28}},"28":{"start":{"line":44,"column":6},"end":{"line":44,"column":29}},"29":{"start":{"line":48,"column":22},"end":{"line":53,"column":3}},"30":{"start":{"line":49,"column":4},"end":{"line":49,"column":28}},"31":{"start":{"line":50,"column":4},"end":{"line":50,"column":26}},"32":{"start":{"line":51,"column":4},"end":{"line":51,"column":17}},"33":{"start":{"line":52,"column":4},"end":{"line":52,"column":27}},"34":{"start":{"line":55,"column":2},"end":{"line":133,"column":4}},"35":{"start":{"line":72,"column":14},"end":{"line":72,"column":40}},"36":{"start":{"line":136,"column":0},"end":{"line":136,"column":28}}},"fnMap":{"0":{"name":"(anonymous_0)","decl":{"start":{"line":7,"column":31},"end":{"line":7,"column":34}},"loc":{"start":{"line":7,"column":36},"end":{"line":134,"column":1}}},"1":{"name":"(anonymous_1)","decl":{"start":{"line":13,"column":31},"end":{"line":13,"column":32}},"loc":{"start":{"line":13,"column":79},"end":{"line":46,"column":3}}},"2":{"name":"(anonymous_2)","decl":{"start":{"line":27,"column":19},"end":{"line":27,"column":22}},"loc":{"start":{"line":27,"column":24},"end":{"line":36,"column":9}}},"3":{"name":"(anonymous_3)","decl":{"start":{"line":48,"column":22},"end":{"line":48,"column":25}},"loc":{"start":{"line":48,"column":27},"end":{"line":53,"column":3}}},"4":{"name":"(anonymous_4)","decl":{"start":{"line":71,"column":55},"end":{"line":71,"column":56}},"loc":{"start":{"line":72,"column":14},"end":{"line":72,"column":40}}}},"branchMap":{"0":{"loc":{"start":{"line":18,"column":4},"end":{"line":20,"column":5}},"type":"if","locations":[{"start":{"line":18,"column":4},"end":{"line":20,"column":5}},{"start":{},"end":{}}]},"1":{"loc":{"start":{"line":22,"column":4},"end":{"line":45,"column":5}},"type":"if","locations":[{"start":{"line":22,"column":4},"end":{"line":45,"column":5}},{"start":{"line":42,"column":11},"end":{"line":45,"column":5}}]},"2":{"loc":{"start":{"line":29,"column":10},"end":{"line":34,"column":11}},"type":"if","locations":[{"start":{"line":29,"column":10},"end":{"line":34,"column":11}},{"start":{"line":31,"column":17},"end":{"line":34,"column":11}}]},"3":{"loc":{"start":{"line":67,"column":44},"end":{"line":67,"column":64}},"type":"cond-expr","locations":[{"start":{"line":67,"column":52},"end":{"line":67,"column":59}},{"start":{"line":67,"column":62},"end":{"line":67,"column":64}}]},"4":{"loc":{"start":{"line":78,"column":11},"end":{"line":86,"column":null}},"type":"binary-expr","locations":[{"start":{"line":78,"column":11},"end":{"line":78,"column":27}},{"start":{"line":79,"column":12},"end":{"line":83,"column":null}}]},"5":{"loc":{"start":{"line":90,"column":9},"end":{"line":94,"column":null}},"type":"binary-expr","locations":[{"start":{"line":90,"column":9},"end":{"line":90,"column":14}},{"start":{"line":91,"column":10},"end":{"line":93,"column":null}}]},"6":{"loc":{"start":{"line":97,"column":9},"end":{"line":101,"column":null}},"type":"binary-expr","locations":[{"start":{"line":97,"column":9},"end":{"line":97,"column":21}},{"start":{"line":98,"column":10},"end":{"line":99,"column":null}}]},"7":{"loc":{"start":{"line":105,"column":7},"end":{"line":124,"column":null}},"type":"binary-expr","locations":[{"start":{"line":105,"column":7},"end":{"line":105,"column":19}},{"start":{"line":105,"column":23},"end":{"line":105,"column":36}},{"start":{"line":106,"column":8},"end":{"line":123,"column":null}}]},"8":{"loc":{"start":{"line":106,"column":41},"end":{"line":106,"column":93}},"type":"cond-expr","locations":[{"start":{"line":106,"column":66},"end":{"line":106,"column":79}},{"start":{"line":106,"column":82},"end":{"line":106,"column":93}}]},"9":{"loc":{"start":{"line":110,"column":17},"end":{"line":110,"column":52}},"type":"cond-expr","locations":[{"start":{"line":110,"column":42},"end":{"line":110,"column":46}},{"start":{"line":110,"column":49},"end":{"line":110,"column":52}}]},"10":{"loc":{"start":{"line":116,"column":13},"end":{"line":121,"column":null}},"type":"binary-expr","locations":[{"start":{"line":116,"column":13},"end":{"line":116,"column":35}},{"start":{"line":117,"column":14},"end":{"line":120,"column":null}}]},"11":{"loc":{"start":{"line":127,"column":7},"end":{"line":130,"column":null}},"type":"binary-expr","locations":[{"start":{"line":127,"column":7},"end":{"line":127,"column":24}},{"start":{"line":127,"column":28},"end":{"line":127,"column":41}},{"start":{"line":128,"column":8},"end":{"line":129,"column":null}}]}},"s":{"0":1,"1":1,"2":1,"3":1,"4":1,"5":90,"6":90,"7":90,"8":90,"9":90,"10":30,"11":30,"12":30,"13":0,"14":30,"15":30,"16":30,"17":30,"18":30,"19":30,"20":30,"21":0,"22":0,"23":30,"24":0,"25":0,"26":0,"27":0,"28":0,"29":90,"30":0,"31":0,"32":0,"33":0,"34":90,"35":990,"36":1},"f":{"0":90,"1":30,"2":30,"3":0,"4":990},"b":{"0":[0,30],"1":[30,0],"2":[30,0],"3":[0,90],"4":[90,60],"5":[90,0],"6":[90,30],"7":[90,30,30],"8":[14,16],"9":[14,16],"10":[30,14],"11":[90,30,30]}}
,"/Users/dhiraj/shahapur-sahayak/frontend/src/components/ShoppingOptimizer.tsx": {"path":"/Users/dhiraj/shahapur-sahayak/frontend/src/components/ShoppingOptimizer.tsx","statementMap":{"0":{"start":{"line":1,"column":0},"end":{"line":1,"column":73}},"1":{"start":{"line":2,"column":0},"end":{"line":2,"column":57}},"2":{"start":{"line":3,"column":0},"end":{"line":3,"column":106}},"3":{"start":{"line":4,"column":0},"end":{"line":4,"column":81}},"4":{"start":{"line":5,"column":0},"end":{"line":5,"column":91}},"5":{"start":{"line":7,"column":0},"end":{"line":7,"column":38}},"6":{"start":{"line":8,"column":0},"end":{"line":8,"column":38}},"7":{"start":{"line":9,"column":0},"end":{"line":9,"column":33}},"8":{"start":{"line":11,"column":36},"end":{"line":336,"column":1}},"9":{"start":{"line":12,"column":36},"end":{"line":12,"column":56}},"10":{"start":{"line":13,"column":32},"end":{"line":13,"column":73}},"11":{"start":{"line":14,"column":42},"end":{"line":14,"column":66}},"12":{"start":{"line":15,"column":28},"end":{"line":15,"column":48}},"13":{"start":{"line":16,"column":40},"end":{"line":16,"column":64}},"14":{"start":{"line":17,"column":42},"end":{"line":17,"column":66}},"15":{"start":{"line":20,"column":29},"end":{"line":20,"column":61}},"16":{"start":{"line":23,"column":26},"end":{"line":23,"column":74}},"17":{"start":{"line":23,"column":40},"end":{"line":23,"column":69}},"18":{"start":{"line":26,"column":2},"end":{"line":46,"column":9}},"19":{"start":{"line":28,"column":4},"end":{"line":28,"column":39}},"20":{"start":{"line":31,"column":4},"end":{"line":31,"column":43}},"21":{"start":{"line":34,"column":41},"end":{"line":37,"column":5}},"22":{"start":{"line":35,"column":6},"end":{"line":35,"column":75}},"23":{"start":{"line":39,"column":4},"end":{"line":39,"column":92}},"24":{"start":{"line":41,"column":4},"end":{"line":45,"column":6}},"25":{"start":{"line":42,"column":6},"end":{"line":42,"column":40}},"26":{"start":{"line":43,"column":6},"end":{"line":43,"column":44}},"27":{"start":{"line":44,"column":6},"end":{"line":44,"column":97}},"28":{"start":{"line":49,"column":2},"end":{"line":67,"column":27}},"29":{"start":{"line":50,"column":4},"end":{"line":66,"column":6}},"30":{"start":{"line":51,"column":6},"end":{"line":65,"column":7}},"31":{"start":{"line":52,"column":8},"end":{"line":52,"column":39}},"32":{"start":{"line":55,"column":24},"end":{"line":55,"column":72}},"33":{"start":{"line":56,"column":32},"end":{"line":56,"column":71}},"34":{"start":{"line":58,"column":8},"end":{"line":58,"column":55}},"35":{"start":{"line":59,"column":8},"end":{"line":59,"column":60}},"36":{"start":{"line":60,"column":8},"end":{"line":60,"column":68}},"37":{"start":{"line":61,"column":8},"end":{"line":61,"column":55}},"38":{"start":{"line":62,"column":8},"end":{"line":62,"column":63}},"39":{"start":{"line":63,"column":8},"end":{"line":63,"column":57}},"40":{"start":{"line":64,"column":8},"end":{"line":64,"column":27}},"41":{"start":{"line":70,"column":26},"end":{"line":86,"column":17}},"42":{"start":{"line":71,"column":25},"end":{"line":71,"column":41}},"43":{"start":{"line":72,"column":4},"end":{"line":74,"column":5}},"44":{"start":{"line":73,"column":6},"end":{"line":73,"column":95}},"45":{"start":{"line":77,"column":26},"end":{"line":78,"column":null}},"46":{"start":{"line":78,"column":6},"end":{"line":78,"column":60}},"47":{"start":{"line":81,"column":4},"end":{"line":83,"column":5}},"48":{"start":{"line":82,"column":6},"end":{"line":82,"column":108}},"49":{"start":{"line":85,"column":4},"end":{"line":85,"column":40}},"50":{"start":{"line":89,"column":35},"end":{"line":105,"column":26}},"51":{"start":{"line":90,"column":22},"end":{"line":90,"column":39}},"52":{"start":{"line":91,"column":4},"end":{"line":91,"column":51}},"53":{"start":{"line":93,"column":19},"end":{"line":93,"column":46}},"54":{"start":{"line":95,"column":21},"end":{"line":95,"column":65}},"55":{"start":{"line":96,"column":26},"end":{"line":96,"column":55}},"56":{"start":{"line":99,"column":4},"end":{"line":99,"column":82}},"57":{"start":{"line":102,"column":4},"end":{"line":102,"column":60}},"58":{"start":{"line":104,"column":4},"end":{"line":104,"column":18}},"59":{"start":{"line":107,"column":28},"end":{"line":128,"column":22}},"60":{"start":{"line":108,"column":22},"end":{"line":108,"column":39}},"61":{"start":{"line":110,"column":18},"end":{"line":110,"column":36}},"62":{"start":{"line":111,"column":4},"end":{"line":111,"column":24}},"63":{"start":{"line":114,"column":4},"end":{"line":116,"column":5}},"64":{"start":{"line":115,"column":6},"end":{"line":115,"column":19}},"65":{"start":{"line":119,"column":4},"end":{"line":123,"column":5}},"66":{"start":{"line":120,"column":6},"end":{"line":120,"column":23}},"67":{"start":{"line":121,"column":6},"end":{"line":121,"column":28}},"68":{"start":{"line":122,"column":6},"end":{"line":122,"column":29}},"69":{"start":{"line":126,"column":21},"end":{"line":126,"column":50}},"70":{"start":{"line":127,"column":4},"end":{"line":127,"column":75}},"71":{"start":{"line":130,"column":25},"end":{"line":168,"column":60}},"72":{"start":{"line":132,"column":4},"end":{"line":135,"column":5}},"73":{"start":{"line":133,"column":6},"end":{"line":133,"column":38}},"74":{"start":{"line":134,"column":6},"end":{"line":134,"column":13}},"75":{"start":{"line":137,"column":4},"end":{"line":137,"column":26}},"76":{"start":{"line":138,"column":4},"end":{"line":138,"column":17}},"77":{"start":{"line":140,"column":4},"end":{"line":167,"column":5}},"78":{"start":{"line":142,"column":6},"end":{"line":163,"column":9}},"79":{"start":{"line":144,"column":32},"end":{"line":144,"column":70}},"80":{"start":{"line":146,"column":8},"end":{"line":162,"column":28}},"81":{"start":{"line":147,"column":37},"end":{"line":147,"column":79}},"82":{"start":{"line":148,"column":10},"end":{"line":148,"column":41}},"83":{"start":{"line":149,"column":10},"end":{"line":149,"column":33}},"84":{"start":{"line":152,"column":10},"end":{"line":161,"column":11}},"85":{"start":{"line":153,"column":12},"end":{"line":156,"column":15}},"86":{"start":{"line":154,"column":14},"end":{"line":154,"column":57}},"87":{"start":{"line":154,"column":31},"end":{"line":154,"column":51}},"88":{"start":{"line":155,"column":14},"end":{"line":155,"column":87}},"89":{"start":{"line":155,"column":31},"end":{"line":155,"column":52}},"90":{"start":{"line":159,"column":12},"end":{"line":159,"column":33}},"91":{"start":{"line":160,"column":12},"end":{"line":160,"column":34}},"92":{"start":{"line":165,"column":6},"end":{"line":165,"column":91}},"93":{"start":{"line":166,"column":6},"end":{"line":166,"column":29}},"94":{"start":{"line":170,"column":25},"end":{"line":175,"column":22}},"95":{"start":{"line":171,"column":4},"end":{"line":174,"column":5}},"96":{"start":{"line":172,"column":6},"end":{"line":172,"column":29}},"97":{"start":{"line":173,"column":6},"end":{"line":173,"column":23}},"98":{"start":{"line":177,"column":2},"end":{"line":335,"column":4}},"99":{"start":{"line":275,"column":20},"end":{"line":276,"column":null}},"100":{"start":{"line":306,"column":20},"end":{"line":307,"column":null}},"101":{"start":{"line":338,"column":0},"end":{"line":338,"column":33}}},"fnMap":{"0":{"name":"(anonymous_1)","decl":{"start":{"line":11,"column":36},"end":{"line":11,"column":39}},"loc":{"start":{"line":11,"column":41},"end":{"line":336,"column":1}}},"1":{"name":"(anonymous_2)","decl":{"start":{"line":23,"column":34},"end":{"line":23,"column":37}},"loc":{"start":{"line":23,"column":40},"end":{"line":23,"column":69}}},"2":{"name":"(anonymous_3)","decl":{"start":{"line":26,"column":12},"end":{"line":26,"column":15}},"loc":{"start":{"line":26,"column":17},"end":{"line":46,"column":3}}},"3":{"name":"(anonymous_4)","decl":{"start":{"line":34,"column":41},"end":{"line":34,"column":44}},"loc":{"start":{"line":34,"column":46},"end":{"line":37,"column":5}}},"4":{"name":"(anonymous_5)","decl":{"start":{"line":41,"column":11},"end":{"line":41,"column":14}},"loc":{"start":{"line":41,"column":16},"end":{"line":45,"column":5}}},"5":{"name":"(anonymous_6)","decl":{"start":{"line":49,"column":12},"end":{"line":49,"column":15}},"loc":{"start":{"line":49,"column":17},"end":{"line":67,"column":3}}},"6":{"name":"(anonymous_7)","decl":{"start":{"line":50,"column":11},"end":{"line":50,"column":14}},"loc":{"start":{"line":50,"column":16},"end":{"line":66,"column":5}}},"7":{"name":"(anonymous_8)","decl":{"start":{"line":70,"column":34},"end":{"line":70,"column":37}},"loc":{"start":{"line":70,"column":39},"end":{"line":86,"column":3}}},"8":{"name":"(anonymous_9)","decl":{"start":{"line":77,"column":59},"end":{"line":77,"column":63}},"loc":{"start":{"line":78,"column":6},"end":{"line":78,"column":60}}},"9":{"name":"(anonymous_10)","decl":{"start":{"line":89,"column":47},"end":{"line":89,"column":48}},"loc":{"start":{"line":89,"column":65},"end":{"line":105,"column":3}}},"10":{"name":"(anonymous_11)","decl":{"start":{"line":107,"column":40},"end":{"line":107,"column":41}},"loc":{"start":{"line":107,"column":90},"end":{"line":128,"column":3}}},"11":{"name":"(anonymous_12)","decl":{"start":{"line":130,"column":37},"end":{"line":130,"column":40}},"loc":{"start":{"line":130,"column":42},"end":{"line":168,"column":3}}},"12":{"name":"(anonymous_13)","decl":{"start":{"line":142,"column":28},"end":{"line":142,"column":31}},"loc":{"start":{"line":142,"column":33},"end":{"line":163,"column":7}}},"13":{"name":"(anonymous_14)","decl":{"start":{"line":146,"column":19},"end":{"line":146,"column":22}},"loc":{"start":{"line":146,"column":24},"end":{"line":162,"column":9}}},"14":{"name":"(anonymous_15)","decl":{"start":{"line":153,"column":34},"end":{"line":153,"column":37}},"loc":{"start":{"line":153,"column":39},"end":{"line":156,"column":13}}},"15":{"name":"(anonymous_16)","decl":{"start":{"line":154,"column":25},"end":{"line":154,"column":28}},"loc":{"start":{"line":154,"column":31},"end":{"line":154,"column":51}}},"16":{"name":"(anonymous_17)","decl":{"start":{"line":155,"column":25},"end":{"line":155,"column":28}},"loc":{"start":{"line":155,"column":31},"end":{"line":155,"column":52}}},"17":{"name":"(anonymous_18)","decl":{"start":{"line":170,"column":37},"end":{"line":170,"column":38}},"loc":{"start":{"line":170,"column":89},"end":{"line":175,"column":3}}},"18":{"name":"(anonymous_19)","decl":{"start":{"line":274,"column":41},"end":{"line":274,"column":42}},"loc":{"start":{"line":275,"column":20},"end":{"line":276,"column":null}}},"19":{"name":"(anonymous_20)","decl":{"start":{"line":305,"column":42},"end":{"line":305,"column":43}},"loc":{"start":{"line":306,"column":20},"end":{"line":307,"column":null}}}},"branchMap":{"0":{"loc":{"start":{"line":51,"column":6},"end":{"line":65,"column":7}},"type":"if","locations":[{"start":{"line":51,"column":6},"end":{"line":65,"column":7}},{"start":{},"end":{}}]},"1":{"loc":{"start":{"line":72,"column":4},"end":{"line":74,"column":5}},"type":"if","locations":[{"start":{"line":72,"column":4},"end":{"line":74,"column":5}},{"start":{},"end":{}}]},"2":{"loc":{"start":{"line":78,"column":6},"end":{"line":78,"column":60}},"type":"binary-expr","locations":[{"start":{"line":78,"column":6},"end":{"line":78,"column":28}},{"start":{"line":78,"column":32},"end":{"line":78,"column":60}}]},"3":{"loc":{"start":{"line":81,"column":4},"end":{"line":83,"column":5}},"type":"if","locations":[{"start":{"line":81,"column":4},"end":{"line":83,"column":5}},{"start":{},"end":{}}]},"4":{"loc":{"start":{"line":114,"column":4},"end":{"line":116,"column":5}},"type":"if","locations":[{"start":{"line":114,"column":4},"end":{"line":116,"column":5}},{"start":{},"end":{}}]},"5":{"loc":{"start":{"line":119,"column":4},"end":{"line":123,"column":5}},"type":"if","locations":[{"start":{"line":119,"column":4},"end":{"line":123,"column":5}},{"start":{},"end":{}}]},"6":{"loc":{"start":{"line":132,"column":4},"end":{"line":135,"column":5}},"type":"if","locations":[{"start":{"line":132,"column":4},"end":{"line":135,"column":5}},{"start":{},"end":{}}]},"7":{"loc":{"start":{"line":144,"column":32},"end":{"line":144,"column":70}},"type":"cond-expr","locations":[{"start":{"line":144,"column":61},"end":{"line":144,"column":64}},{"start":{"line":144,"column":67},"end":{"line":144,"column":70}}]},"8":{"loc":{"start":{"line":152,"column":10},"end":{"line":161,"column":11}},"type":"if","locations":[{"start":{"line":152,"column":10},"end":{"line":161,"column":11}},{"start":{"line":157,"column":17},"end":{"line":161,"column":11}}]},"9":{"loc":{"start":{"line":171,"column":4},"end":{"line":174,"column":5}},"type":"if","locations":[{"start":{"line":171,"column":4},"end":{"line":174,"column":5}},{"start":{},"end":{}}]},"10":{"loc":{"start":{"line":171,"column":8},"end":{"line":171,"column":46}},"type":"binary-expr","locations":[{"start":{"line":171,"column":8},"end":{"line":171,"column":29}},{"start":{"line":171,"column":33},"end":{"line":171,"column":46}}]},"11":{"loc":{"start":{"line":196,"column":39},"end":{"line":196,"column":59}},"type":"cond-expr","locations":[{"start":{"line":196,"column":47},"end":{"line":196,"column":54}},{"start":{"line":196,"column":57},"end":{"line":196,"column":59}}]},"12":{"loc":{"start":{"line":198,"column":28},"end":{"line":198,"column":66}},"type":"cond-expr","locations":[{"start":{"line":198,"column":36},"end":{"line":198,"column":51}},{"start":{"line":198,"column":54},"end":{"line":198,"column":66}}]},"13":{"loc":{"start":{"line":199,"column":24},"end":{"line":199,"column":48}},"type":"cond-expr","locations":[{"start":{"line":199,"column":32},"end":{"line":199,"column":38}},{"start":{"line":199,"column":41},"end":{"line":199,"column":48}}]},"14":{"loc":{"start":{"line":202,"column":9},"end":{"line":211,"column":null}},"type":"binary-expr","locations":[{"start":{"line":202,"column":9},"end":{"line":202,"column":14}},{"start":{"line":203,"column":10},"end":{"line":210,"column":null}}]},"15":{"loc":{"start":{"line":216,"column":40},"end":{"line":216,"column":72}},"type":"cond-expr","locations":[{"start":{"line":216,"column":55},"end":{"line":216,"column":67}},{"start":{"line":216,"column":70},"end":{"line":216,"column":72}}]},"16":{"loc":{"start":{"line":217,"column":20},"end":{"line":217,"column":60}},"type":"binary-expr","locations":[{"start":{"line":217,"column":20},"end":{"line":217,"column":32}},{"start":{"line":217,"column":36},"end":{"line":217,"column":60}}]},"17":{"loc":{"start":{"line":220,"column":11},"end":{"line":226,"column":null}},"type":"cond-expr","locations":[{"start":{"line":221,"column":12},"end":{"line":222,"column":null}},{"start":{"line":226,"column":12},"end":{"line":226,"column":36}}]},"18":{"loc":{"start":{"line":235,"column":7},"end":{"line":332,"column":null}},"type":"binary-expr","locations":[{"start":{"line":235,"column":7},"end":{"line":235,"column":14}},{"start":{"line":236,"column":8},"end":{"line":331,"column":null}}]},"19":{"loc":{"start":{"line":237,"column":40},"end":{"line":237,"column":85}},"type":"cond-expr","locations":[{"start":{"line":237,"column":54},"end":{"line":237,"column":80}},{"start":{"line":237,"column":83},"end":{"line":237,"column":85}}]},"20":{"loc":{"start":{"line":268,"column":15},"end":{"line":288,"column":null}},"type":"cond-expr","locations":[{"start":{"line":269,"column":16},"end":{"line":285,"column":null}},{"start":{"line":288,"column":16},"end":{"line":288,"column":48}}]},"21":{"loc":{"start":{"line":270,"column":43},"end":{"line":270,"column":85}},"type":"cond-expr","locations":[{"start":{"line":270,"column":58},"end":{"line":270,"column":80}},{"start":{"line":270,"column":83},"end":{"line":270,"column":85}}]},"22":{"loc":{"start":{"line":280,"column":40},"end":{"line":280,"column":81}},"type":"cond-expr","locations":[{"start":{"line":280,"column":55},"end":{"line":280,"column":73}},{"start":{"line":280,"column":76},"end":{"line":280,"column":81}}]},"23":{"loc":{"start":{"line":299,"column":15},"end":{"line":319,"column":null}},"type":"cond-expr","locations":[{"start":{"line":300,"column":16},"end":{"line":316,"column":null}},{"start":{"line":319,"column":16},"end":{"line":319,"column":49}}]},"24":{"loc":{"start":{"line":301,"column":43},"end":{"line":301,"column":85}},"type":"cond-expr","locations":[{"start":{"line":301,"column":58},"end":{"line":301,"column":80}},{"start":{"line":301,"column":83},"end":{"line":301,"column":85}}]},"25":{"loc":{"start":{"line":311,"column":40},"end":{"line":311,"column":81}},"type":"cond-expr","locations":[{"start":{"line":311,"column":55},"end":{"line":311,"column":73}},{"start":{"line":311,"column":76},"end":{"line":311,"column":81}}]}},"s":{"0":2,"1":2,"2":2,"3":2,"4":2,"5":2,"6":2,"7":2,"8":2,"9":1637,"10":1637,"11":1637,"12":1637,"13":1637,"14":1637,"15":1637,"16":1637,"17":469,"18":1637,"19":469,"20":469,"21":469,"22":0,"23":469,"24":469,"25":469,"26":469,"27":469,"28":1637,"29":469,"30":469,"31":0,"32":0,"33":0,"34":0,"35":0,"36":0,"37":0,"38":0,"39":0,"40":0,"41":1637,"42":1099,"43":1099,"44":502,"45":597,"46":604,"47":597,"48":24,"49":573,"50":1637,"51":369,"52":369,"53":369,"54":369,"55":369,"56":369,"57":369,"58":369,"59":1637,"60":630,"61":630,"62":630,"63":630,"64":0,"65":630,"66":0,"67":0,"68":0,"69":630,"70":630,"71":1637,"72":369,"73":0,"74":0,"75":369,"76":369,"77":369,"78":369,"79":369,"80":369,"81":369,"82":369,"83":369,"84":369,"85":369,"86":369,"87":367,"88":369,"89":367,"90":0,"91":0,"92":0,"93":0,"94":1637,"95":0,"96":0,"97":0,"98":1637,"99":31,"100":564,"101":2},"f":{"0":1637,"1":469,"2":469,"3":0,"4":469,"5":469,"6":469,"7":1099,"8":604,"9":369,"10":630,"11":369,"12":369,"13":369,"14":369,"15":367,"16":367,"17":0,"18":31,"19":564},"b":{"0":[0,469],"1":[502,597],"2":[604,599],"3":[24,573],"4":[0,630],"5":[0,630],"6":[0,369],"7":[0,369],"8":[369,0],"9":[0,0],"10":[0,0],"11":[0,1637],"12":[0,1637],"13":[0,1637],"14":[1637,0],"15":[573,1064],"16":[1637,1064],"17":[573,1064],"18":[1637,169],"19":[0,169],"20":[19,150],"21":[0,19],"22":[0,31],"23":[150,19],"24":[0,150],"25":[0,564]}}
,"/Users/dhiraj/shahapur-sahayak/frontend/src/components/StoreInfo.tsx": {"path":"/Users/dhiraj/shahapur-sahayak/frontend/src/components/StoreInfo.tsx","statementMap":{"0":{"start":{"line":1,"column":0},"end":{"line":1,"column":40}},"1":{"start":{"line":2,"column":0},"end":{"line":2,"column":42}},"2":{"start":{"line":3,"column":0},"end":{"line":3,"column":25}},"3":{"start":{"line":5,"column":28},"end":{"line":135,"column":1}},"4":{"start":{"line":6,"column":36},"end":{"line":6,"column":77}},"5":{"start":{"line":8,"column":26},"end":{"line":10,"column":3}},"6":{"start":{"line":9,"column":4},"end":{"line":9,"column":49}},"7":{"start":{"line":12,"column":24},"end":{"line":17,"column":3}},"8":{"start":{"line":13,"column":4},"end":{"line":16,"column":5}},"9":{"start":{"line":14,"column":6},"end":{"line":14,"column":29}},"10":{"start":{"line":15,"column":6},"end":{"line":15,"column":27}},"11":{"start":{"line":19,"column":2},"end":{"line":134,"column":4}},"12":{"start":{"line":29,"column":25},"end":{"line":29,"column":49}},"13":{"start":{"line":30,"column":28},"end":{"line":30,"column":53}},"14":{"start":{"line":42,"column":25},"end":{"line":42,"column":50}},"15":{"start":{"line":43,"column":28},"end":{"line":43,"column":54}},"16":{"start":{"line":119,"column":20},"end":{"line":119,"column":37}},"17":{"start":{"line":137,"column":0},"end":{"line":137,"column":25}}},"fnMap":{"0":{"name":"(anonymous_0)","decl":{"start":{"line":5,"column":28},"end":{"line":5,"column":31}},"loc":{"start":{"line":5,"column":33},"end":{"line":135,"column":1}}},"1":{"name":"(anonymous_1)","decl":{"start":{"line":8,"column":26},"end":{"line":8,"column":27}},"loc":{"start":{"line":8,"column":54},"end":{"line":10,"column":3}}},"2":{"name":"(anonymous_2)","decl":{"start":{"line":12,"column":24},"end":{"line":12,"column":25}},"loc":{"start":{"line":12,"column":80},"end":{"line":17,"column":3}}},"3":{"name":"(anonymous_3)","decl":{"start":{"line":29,"column":19},"end":{"line":29,"column":22}},"loc":{"start":{"line":29,"column":25},"end":{"line":29,"column":49}}},"4":{"name":"(anonymous_4)","decl":{"start":{"line":30,"column":21},"end":{"line":30,"column":22}},"loc":{"start":{"line":30,"column":28},"end":{"line":30,"column":53}}},"5":{"name":"(anonymous_5)","decl":{"start":{"line":42,"column":19},"end":{"line":42,"column":22}},"loc":{"start":{"line":42,"column":25},"end":{"line":42,"column":50}}},"6":{"name":"(anonymous_6)","decl":{"start":{"line":43,"column":21},"end":{"line":43,"column":22}},"loc":{"start":{"line":43,"column":28},"end":{"line":43,"column":54}}},"7":{"name":"(anonymous_7)","decl":{"start":{"line":118,"column":54},"end":{"line":118,"column":55}},"loc":{"start":{"line":119,"column":20},"end":{"line":119,"column":37}}}},"branchMap":{"0":{"loc":{"start":{"line":9,"column":17},"end":{"line":9,"column":47}},"type":"cond-expr","locations":[{"start":{"line":9,"column":37},"end":{"line":9,"column":41}},{"start":{"line":9,"column":44},"end":{"line":9,"column":47}}]},"1":{"loc":{"start":{"line":13,"column":4},"end":{"line":16,"column":5}},"type":"if","locations":[{"start":{"line":13,"column":4},"end":{"line":16,"column":5}},{"start":{},"end":{}}]},"2":{"loc":{"start":{"line":13,"column":8},"end":{"line":13,"column":50}},"type":"binary-expr","locations":[{"start":{"line":13,"column":8},"end":{"line":13,"column":29}},{"start":{"line":13,"column":33},"end":{"line":13,"column":50}}]},"3":{"loc":{"start":{"line":28,"column":44},"end":{"line":28,"column":81}},"type":"cond-expr","locations":[{"start":{"line":28,"column":68},"end":{"line":28,"column":76}},{"start":{"line":28,"column":79},"end":{"line":28,"column":81}}]},"4":{"loc":{"start":{"line":41,"column":45},"end":{"line":41,"column":83}},"type":"cond-expr","locations":[{"start":{"line":41,"column":70},"end":{"line":41,"column":78}},{"start":{"line":41,"column":81},"end":{"line":41,"column":83}}]},"5":{"loc":{"start":{"line":55,"column":9},"end":{"line":124,"column":null}},"type":"binary-expr","locations":[{"start":{"line":55,"column":9},"end":{"line":55,"column":18}},{"start":{"line":56,"column":10},"end":{"line":123,"column":null}}]},"6":{"loc":{"start":{"line":127,"column":9},"end":{"line":130,"column":null}},"type":"binary-expr","locations":[{"start":{"line":127,"column":9},"end":{"line":127,"column":19}},{"start":{"line":128,"column":10},"end":{"line":129,"column":null}}]}},"s":{"0":0,"1":0,"2":0,"3":0,"4":0,"5":0,"6":0,"7":0,"8":0,"9":0,"10":0,"11":0,"12":0,"13":0,"14":0,"15":0,"16":0,"17":0},"f":{"0":0,"1":0,"2":0,"3":0,"4":0,"5":0,"6":0,"7":0},"b":{"0":[0,0],"1":[0,0],"2":[0,0],"3":[0,0],"4":[0,0],"5":[0,0],"6":[0,0]}}
,"/Users/dhiraj/shahapur-sahayak/frontend/src/components/TransportInfo.tsx": {"path":"/Users/dhiraj/shahapur-sahayak/frontend/src/components/TransportInfo.tsx","statementMap":{"0":{"start":{"line":1,"column":0},"end":{"line":1,"column":40}},"1":{"start":{"line":2,"column":0},"end":{"line":2,"column":29}},"2":{"start":{"line":15,"column":45},"end":{"line":80,"column":2}},"3":{"start":{"line":82,"column":21},"end":{"line":102,"column":2}},"4":{"start":{"line":104,"column":32},"end":{"line":265,"column":1}},"5":{"start":{"line":105,"column":36},"end":{"line":105,"column":65}},"6":{"start":{"line":106,"column":48},"end":{"line":106,"column":63}},"7":{"start":{"line":108,"column":26},"end":{"line":110,"column":3}},"8":{"start":{"line":109,"column":4},"end":{"line":109,"column":53}},"9":{"start":{"line":112,"column":24},"end":{"line":115,"column":3}},"10":{"start":{"line":113,"column":18},"end":{"line":113,"column":37}},"11":{"start":{"line":114,"column":4},"end":{"line":114,"column":46}},"12":{"start":{"line":117,"column":2},"end":{"line":264,"column":4}},"13":{"start":{"line":130,"column":14},"end":{"line":130,"column":35}},"14":{"start":{"line":133,"column":33},"end":{"line":133,"column":59}},"15":{"start":{"line":154,"column":26},"end":{"line":154,"column":43}},"16":{"start":{"line":164,"column":28},"end":{"line":164,"column":45}},"17":{"start":{"line":175,"column":28},"end":{"line":175,"column":45}},"18":{"start":{"line":191,"column":27},"end":{"line":191,"column":63}},"19":{"start":{"line":213,"column":22},"end":{"line":213,"column":39}},"20":{"start":{"line":230,"column":24},"end":{"line":230,"column":41}},"21":{"start":{"line":267,"column":0},"end":{"line":267,"column":29}}},"fnMap":{"0":{"name":"(anonymous_0)","decl":{"start":{"line":104,"column":32},"end":{"line":104,"column":35}},"loc":{"start":{"line":104,"column":37},"end":{"line":265,"column":1}}},"1":{"name":"(anonymous_1)","decl":{"start":{"line":108,"column":26},"end":{"line":108,"column":27}},"loc":{"start":{"line":108,"column":44},"end":{"line":110,"column":3}}},"2":{"name":"(anonymous_2)","decl":{"start":{"line":112,"column":24},"end":{"line":112,"column":27}},"loc":{"start":{"line":112,"column":29},"end":{"line":115,"column":3}}},"3":{"name":"(anonymous_3)","decl":{"start":{"line":129,"column":35},"end":{"line":129,"column":36}},"loc":{"start":{"line":130,"column":14},"end":{"line":130,"column":35}}},"4":{"name":"(anonymous_4)","decl":{"start":{"line":133,"column":27},"end":{"line":133,"column":30}},"loc":{"start":{"line":133,"column":33},"end":{"line":133,"column":59}}},"5":{"name":"(anonymous_5)","decl":{"start":{"line":153,"column":44},"end":{"line":153,"column":45}},"loc":{"start":{"line":154,"column":26},"end":{"line":154,"column":43}}},"6":{"name":"(anonymous_6)","decl":{"start":{"line":163,"column":43},"end":{"line":163,"column":44}},"loc":{"start":{"line":164,"column":28},"end":{"line":164,"column":45}}},"7":{"name":"(anonymous_7)","decl":{"start":{"line":174,"column":47},"end":{"line":174,"column":48}},"loc":{"start":{"line":175,"column":28},"end":{"line":175,"column":45}}},"8":{"name":"(anonymous_8)","decl":{"start":{"line":191,"column":21},"end":{"line":191,"column":24}},"loc":{"start":{"line":191,"column":27},"end":{"line":191,"column":63}}},"9":{"name":"(anonymous_9)","decl":{"start":{"line":212,"column":58},"end":{"line":212,"column":59}},"loc":{"start":{"line":213,"column":22},"end":{"line":213,"column":39}}},"10":{"name":"(anonymous_10)","decl":{"start":{"line":229,"column":59},"end":{"line":229,"column":60}},"loc":{"start":{"line":230,"column":24},"end":{"line":230,"column":41}}}},"branchMap":{"0":{"loc":{"start":{"line":109,"column":17},"end":{"line":109,"column":51}},"type":"cond-expr","locations":[{"start":{"line":109,"column":39},"end":{"line":109,"column":43}},{"start":{"line":109,"column":46},"end":{"line":109,"column":51}}]},"1":{"loc":{"start":{"line":114,"column":11},"end":{"line":114,"column":45}},"type":"cond-expr","locations":[{"start":{"line":114,"column":25},"end":{"line":114,"column":33}},{"start":{"line":114,"column":36},"end":{"line":114,"column":45}}]},"2":{"loc":{"start":{"line":132,"column":49},"end":{"line":132,"column":88}},"type":"cond-expr","locations":[{"start":{"line":132,"column":75},"end":{"line":132,"column":83}},{"start":{"line":132,"column":86},"end":{"line":132,"column":88}}]},"3":{"loc":{"start":{"line":148,"column":17},"end":{"line":180,"column":null}},"type":"binary-expr","locations":[{"start":{"line":148,"column":17},"end":{"line":148,"column":40}},{"start":{"line":149,"column":18},"end":{"line":179,"column":null}}]},"4":{"loc":{"start":{"line":159,"column":21},"end":{"line":167,"column":null}},"type":"binary-expr","locations":[{"start":{"line":159,"column":21},"end":{"line":159,"column":32}},{"start":{"line":160,"column":22},"end":{"line":166,"column":null}}]},"5":{"loc":{"start":{"line":170,"column":21},"end":{"line":178,"column":null}},"type":"binary-expr","locations":[{"start":{"line":170,"column":21},"end":{"line":170,"column":36}},{"start":{"line":171,"column":22},"end":{"line":177,"column":null}}]},"6":{"loc":{"start":{"line":190,"column":41},"end":{"line":190,"column":72}},"type":"cond-expr","locations":[{"start":{"line":190,"column":59},"end":{"line":190,"column":67}},{"start":{"line":190,"column":70},"end":{"line":190,"column":72}}]},"7":{"loc":{"start":{"line":197,"column":15},"end":{"line":197,"column":42}},"type":"cond-expr","locations":[{"start":{"line":197,"column":33},"end":{"line":197,"column":36}},{"start":{"line":197,"column":39},"end":{"line":197,"column":42}}]},"8":{"loc":{"start":{"line":201,"column":11},"end":{"line":248,"column":null}},"type":"binary-expr","locations":[{"start":{"line":201,"column":11},"end":{"line":201,"column":26}},{"start":{"line":202,"column":12},"end":{"line":247,"column":null}}]},"9":{"loc":{"start":{"line":237,"column":15},"end":{"line":246,"column":null}},"type":"binary-expr","locations":[{"start":{"line":237,"column":15},"end":{"line":237,"column":43}},{"start":{"line":238,"column":16},"end":{"line":245,"column":null}}]}},"s":{"0":0,"1":0,"2":0,"3":0,"4":0,"5":0,"6":0,"7":0,"8":0,"9":0,"10":0,"11":0,"12":0,"13":0,"14":0,"15":0,"16":0,"17":0,"18":0,"19":0,"20":0,"21":0},"f":{"0":0,"1":0,"2":0,"3":0,"4":0,"5":0,"6":0,"7":0,"8":0,"9":0,"10":0},"b":{"0":[0,0],"1":[0,0],"2":[0,0],"3":[0,0],"4":[0,0],"5":[0,0],"6":[0,0],"7":[0,0],"8":[0,0],"9":[0,0]}}
,"/Users/dhiraj/shahapur-sahayak/frontend/src/constants/index.ts": {"path":"/Users/dhiraj/shahapur-sahayak/frontend/src/constants/index.ts","statementMap":{"0":{"start":{"line":6,"column":13},"end":{"line":41,"column":11}},"1":{"start":{"line":44,"column":13},"end":{"line":80,"column":11}},"2":{"start":{"line":83,"column":13},"end":{"line":83,"column":94}},"3":{"start":{"line":86,"column":13},"end":{"line":86,"column":111}},"4":{"start":{"line":89,"column":13},"end":{"line":125,"column":2}},"5":{"start":{"line":128,"column":13},"end":{"line":159,"column":2}},"6":{"start":{"line":162,"column":13},"end":{"line":164,"column":null}},"7":{"start":{"line":168,"column":13},"end":{"line":201,"column":2}},"8":{"start":{"line":204,"column":13},"end":{"line":213,"column":2}}},"fnMap":{},"branchMap":{},"s":{"0":6,"1":6,"2":6,"3":6,"4":6,"5":6,"6":6,"7":6,"8":6},"f":{},"b":{}}
,"/Users/dhiraj/shahapur-sahayak/frontend/src/utils/frameRateMonitor.ts": {"path":"/Users/dhiraj/shahapur-sahayak/frontend/src/utils/frameRateMonitor.ts","statementMap":{"0":{"start":{"line":5,"column":10},"end":{"line":5,"column":31}},"1":{"start":{"line":6,"column":10},"end":{"line":6,"column":25}},"2":{"start":{"line":7,"column":10},"end":{"line":7,"column":23}},"3":{"start":{"line":8,"column":10},"end":{"line":8,"column":19}},"4":{"start":{"line":9,"column":10},"end":{"line":9,"column":36}},"5":{"start":{"line":10,"column":10},"end":{"line":10,"column":49}},"6":{"start":{"line":11,"column":10},"end":{"line":11,"column":52}},"7":{"start":{"line":12,"column":10},"end":{"line":12,"column":36}},"8":{"start":{"line":101,"column":10},"end":{"line":130,"column":4}},"9":{"start":{"line":102,"column":4},"end":{"line":102,"column":35}},"10":{"start":{"line":102,"column":28},"end":{"line":102,"column":35}},"11":{"start":{"line":104,"column":24},"end":{"line":104,"column":41}},"12":{"start":{"line":105,"column":4},"end":{"line":105,"column":22}},"13":{"start":{"line":108,"column":4},"end":{"line":127,"column":5}},"14":{"start":{"line":109,"column":6},"end":{"line":109,"column":86}},"15":{"start":{"line":110,"column":6},"end":{"line":110,"column":37}},"16":{"start":{"line":113,"column":6},"end":{"line":115,"column":7}},"17":{"start":{"line":114,"column":8},"end":{"line":114,"column":32}},"18":{"start":{"line":118,"column":6},"end":{"line":118,"column":61}},"19":{"start":{"line":118,"column":41},"end":{"line":118,"column":59}},"20":{"start":{"line":121,"column":6},"end":{"line":123,"column":7}},"21":{"start":{"line":122,"column":8},"end":{"line":122,"column":114}},"22":{"start":{"line":125,"column":6},"end":{"line":125,"column":26}},"23":{"start":{"line":126,"column":6},"end":{"line":126,"column":34}},"24":{"start":{"line":129,"column":4},"end":{"line":129,"column":73}},"25":{"start":{"line":15,"column":4},"end":{"line":17,"column":5}},"26":{"start":{"line":16,"column":6},"end":{"line":16,"column":57}},"27":{"start":{"line":18,"column":4},"end":{"line":18,"column":37}},"28":{"start":{"line":23,"column":4},"end":{"line":23,"column":34}},"29":{"start":{"line":23,"column":27},"end":{"line":23,"column":34}},"30":{"start":{"line":25,"column":4},"end":{"line":25,"column":29}},"31":{"start":{"line":26,"column":4},"end":{"line":26,"column":24}},"32":{"start":{"line":27,"column":4},"end":{"line":27,"column":38}},"33":{"start":{"line":28,"column":4},"end":{"line":28,"column":25}},"34":{"start":{"line":30,"column":4},"end":{"line":30,"column":28}},"35":{"start":{"line":35,"column":4},"end":{"line":35,"column":30}},"36":{"start":{"line":36,"column":4},"end":{"line":39,"column":5}},"37":{"start":{"line":37,"column":6},"end":{"line":37,"column":50}},"38":{"start":{"line":38,"column":6},"end":{"line":38,"column":35}},"39":{"start":{"line":44,"column":4},"end":{"line":44,"column":20}},"40":{"start":{"line":49,"column":4},"end":{"line":49,"column":48}},"41":{"start":{"line":49,"column":38},"end":{"line":49,"column":48}},"42":{"start":{"line":51,"column":16},"end":{"line":51,"column":66}},"43":{"start":{"line":51,"column":53},"end":{"line":51,"column":62}},"44":{"start":{"line":52,"column":4},"end":{"line":52,"column":40}},"45":{"start":{"line":57,"column":4},"end":{"line":57,"column":48}},"46":{"start":{"line":57,"column":38},"end":{"line":57,"column":48}},"47":{"start":{"line":58,"column":4},"end":{"line":58,"column":40}},"48":{"start":{"line":63,"column":4},"end":{"line":63,"column":60}},"49":{"start":{"line":68,"column":4},"end":{"line":68,"column":34}},"50":{"start":{"line":73,"column":18},"end":{"line":73,"column":50}},"51":{"start":{"line":74,"column":4},"end":{"line":76,"column":5}},"52":{"start":{"line":75,"column":6},"end":{"line":75,"column":38}},"53":{"start":{"line":81,"column":4},"end":{"line":81,"column":42}},"54":{"start":{"line":92,"column":4},"end":{"line":98,"column":6}},"55":{"start":{"line":3,"column":0},"end":{"line":3,"column":13}},"56":{"start":{"line":136,"column":10},"end":{"line":136,"column":52}},"57":{"start":{"line":137,"column":10},"end":{"line":137,"column":52}},"58":{"start":{"line":138,"column":10},"end":{"line":138,"column":29}},"59":{"start":{"line":139,"column":10},"end":{"line":139,"column":46}},"60":{"start":{"line":142,"column":4},"end":{"line":142,"column":59}},"61":{"start":{"line":147,"column":4},"end":{"line":147,"column":44}},"62":{"start":{"line":150,"column":4},"end":{"line":152,"column":13}},"63":{"start":{"line":151,"column":6},"end":{"line":151,"column":30}},"64":{"start":{"line":157,"column":4},"end":{"line":157,"column":43}},"65":{"start":{"line":159,"column":4},"end":{"line":162,"column":5}},"66":{"start":{"line":160,"column":6},"end":{"line":160,"column":40}},"67":{"start":{"line":161,"column":6},"end":{"line":161,"column":32}},"68":{"start":{"line":167,"column":4},"end":{"line":167,"column":45}},"69":{"start":{"line":172,"column":4},"end":{"line":172,"column":45}},"70":{"start":{"line":177,"column":4},"end":{"line":177,"column":27}},"71":{"start":{"line":181,"column":19},"end":{"line":181,"column":63}},"72":{"start":{"line":182,"column":24},"end":{"line":182,"column":39}},"73":{"start":{"line":185,"column":4},"end":{"line":185,"column":63}},"74":{"start":{"line":188,"column":4},"end":{"line":194,"column":5}},"75":{"start":{"line":189,"column":6},"end":{"line":189,"column":82}},"76":{"start":{"line":190,"column":6},"end":{"line":190,"column":64}},"77":{"start":{"line":190,"column":52},"end":{"line":190,"column":62}},"78":{"start":{"line":191,"column":11},"end":{"line":194,"column":5}},"79":{"start":{"line":192,"column":6},"end":{"line":192,"column":70}},"80":{"start":{"line":193,"column":6},"end":{"line":193,"column":64}},"81":{"start":{"line":193,"column":52},"end":{"line":193,"column":62}},"82":{"start":{"line":134,"column":0},"end":{"line":134,"column":13}},"83":{"start":{"line":206,"column":4},"end":{"line":208,"column":5}},"84":{"start":{"line":207,"column":6},"end":{"line":207,"column":61}},"85":{"start":{"line":209,"column":4},"end":{"line":209,"column":39}},"86":{"start":{"line":202,"column":10},"end":{"line":202,"column":30}},"87":{"start":{"line":203,"column":10},"end":{"line":203,"column":65}},"88":{"start":{"line":213,"column":4},"end":{"line":213,"column":68}},"89":{"start":{"line":216,"column":4},"end":{"line":218,"column":7}},"90":{"start":{"line":217,"column":6},"end":{"line":217,"column":33}},"91":{"start":{"line":220,"column":4},"end":{"line":222,"column":7}},"92":{"start":{"line":221,"column":6},"end":{"line":221,"column":34}},"93":{"start":{"line":227,"column":4},"end":{"line":227,"column":47}},"94":{"start":{"line":232,"column":4},"end":{"line":232,"column":46}},"95":{"start":{"line":233,"column":4},"end":{"line":233,"column":32}},"96":{"start":{"line":238,"column":4},"end":{"line":238,"column":28}},"97":{"start":{"line":242,"column":4},"end":{"line":242,"column":33}},"98":{"start":{"line":242,"column":26},"end":{"line":242,"column":33}},"99":{"start":{"line":244,"column":4},"end":{"line":244,"column":28}},"100":{"start":{"line":247,"column":4},"end":{"line":247,"column":30}},"101":{"start":{"line":250,"column":4},"end":{"line":250,"column":57}},"102":{"start":{"line":253,"column":4},"end":{"line":253,"column":76}},"103":{"start":{"line":257,"column":4},"end":{"line":257,"column":34}},"104":{"start":{"line":257,"column":27},"end":{"line":257,"column":34}},"105":{"start":{"line":259,"column":4},"end":{"line":259,"column":29}},"106":{"start":{"line":262,"column":4},"end":{"line":262,"column":29}},"107":{"start":{"line":265,"column":4},"end":{"line":265,"column":60}},"108":{"start":{"line":268,"column":4},"end":{"line":268,"column":77}},"109":{"start":{"line":273,"column":24},"end":{"line":273,"column":56}},"110":{"start":{"line":275,"column":4},"end":{"line":313,"column":7}},"111":{"start":{"line":276,"column":6},"end":{"line":312,"column":7}},"112":{"start":{"line":277,"column":22},"end":{"line":277,"column":59}},"113":{"start":{"line":279,"column":8},"end":{"line":309,"column":11}},"114":{"start":{"line":280,"column":10},"end":{"line":308,"column":11}},"115":{"start":{"line":281,"column":26},"end":{"line":281,"column":36}},"116":{"start":{"line":284,"column":12},"end":{"line":294,"column":13}},"117":{"start":{"line":285,"column":14},"end":{"line":287,"column":15}},"118":{"start":{"line":286,"column":16},"end":{"line":286,"column":97}},"119":{"start":{"line":290,"column":31},"end":{"line":290,"column":67}},"120":{"start":{"line":291,"column":14},"end":{"line":293,"column":15}},"121":{"start":{"line":292,"column":16},"end":{"line":292,"column":64}},"122":{"start":{"line":297,"column":12},"end":{"line":307,"column":13}},"123":{"start":{"line":298,"column":14},"end":{"line":300,"column":15}},"124":{"start":{"line":299,"column":16},"end":{"line":299,"column":111}},"125":{"start":{"line":303,"column":31},"end":{"line":303,"column":66}},"126":{"start":{"line":304,"column":14},"end":{"line":306,"column":15}},"127":{"start":{"line":305,"column":16},"end":{"line":305,"column":63}},"128":{"start":{"line":318,"column":24},"end":{"line":318,"column":56}},"129":{"start":{"line":320,"column":4},"end":{"line":344,"column":7}},"130":{"start":{"line":321,"column":6},"end":{"line":343,"column":7}},"131":{"start":{"line":322,"column":22},"end":{"line":322,"column":59}},"132":{"start":{"line":324,"column":8},"end":{"line":340,"column":11}},"133":{"start":{"line":325,"column":10},"end":{"line":339,"column":11}},"134":{"start":{"line":326,"column":26},"end":{"line":326,"column":36}},"135":{"start":{"line":329,"column":39},"end":{"line":329,"column":93}},"136":{"start":{"line":330,"column":12},"end":{"line":332,"column":13}},"137":{"start":{"line":331,"column":14},"end":{"line":331,"column":60}},"138":{"start":{"line":335,"column":38},"end":{"line":335,"column":107}},"139":{"start":{"line":336,"column":12},"end":{"line":338,"column":13}},"140":{"start":{"line":337,"column":14},"end":{"line":337,"column":58}},"141":{"start":{"line":346,"column":4},"end":{"line":346,"column":44}},"142":{"start":{"line":199,"column":0},"end":{"line":199,"column":13}},"143":{"start":{"line":351,"column":13},"end":{"line":351,"column":63}},"144":{"start":{"line":352,"column":13},"end":{"line":352,"column":67}}},"fnMap":{"0":{"name":"(anonymous_0)","decl":{"start":{"line":3,"column":0},"end":{"line":3,"column":13}},"loc":{"start":{"line":3,"column":0},"end":{"line":131,"column":1}}},"1":{"name":"(anonymous_1)","decl":{"start":{"line":101,"column":29},"end":{"line":101,"column":38}},"loc":{"start":{"line":101,"column":40},"end":{"line":130,"column":3}}},"2":{"name":"(anonymous_2)","decl":{"start":{"line":118,"column":29},"end":{"line":118,"column":37}},"loc":{"start":{"line":118,"column":41},"end":{"line":118,"column":59}}},"3":{"name":"(anonymous_3)","decl":{"start":{"line":14,"column":2},"end":{"line":14,"column":8}},"loc":{"start":{"line":14,"column":20},"end":{"line":19,"column":3}}},"4":{"name":"(anonymous_4)","decl":{"start":{"line":22,"column":2},"end":{"line":22,"column":17}},"loc":{"start":{"line":22,"column":17},"end":{"line":31,"column":3}}},"5":{"name":"(anonymous_5)","decl":{"start":{"line":34,"column":2},"end":{"line":34,"column":16}},"loc":{"start":{"line":34,"column":16},"end":{"line":40,"column":3}}},"6":{"name":"(anonymous_6)","decl":{"start":{"line":43,"column":2},"end":{"line":43,"column":15}},"loc":{"start":{"line":43,"column":15},"end":{"line":45,"column":3}}},"7":{"name":"(anonymous_7)","decl":{"start":{"line":48,"column":2},"end":{"line":48,"column":15}},"loc":{"start":{"line":48,"column":15},"end":{"line":53,"column":3}}},"8":{"name":"(anonymous_8)","decl":{"start":{"line":51,"column":39},"end":{"line":51,"column":40}},"loc":{"start":{"line":51,"column":53},"end":{"line":51,"column":62}}},"9":{"name":"(anonymous_9)","decl":{"start":{"line":56,"column":2},"end":{"line":56,"column":15}},"loc":{"start":{"line":56,"column":15},"end":{"line":59,"column":3}}},"10":{"name":"(anonymous_10)","decl":{"start":{"line":62,"column":2},"end":{"line":62,"column":19}},"loc":{"start":{"line":62,"column":19},"end":{"line":64,"column":3}}},"11":{"name":"(anonymous_11)","decl":{"start":{"line":67,"column":2},"end":{"line":67,"column":13}},"loc":{"start":{"line":67,"column":45},"end":{"line":69,"column":3}}},"12":{"name":"(anonymous_12)","decl":{"start":{"line":72,"column":2},"end":{"line":72,"column":19}},"loc":{"start":{"line":72,"column":51},"end":{"line":77,"column":3}}},"13":{"name":"(anonymous_13)","decl":{"start":{"line":80,"column":2},"end":{"line":80,"column":25}},"loc":{"start":{"line":80,"column":43},"end":{"line":82,"column":3}}},"14":{"name":"(anonymous_14)","decl":{"start":{"line":85,"column":2},"end":{"line":85,"column":22}},"loc":{"start":{"line":85,"column":22},"end":{"line":99,"column":3}}},"15":{"name":"(anonymous_15)","decl":{"start":{"line":141,"column":2},"end":{"line":141,"column":null}},"loc":{"start":{"line":141,"column":2},"end":{"line":143,"column":3}}},"16":{"name":"(anonymous_16)","decl":{"start":{"line":146,"column":2},"end":{"line":146,"column":17}},"loc":{"start":{"line":146,"column":17},"end":{"line":153,"column":3}}},"17":{"name":"(anonymous_17)","decl":{"start":{"line":150,"column":44},"end":{"line":150,"column":47}},"loc":{"start":{"line":150,"column":49},"end":{"line":152,"column":5}}},"18":{"name":"(anonymous_18)","decl":{"start":{"line":156,"column":2},"end":{"line":156,"column":16}},"loc":{"start":{"line":156,"column":16},"end":{"line":163,"column":3}}},"19":{"name":"(anonymous_19)","decl":{"start":{"line":166,"column":2},"end":{"line":166,"column":15}},"loc":{"start":{"line":166,"column":36},"end":{"line":168,"column":3}}},"20":{"name":"(anonymous_20)","decl":{"start":{"line":171,"column":2},"end":{"line":171,"column":15}},"loc":{"start":{"line":171,"column":36},"end":{"line":173,"column":3}}},"21":{"name":"(anonymous_21)","decl":{"start":{"line":176,"column":2},"end":{"line":176,"column":21}},"loc":{"start":{"line":176,"column":21},"end":{"line":178,"column":3}}},"22":{"name":"(anonymous_22)","decl":{"start":{"line":180,"column":10},"end":{"line":180,"column":26}},"loc":{"start":{"line":180,"column":26},"end":{"line":195,"column":3}}},"23":{"name":"(anonymous_23)","decl":{"start":{"line":190,"column":40},"end":{"line":190,"column":48}},"loc":{"start":{"line":190,"column":52},"end":{"line":190,"column":62}}},"24":{"name":"(anonymous_24)","decl":{"start":{"line":193,"column":40},"end":{"line":193,"column":48}},"loc":{"start":{"line":193,"column":52},"end":{"line":193,"column":62}}},"25":{"name":"(anonymous_25)","decl":{"start":{"line":205,"column":2},"end":{"line":205,"column":8}},"loc":{"start":{"line":205,"column":20},"end":{"line":210,"column":3}}},"26":{"name":"(anonymous_26)","decl":{"start":{"line":212,"column":2},"end":{"line":212,"column":null}},"loc":{"start":{"line":212,"column":2},"end":{"line":223,"column":3}}},"27":{"name":"(anonymous_27)","decl":{"start":{"line":216,"column":43},"end":{"line":216,"column":46}},"loc":{"start":{"line":216,"column":48},"end":{"line":218,"column":5}}},"28":{"name":"(anonymous_28)","decl":{"start":{"line":220,"column":43},"end":{"line":220,"column":46}},"loc":{"start":{"line":220,"column":48},"end":{"line":222,"column":5}}},"29":{"name":"(anonymous_29)","decl":{"start":{"line":226,"column":2},"end":{"line":226,"column":19}},"loc":{"start":{"line":226,"column":19},"end":{"line":228,"column":3}}},"30":{"name":"(anonymous_30)","decl":{"start":{"line":231,"column":2},"end":{"line":231,"column":18}},"loc":{"start":{"line":231,"column":18},"end":{"line":234,"column":3}}},"31":{"name":"(anonymous_31)","decl":{"start":{"line":237,"column":2},"end":{"line":237,"column":23}},"loc":{"start":{"line":237,"column":23},"end":{"line":239,"column":3}}},"32":{"name":"(anonymous_32)","decl":{"start":{"line":241,"column":10},"end":{"line":241,"column":29}},"loc":{"start":{"line":241,"column":29},"end":{"line":254,"column":3}}},"33":{"name":"(anonymous_33)","decl":{"start":{"line":256,"column":10},"end":{"line":256,"column":30}},"loc":{"start":{"line":256,"column":30},"end":{"line":269,"column":3}}},"34":{"name":"(anonymous_34)","decl":{"start":{"line":271,"column":10},"end":{"line":271,"column":28}},"loc":{"start":{"line":271,"column":28},"end":{"line":314,"column":3}}},"35":{"name":"(anonymous_35)","decl":{"start":{"line":275,"column":24},"end":{"line":275,"column":34}},"loc":{"start":{"line":275,"column":37},"end":{"line":313,"column":5}}},"36":{"name":"(anonymous_36)","decl":{"start":{"line":279,"column":22},"end":{"line":279,"column":26}},"loc":{"start":{"line":279,"column":29},"end":{"line":309,"column":9}}},"37":{"name":"(anonymous_37)","decl":{"start":{"line":316,"column":10},"end":{"line":316,"column":27}},"loc":{"start":{"line":316,"column":27},"end":{"line":347,"column":3}}},"38":{"name":"(anonymous_38)","decl":{"start":{"line":320,"column":24},"end":{"line":320,"column":34}},"loc":{"start":{"line":320,"column":37},"end":{"line":344,"column":5}}},"39":{"name":"(anonymous_39)","decl":{"start":{"line":324,"column":22},"end":{"line":324,"column":26}},"loc":{"start":{"line":324,"column":29},"end":{"line":340,"column":9}}}},"branchMap":{"0":{"loc":{"start":{"line":102,"column":4},"end":{"line":102,"column":35}},"type":"if","locations":[{"start":{"line":102,"column":4},"end":{"line":102,"column":35}},{"start":{},"end":{}}]},"1":{"loc":{"start":{"line":108,"column":4},"end":{"line":127,"column":5}},"type":"if","locations":[{"start":{"line":108,"column":4},"end":{"line":127,"column":5}},{"start":{},"end":{}}]},"2":{"loc":{"start":{"line":113,"column":6},"end":{"line":115,"column":7}},"type":"if","locations":[{"start":{"line":113,"column":6},"end":{"line":115,"column":7}},{"start":{},"end":{}}]},"3":{"loc":{"start":{"line":121,"column":6},"end":{"line":123,"column":7}},"type":"if","locations":[{"start":{"line":121,"column":6},"end":{"line":123,"column":7}},{"start":{},"end":{}}]},"4":{"loc":{"start":{"line":121,"column":10},"end":{"line":121,"column":88}},"type":"binary-expr","locations":[{"start":{"line":121,"column":10},"end":{"line":121,"column":48}},{"start":{"line":121,"column":52},"end":{"line":121,"column":88}}]},"5":{"loc":{"start":{"line":15,"column":4},"end":{"line":17,"column":5}},"type":"if","locations":[{"start":{"line":15,"column":4},"end":{"line":17,"column":5}},{"start":{},"end":{}}]},"6":{"loc":{"start":{"line":23,"column":4},"end":{"line":23,"column":34}},"type":"if","locations":[{"start":{"line":23,"column":4},"end":{"line":23,"column":34}},{"start":{},"end":{}}]},"7":{"loc":{"start":{"line":36,"column":4},"end":{"line":39,"column":5}},"type":"if","locations":[{"start":{"line":36,"column":4},"end":{"line":39,"column":5}},{"start":{},"end":{}}]},"8":{"loc":{"start":{"line":49,"column":4},"end":{"line":49,"column":48}},"type":"if","locations":[{"start":{"line":49,"column":4},"end":{"line":49,"column":48}},{"start":{},"end":{}}]},"9":{"loc":{"start":{"line":57,"column":4},"end":{"line":57,"column":48}},"type":"if","locations":[{"start":{"line":57,"column":4},"end":{"line":57,"column":48}},{"start":{},"end":{}}]},"10":{"loc":{"start":{"line":74,"column":4},"end":{"line":76,"column":5}},"type":"if","locations":[{"start":{"line":74,"column":4},"end":{"line":76,"column":5}},{"start":{},"end":{}}]},"11":{"loc":{"start":{"line":159,"column":4},"end":{"line":162,"column":5}},"type":"if","locations":[{"start":{"line":159,"column":4},"end":{"line":162,"column":5}},{"start":{},"end":{}}]},"12":{"loc":{"start":{"line":185,"column":22},"end":{"line":185,"column":62}},"type":"binary-expr","locations":[{"start":{"line":185,"column":22},"end":{"line":185,"column":35}},{"start":{"line":185,"column":39},"end":{"line":185,"column":62}}]},"13":{"loc":{"start":{"line":188,"column":4},"end":{"line":194,"column":5}},"type":"if","locations":[{"start":{"line":188,"column":4},"end":{"line":194,"column":5}},{"start":{"line":191,"column":11},"end":{"line":194,"column":5}}]},"14":{"loc":{"start":{"line":188,"column":8},"end":{"line":188,"column":39}},"type":"binary-expr","locations":[{"start":{"line":188,"column":8},"end":{"line":188,"column":20}},{"start":{"line":188,"column":24},"end":{"line":188,"column":39}}]},"15":{"loc":{"start":{"line":191,"column":11},"end":{"line":194,"column":5}},"type":"if","locations":[{"start":{"line":191,"column":11},"end":{"line":194,"column":5}},{"start":{},"end":{}}]},"16":{"loc":{"start":{"line":191,"column":15},"end":{"line":191,"column":46}},"type":"binary-expr","locations":[{"start":{"line":191,"column":15},"end":{"line":191,"column":26}},{"start":{"line":191,"column":30},"end":{"line":191,"column":46}}]},"17":{"loc":{"start":{"line":206,"column":4},"end":{"line":208,"column":5}},"type":"if","locations":[{"start":{"line":206,"column":4},"end":{"line":208,"column":5}},{"start":{},"end":{}}]},"18":{"loc":{"start":{"line":242,"column":4},"end":{"line":242,"column":33}},"type":"if","locations":[{"start":{"line":242,"column":4},"end":{"line":242,"column":33}},{"start":{},"end":{}}]},"19":{"loc":{"start":{"line":257,"column":4},"end":{"line":257,"column":34}},"type":"if","locations":[{"start":{"line":257,"column":4},"end":{"line":257,"column":34}},{"start":{},"end"
[...]
"column":4},"end":{"line":119,"column":5}},{"start":{},"end":{}}]},"6":{"loc":{"start":{"line":114,"column":8},"end":{"line":114,"column":65}},"type":"binary-expr","locations":[{"start":{"line":114,"column":8},"end":{"line":114,"column":46}},{"start":{"line":114,"column":50},"end":{"line":114,"column":65}}]},"7":{"loc":{"start":{"line":115,"column":26},"end":{"line":115,"column":45}},"type":"binary-expr","locations":[{"start":{"line":115,"column":26},"end":{"line":115,"column":40}},{"start":{"line":115,"column":44},"end":{"line":115,"column":45}}]},"8":{"loc":{"start":{"line":115,"column":26},"end":{"line":115,"column":40}},"type":"cond-expr","locations":[{"start":{"line":115,"column":32},"end":{"line":115,"column":34}},{"start":{"line":115,"column":26},"end":{"line":115,"column":40}}]},"9":{"loc":{"start":{"line":115,"column":26},"end":{"line":115,"column":34}},"type":"binary-expr","locations":[{"start":{"line":115,"column":26},"end":{"line":115,"column":34}},{"start":{"line":115,"column":26},"end":{"line":115,"column":34}}]},"10":{"loc":{"start":{"line":139,"column":4},"end":{"line":141,"column":5}},"type":"if","locations":[{"start":{"line":139,"column":4},"end":{"line":141,"column":5}},{"start":{},"end":{}}]},"11":{"loc":{"start":{"line":160,"column":6},"end":{"line":162,"column":7}},"type":"if","locations":[{"start":{"line":160,"column":6},"end":{"line":162,"column":7}},{"start":{},"end":{}}]},"12":{"loc":{"start":{"line":188,"column":4},"end":{"line":190,"column":5}},"type":"if","locations":[{"start":{"line":188,"column":4},"end":{"line":190,"column":5}},{"start":{},"end":{}}]},"13":{"loc":{"start":{"line":226,"column":6},"end":{"line":235,"column":7}},"type":"if","locations":[{"start":{"line":226,"column":6},"end":{"line":235,"column":7}},{"start":{"line":231,"column":13},"end":{"line":235,"column":7}}]},"14":{"loc":{"start":{"line":283,"column":4},"end":{"line":285,"column":5}},"type":"if","locations":[{"start":{"line":283,"column":4},"end":{"line":285,"column":5}},{"start":{},"end":{}}]},"15":{"loc":{"start":{"line":287,"column":4},"end":{"line":289,"column":5}},"type":"if","locations":[{"start":{"line":287,"column":4},"end":{"line":289,"column":5}},{"start":{},"end":{}}]},"16":{"loc":{"start":{"line":294,"column":6},"end":{"line":296,"column":7}},"type":"if","locations":[{"start":{"line":294,"column":6},"end":{"line":296,"column":7}},{"start":{},"end":{}}]},"17":{"loc":{"start":{"line":294,"column":10},"end":{"line":294,"column":43}},"type":"binary-expr","locations":[{"start":{"line":294,"column":10},"end":{"line":294,"column":16}},{"start":{"line":294,"column":20},"end":{"line":294,"column":43}}]},"18":{"loc":{"start":{"line":299,"column":4},"end":{"line":301,"column":5}},"type":"if","locations":[{"start":{"line":299,"column":4},"end":{"line":301,"column":5}},{"start":{},"end":{}}]}},"s":{"0":2,"1":2,"2":4,"3":2,"4":4,"5":2,"6":2,"7":2,"8":2,"9":2,"10":2,"11":2,"12":2,"13":2,"14":2,"15":10,"16":999,"17":999,"18":999,"19":999,"20":999,"21":999,"22":999,"23":0,"24":999,"25":0,"26":999,"27":999,"28":999,"29":897,"30":999,"31":0,"32":0,"33":999,"34":0,"35":999,"36":0,"37":0,"38":0,"39":0,"40":0,"41":0,"42":0,"43":0,"44":0,"45":0,"46":0,"47":0,"48":0,"49":0,"50":0,"51":0,"52":0,"53":0,"54":0,"55":0,"56":0,"57":0,"58":0,"59":0,"60":0,"61":0,"62":0,"63":0,"64":0,"65":0,"66":0,"67":2,"68":0,"69":0,"70":0,"71":0,"72":0,"73":0,"74":0,"75":0,"76":0,"77":0,"78":0,"79":0,"80":0,"81":0,"82":0,"83":0,"84":0,"85":0,"86":0,"87":0,"88":0,"89":0,"90":0,"91":0,"92":0,"93":0,"94":2,"95":0,"96":0,"97":0,"98":0,"99":0,"100":0,"101":0,"102":0,"103":0,"104":0,"105":0,"106":0,"107":0,"108":0,"109":0,"110":0,"111":2,"112":2,"113":2},"f":{"0":4,"1":2,"2":2,"3":10,"4":999,"5":0,"6":0,"7":0,"8":0,"9":0,"10":0,"11":0,"12":0,"13":0,"14":0,"15":0,"16":0,"17":0,"18":0,"19":0,"20":0,"21":0,"22":0,"23":0,"24":0,"25":0,"26":0,"27":0,"28":0,"29":2,"30":0,"31":0,"32":0},"b":{"0":[2,2],"1":[999,0],"2":[0,999],"3":[0,999],"4":[897,102],"5":[0,999],"6":[999,0],"7":[0,0],"8":[0,0],"9":[0,0],"10":[0,0],"11":[0,0],"12":[0,0],"13":[0,0],"14":[0,0],"15":[0,0],"16":[0,0],"17":[0,0],"18":[0,0]}}
,"/Users/dhiraj/shahapur-sahayak/frontend/src/utils/safety.ts": {"path":"/Users/dhiraj/shahapur-sahayak/frontend/src/utils/safety.ts","statementMap":{"0":{"start":{"line":6,"column":0},"end":{"line":6,"column":16}},"1":{"start":{"line":4,"column":0},"end":{"line":4,"column":54}},"2":{"start":{"line":8,"column":19},"end":{"line":8,"column":53}},"3":{"start":{"line":11,"column":2},"end":{"line":23,"column":3}},"4":{"start":{"line":12,"column":46},"end":{"line":16,"column":6}},"5":{"start":{"line":18,"column":4},"end":{"line":22,"column":6}},"6":{"start":{"line":26,"column":2},"end":{"line":38,"column":3}},"7":{"start":{"line":27,"column":18},"end":{"line":27,"column":55}},"8":{"start":{"line":29,"column":4},"end":{"line":31,"column":5}},"9":{"start":{"line":30,"column":6},"end":{"line":30,"column":57}},"10":{"start":{"line":33,"column":4},"end":{"line":37,"column":6}},"11":{"start":{"line":41,"column":2},"end":{"line":45,"column":4}}},"fnMap":{"0":{"name":"evaluateCrossingLocation","decl":{"start":{"line":6,"column":16},"end":{"line":6,"column":40}},"loc":{"start":{"line":6,"column":59},"end":{"line":46,"column":1}}}},"branchMap":{"0":{"loc":{"start":{"line":11,"column":2},"end":{"line":23,"column":3}},"type":"if","locations":[{"start":{"line":11,"column":2},"end":{"line":23,"column":3}},{"start":{},"end":{}}]},"1":{"loc":{"start":{"line":26,"column":2},"end":{"line":38,"column":3}},"type":"if","locations":[{"start":{"line":26,"column":2},"end":{"line":38,"column":3}},{"start":{},"end":{}}]},"2":{"loc":{"start":{"line":29,"column":4},"end":{"line":31,"column":5}},"type":"if","locations":[{"start":{"line":29,"column":4},"end":{"line":31,"column":5}},{"start":{},"end":{}}]}},"s":{"0":4,"1":4,"2":328,"3":328,"4":83,"5":83,"6":245,"7":122,"8":122,"9":122,"10":122,"11":123},"f":{"0":328},"b":{"0":[83,245],"1":[122,123],"2":[122,0]}}
,"/Users/dhiraj/shahapur-sahayak/frontend/src/utils/shopping.ts": {"path":"/Users/dhiraj/shahapur-sahayak/frontend/src/utils/shopping.ts","statementMap":{"0":{"start":{"line":10,"column":0},"end":{"line":10,"column":16}},"1":{"start":{"line":162,"column":0},"end":{"line":162,"column":16}},"2":{"start":{"line":183,"column":0},"end":{"line":183,"column":16}},"3":{"start":{"line":4,"column":0},"end":{"line":4,"column":63}},"4":{"start":{"line":7,"column":28},"end":{"line":7,"column":59}},"5":{"start":{"line":12,"column":19},"end":{"line":12,"column":44}},"6":{"start":{"line":13,"column":2},"end":{"line":17,"column":3}},"7":{"start":{"line":14,"column":19},"end":{"line":14,"column":53}},"8":{"start":{"line":16,"column":4},"end":{"line":16,"column":37}},"9":{"start":{"line":19,"column":25},"end":{"line":19,"column":33}},"10":{"start":{"line":23,"column":2},"end":{"line":39,"column":3}},"11":{"start":{"line":25,"column":29},"end":{"line":25,"column":76}},"12":{"start":{"line":26,"column":4},"end":{"line":37,"column":5}},"13":{"start":{"line":27,"column":20},"end":{"line":27,"column":68}},"14":{"start":{"line":28,"column":6},"end":{"line":36,"column":7}},"15":{"start":{"line":29,"column":8},"end":{"line":33,"column":10}},"16":{"start":{"line":34,"column":8},"end":{"line":34,"column":73}},"17":{"start":{"line":35,"column":8},"end":{"line":35,"column":22}},"18":{"start":{"line":41,"column":2},"end":{"line":57,"column":3}},"19":{"start":{"line":43,"column":29},"end":{"line":43,"column":70}},"20":{"start":{"line":44,"column":4},"end":{"line":55,"column":5}},"21":{"start":{"line":45,"column":20},"end":{"line":45,"column":62}},"22":{"start":{"line":46,"column":6},"end":{"line":54,"column":7}},"23":{"start":{"line":47,"column":8},"end":{"line":51,"column":10}},"24":{"start":{"line":52,"column":8},"end":{"line":52,"column":73}},"25":{"start":{"line":53,"column":8},"end":{"line":53,"column":22}},"26":{"start":{"line":60,"column":23},"end":{"line":60,"column":73}},"27":{"start":{"line":61,"column":21},"end":{"line":61,"column":83}},"28":{"start":{"line":61,"column":50},"end":{"line":61,"column":82}},"29":{"start":{"line":63,"column":2},"end":{"line":71,"column":3}},"30":{"start":{"line":64,"column":4},"end":{"line":68,"column":6}},"31":{"start":{"line":69,"column":4},"end":{"line":69,"column":69}},"32":{"start":{"line":70,"column":4},"end":{"line":70,"column":18}},"33":{"start":{"line":74,"column":2},"end":{"line":82,"column":3}},"34":{"start":{"line":75,"column":4},"end":{"line":79,"column":6}},"35":{"start":{"line":80,"column":4},"end":{"line":80,"column":69}},"36":{"start":{"line":81,"column":4},"end":{"line":81,"column":18}},"37":{"start":{"line":85,"column":24},"end":{"line":85,"column":61}},"38":{"start":{"line":86,"column":22},"end":{"line":86,"column":85}},"39":{"start":{"line":86,"column":52},"end":{"line":86,"column":84}},"40":{"start":{"line":88,"column":2},"end":{"line":96,"column":3}},"41":{"start":{"line":89,"column":4},"end":{"line":93,"column":6}},"42":{"start":{"line":94,"column":4},"end":{"line":94,"column":69}},"43":{"start":{"line":95,"column":4},"end":{"line":95,"column":18}},"44":{"start":{"line":99,"column":2},"end":{"line":103,"column":4}},"45":{"start":{"line":104,"column":2},"end":{"line":104,"column":67}},"46":{"start":{"line":105,"column":2},"end":{"line":105,"column":16}},"47":{"start":{"line":109,"column":19},"end":{"line":109,"column":46}},"48":{"start":{"line":113,"column":19},"end":{"line":113,"column":35}},"49":{"start":{"line":114,"column":2},"end":{"line":116,"column":3}},"50":{"start":{"line":115,"column":4},"end":{"line":115,"column":37}},"51":{"start":{"line":118,"column":26},"end":{"line":118,"column":34}},"52":{"start":{"line":119,"column":24},"end":{"line":119,"column":26}},"53":{"start":{"line":122,"column":2},"end":{"line":146,"column":3}},"54":{"start":{"line":123,"column":18},"end":{"line":125,"column":38}},"55":{"start":{"line":124,"column":19},"end":{"line":124,"column":30}},"56":{"start":{"line":125,"column":22},"end":{"line":125,"column":37}},"57":{"start":{"line":128,"column":4},"end":{"line":137,"column":5}},"58":{"start":{"line":129,"column":6},"end":{"line":136,"column":7}},"59":{"start":{"line":130,"column":26},"end":{"line":132,"column":42}},"60":{"start":{"line":131,"column":23},"end":{"line":131,"column":34}},"61":{"start":{"line":132,"column":26},"end":{"line":132,"column":41}},"62":{"start":{"line":133,"column":8},"end":{"line":133,"column":33}},"63":{"start":{"line":135,"column":8},"end":{"line":135,"column":25}},"64":{"start":{"line":138,"column":9},"end":{"line":146,"column":3}},"65":{"start":{"line":140,"column":4},"end":{"line":142,"column":39}},"66":{"start":{"line":141,"column":19},"end":{"line":141,"column":30}},"67":{"start":{"line":142,"column":22},"end":{"line":142,"column":37}},"68":{"start":{"line":145,"column":4},"end":{"line":145,"column":30}},"69":{"start":{"line":149,"column":2},"end":{"line":149,"column":34}},"70":{"start":{"line":152,"column":2},"end":{"line":157,"column":3}},"71":{"start":{"line":153,"column":21},"end":{"line":153,"column":51}},"72":{"start":{"line":154,"column":4},"end":{"line":156,"column":5}},"73":{"start":{"line":155,"column":6},"end":{"line":155,"column":34}},"74":{"start":{"line":159,"column":2},"end":{"line":159,"column":15}},"75":{"start":{"line":163,"column":2},"end":{"line":168,"column":3}},"76":{"start":{"line":164,"column":4},"end":{"line":167,"column":6}},"77":{"start":{"line":171,"column":16},"end":{"line":171,"column":45}},"78":{"start":{"line":174,"column":27},"end":{"line":174,"column":60}},"79":{"start":{"line":176,"column":2},"end":{"line":179,"column":4}},"80":{"start":{"line":177,"column":47},"end":{"line":177,"column":71}},"81":{"start":{"line":178,"column":48},"end":{"line":178,"column":73}},"82":{"start":{"line":184,"column":2},"end":{"line":184,"column":30}},"83":{"start":{"line":185,"column":2},"end":{"line":185,"column":21}}},"fnMap":{"0":{"name":"categorizeShoppingItem","decl":{"start":{"line":10,"column":16},"end":{"line":10,"column":38}},"loc":{"start":{"line":10,"column":51},"end":{"line":106,"column":1}}},"1":{"name":"(anonymous_1)","decl":{"start":{"line":61,"column":39},"end":{"line":61,"column":46}},"loc":{"start":{"line":61,"column":50},"end":{"line":61,"column":82}}},"2":{"name":"(anonymous_2)","decl":{"start":{"line":86,"column":41},"end":{"line":86,"column":48}},"loc":{"start":{"line":86,"column":52},"end":{"line":86,"column":84}}},"3":{"name":"parseShoppingInput","decl":{"start":{"line":112,"column":9},"end":{"line":112,"column":27}},"loc":{"start":{"line":112,"column":45},"end":{"line":160,"column":1}}},"4":{"name":"(anonymous_4)","decl":{"start":{"line":124,"column":11},"end":{"line":124,"column":15}},"loc":{"start":{"line":124,"column":19},"end":{"line":124,"column":30}}},"5":{"name":"(anonymous_5)","decl":{"start":{"line":125,"column":14},"end":{"line":125,"column":18}},"loc":{"start":{"line":125,"column":22},"end":{"line":125,"column":37}}},"6":{"name":"(anonymous_6)","decl":{"start":{"line":131,"column":15},"end":{"line":131,"column":19}},"loc":{"start":{"line":131,"column":23},"end":{"line":131,"column":34}}},"7":{"name":"(anonymous_7)","decl":{"start":{"line":132,"column":18},"end":{"line":132,"column":22}},"loc":{"start":{"line":132,"column":26},"end":{"line":132,"column":41}}},"8":{"name":"(anonymous_8)","decl":{"start":{"line":141,"column":11},"end":{"line":141,"column":15}},"loc":{"start":{"line":141,"column":19},"end":{"line":141,"column":30}}},"9":{"name":"(anonymous_9)","decl":{"start":{"line":142,"column":14},"end":{"line":142,"column":18}},"loc":{"start":{"line":142,"column":22},"end":{"line":142,"column":37}}},"10":{"name":"optimizeShoppingList","decl":{"start":{"line":162,"column":16},"end":{"line":162,"column":36}},"loc":{"start":{"line":162,"column":54},"end":{"line":180,"column":1}}},"11":{"name":"(anonymous_11)","decl":{"start":{"line":177,"column":39},"end":{"line":177,"column":43}},"loc":{"start":{"line":177,"column":47},"end":{"line":177,"column":71}}},"12":{"name":"(anonymous_12)","decl":{"start":{"line":178,"column":40},"end":{"line":178,"column":44}},"loc":{"start":{"line":178,"column":48},"end":{"line":178,"column":73}}},"13":{"name":"clearOptimizationCaches","decl":{"start":{"line":183,"column":16},"end":{"line":183,"column":39}},"loc":{"start":{"line":183,"column":39},"end":{"line":186,"column":1}}}},"branchMap":{"0":{"loc":{"start":{"line":13,"column":2},"end":{"line":17,"column":3}},"type":"if","locations":[{"start":{"line":13,"column":2},"end":{"line":17,"column":3}},{"start":{},"end":{}}]},"1":{"loc":{"start":{"line":23,"column":2},"end":{"line":39,"column":3}},"type":"if","locations":[{"start":{"line":23,"column":2},"end":{"line":39,"column":3}},{"start":{},"end":{}}]},"2":{"loc":{"start":{"line":26,"column":4},"end":{"line":37,"column":5}},"type":"if","locations":[{"start":{"line":26,"column":4},"end":{"line":37,"column":5}},{"start":{},"end":{}}]},"3":{"loc":{"start":{"line":28,"column":6},"end":{"line":36,"column":7}},"type":"if","locations":[{"start":{"line":28,"column":6},"end":{"line":36,"column":7}},{"start":{},"end":{}}]},"4":{"loc":{"start":{"line":28,"column":10},"end":{"line":28,"column":42}},"type":"binary-expr","locations":[{"start":{"line":28,"column":10},"end":{"line":28,"column":15}},{"start":{"line":28,"column":19},"end":{"line":28,"column":42}}]},"5":{"loc":{"start":{"line":41,"column":2},"end":{"line":57,"column":3}},"type":"if","locations":[{"start":{"line":41,"column":2},"end":{"line":57,"column":3}},{"start":{},"end":{}}]},"6":{"loc":{"start":{"line":44,"column":4},"end":{"line":55,"column":5}},"type":"if","locations":[{"start":{"line":44,"column":4},"end":{"line":55,"column":5}},{"start":{},"end":{}}]},"7":{"loc":{"start":{"line":46,"column":6},"end":{"line":54,"column":7}},"type":"if","locations":[{"start":{"line":46,"column":6},"end":{"line":54,"column":7}},{"start":{},"end":{}}]},"8":{"loc":{"start":{"line":46,"column":10},"end":{"line":46,"column":42}},"type":"binary-expr","locations":[{"start":{"line":46,"column":10},"end":{"line":46,"column":15}},{"start":{"line":46,"column":19},"end":{"line":46,"column":42}}]},"9":{"loc":{"start":{"line":63,"column":2},"end":{"line":71,"column":3}},"type":"if","locations":[{"start":{"line":63,"column":2},"end":{"line":71,"column":3}},{"start":{},"end":{}}]},"10":{"loc":{"start":{"line":74,"column":2},"end":{"line":82,"column":3}},"type":"if","locations":[{"start":{"line":74,"column":2},"end":{"line":82,"column":3}},{"start":{},"end":{}}]},"11":{"loc":{"start":{"line":74,"column":6},"end":{"line":74,"column":181}},"type":"binary-expr","locations":[{"start":{"line":74,"column":6},"end":{"line":74,"column":37}},{"start":{"line":74,"column":42},"end":{"line":74,"column":73}},{"start":{"line":74,"column":77},"end":{"line":74,"column":109}},{"start":{"line":74,"column":114},"end":{"line":74,"column":145}},{"start":{"line":74,"column":149},"end":{"line":74,"column":179}}]},"12":{"loc":{"start":{"line":88,"column":2},"end":{"line":96,"column":3}},"type":"if","locations":[{"start":{"line":88,"column":2},"end":{"line":96,"column":3}},{"start":{},"end":{}}]},"13":{"loc":{"start":{"line":114,"column":2},"end":{"line":116,"column":3}},"type":"if","locations":[{"start":{"line":114,"column":2},"end":{"line":116,"column":3}},{"start":{},"end":{}}]},"14":{"loc":{"start":{"line":122,"column":2},"end":{"line":146,"column":3}},"type":"if","locations":[{"start":{"line":122,"column":2},"end":{"line":146,"column":3}},{"start":{"line":138,"column":9},"end":{"line":146,"column":3}}]},"15":{"loc":{"start":{"line":129,"column":6},"end":{"line":136,"column":7}},"type":"if","locations":[{"start":{"line":129,"column":6},"end":{"line":136,"column":7}},{"start":{"line":134,"column":13},"end":{"line":136,"column":7}}]},"16":{"loc":{"start":{"line":138,"column":9},"end":{"line":146,"column":3}},"type":"if","locations":[{"start":{"line":138,"column":9},"end":{"line":146,"column":3}},{"start":{"line":143,"column":9},"end":{"line":146,"column":3}}]},"17":{"loc":{"start":{"line":152,"column":2},"end":{"line":157,"column":3}},"type":"if","locations":[{"start":{"line":152,"column":2},"end":{"line":157,"column":3}},{"start":{},"end":{}}]},"18":{"loc":{"start":{"line":154,"column":4},"end":{"line":156,"column":5}},"type":"if","locations":[{"start":{"line":154,"column":4},"end":{"line":156,"column":5}},{"start":{},"end":{}}]},"19":{"loc":{"start":{"line":163,"column":2},"end":{"line":168,"column":3}},"type":"if","locations":[{"start":{"line":163,"column":2},"end":{"line":168,"column":3}},{"start":{},"end":{}}]},"20":{"loc":{"start":{"line":163,"column":6},"end":{"line":163,"column":49}},"type":"binary-expr","locations":[{"start":{"line":163,"column":6},"end":{"line":163,"column":16}},{"start":{"line":163,"column":20},"end":{"line":163,"column":49}}]}},"s":{"0":3,"1":3,"2":3,"3":3,"4":3,"5":3210,"6":3210,"7":1205,"8":1205,"9":2005,"10":2005,"11":7,"12":7,"13":6,"14":6,"15":6,"16":6,"17":6,"18":1999,"19":6,"20":6,"21":6,"22":6,"23":6,"24":6,"25":6,"26":1993,"27":1993,"28":7936,"29":1993,"30":18,"31":18,"32":18,"33":1975,"34":4,"35":4,"36":4,"37":1971,"38":1971,"39":7851,"40":1971,"41":22,"42":22,"43":22,"44":1949,"45":1949,"46":1949,"47":3,"48":687,"49":687,"50":112,"51":575,"52":575,"53":575,"54":157,"55":808,"56":808,"57":157,"58":808,"59":149,"60":298,"61":298,"62":149,"63":659,"64":418,"65":289,"66":1100,"67":1100,"68":129,"69":575,"70":575,"71":357,"72":357,"73":357,"74":575,"75":689,"76":2,"77":687,"78":687,"79":687,"80":2417,"81":2417,"82":0,"83":0},"f":{"0":3210,"1":7936,"2":7851,"3":687,"4":808,"5":808,"6":298,"7":298,"8":1100,"9":1100,"10":689,"11":2417,"12":2417,"13":0},"b":{"0":[1205,2005],"1":[7,1998],"2":[6,1],"3":[6,0],"4":[6,6],"5":[6,1993],"6":[6,0],"7":[6,0],"8":[6,6],"9":[18,1975],"10":[4,1971],"11":[1975,5,4,2,2],"12":[22,1949],"13":[112,575],"14":[157,418],"15":[149,659],"16":[289,129],"17":[357,218],"18":[357,0],"19":[2,687],"20":[689,688]}}
}
