TN:
SF:src/App.tsx
FN:10,App
FNF:1
FNH:0
FNDA:0,App
DA:1,0
DA:2,0
DA:3,0
DA:4,0
DA:5,0
DA:6,0
DA:7,0
DA:8,0
DA:11,0
DA:53,0
LF:10
LH:0
BRF:0
BRH:0
end_of_record
TN:
SF:src/components/CardHeader.tsx
FN:11,(anonymous_1)
FNF:1
FNH:1
FNDA:338,(anonymous_1)
DA:1,2
DA:2,2
DA:11,2
DA:17,338
DA:19,338
DA:47,2
DA:49,2
LF:7
LH:7
BRDA:29,0,0,169
BRDA:29,0,1,169
BRDA:38,1,0,169
BRDA:38,1,1,169
BRF:4
BRH:4
end_of_record
TN:
SF:src/components/EmptyState.tsx
FN:8,(anonymous_9)
FN:10,(anonymous_10)
FNF:2
FNH:2
FNDA:173,(anonymous_9)
FNDA:173,(anonymous_10)
DA:1,3
DA:2,3
DA:8,3
DA:10,173
DA:11,173
DA:12,152
DA:19,21
DA:28,173
DA:43,3
DA:45,3
LF:10
LH:10
BRDA:11,0,0,152
BRDA:11,0,1,21
BRF:2
BRH:2
end_of_record
TN:
SF:src/components/FeedbackForm.tsx
FN:10,(anonymous_7)
FN:20,(anonymous_8)
FN:20,(anonymous_9)
FN:30,(anonymous_10)
FN:39,(anonymous_11)
FN:46,(anonymous_12)
FN:47,(anonymous_13)
FN:61,(anonymous_14)
FN:76,(anonymous_15)
FN:94,(anonymous_16)
FN:101,(anonymous_17)
FN:117,(anonymous_18)
FN:130,(anonymous_19)
FN:139,(anonymous_20)
FNF:14
FNH:0
FNDA:0,(anonymous_7)
FNDA:0,(anonymous_8)
FNDA:0,(anonymous_9)
FNDA:0,(anonymous_10)
FNDA:0,(anonymous_11)
FNDA:0,(anonymous_12)
FNDA:0,(anonymous_13)
FNDA:0,(anonymous_14)
FNDA:0,(anonymous_15)
FNDA:0,(anonymous_16)
FNDA:0,(anonymous_17)
FNDA:0,(anonymous_18)
FNDA:0,(anonymous_19)
FNDA:0,(anonymous_20)
DA:1,0
DA:2,0
DA:10,0
DA:11,0
DA:12,0
DA:17,0
DA:18,0
DA:20,0
DA:21,0
DA:23,0
DA:24,0
DA:27,0
DA:30,0
DA:33,0
DA:35,0
DA:36,0
DA:39,0
DA:40,0
DA:41,0
DA:42,0
DA:46,0
DA:47,0
DA:50,0
DA:57,0
DA:58,0
DA:61,0
DA:69,0
DA:76,0
DA:95,0
DA:101,0
DA:117,0
DA:130,0
DA:139,0
DA:166,0
LF:34
LH:0
BRDA:23,0,0,0
BRDA:23,0,1,0
BRDA:23,1,0,0
BRDA:23,1,1,0
BRDA:57,2,0,0
BRDA:57,2,1,0
BRDA:83,3,0,0
BRDA:83,3,1,0
BRDA:147,4,0,0
BRDA:147,4,1,0
BRDA:147,4,2,0
BRDA:149,5,0,0
BRDA:149,5,1,0
BRF:13
BRH:0
end_of_record
TN:
SF:src/components/LiveStatusBar.tsx
FN:11,(anonymous_0)
FN:20,(anonymous_1)
FN:78,(anonymous_2)
FN:84,(anonymous_3)
FN:89,(anonymous_4)
FN:93,(anonymous_5)
FN:100,(anonymous_6)
FNF:7
FNH:0
FNDA:0,(anonymous_0)
FNDA:0,(anonymous_1)
FNDA:0,(anonymous_2)
FNDA:0,(anonymous_3)
FNDA:0,(anonymous_4)
FNDA:0,(anonymous_5)
FNDA:0,(anonymous_6)
DA:1,0
DA:2,0
DA:11,0
DA:12,0
DA:18,0
DA:20,0
DA:21,0
DA:22,0
DA:23,0
DA:26,0
DA:27,0
DA:28,0
DA:31,0
DA:33,0
DA:34,0
DA:38,0
DA:45,0
DA:46,0
DA:48,0
DA:50,0
DA:51,0
DA:52,0
DA:54,0
DA:55,0
DA:56,0
DA:58,0
DA:59,0
DA:60,0
DA:62,0
DA:63,0
DA:65,0
DA:66,0
DA:69,0
DA:78,0
DA:80,0
DA:81,0
DA:84,0
DA:85,0
DA:89,0
DA:90,0
DA:93,0
DA:94,0
DA:95,0
DA:100,0
DA:101,0
DA:109,0
DA:131,0
LF:47
LH:0
BRDA:31,0,0,0
BRDA:31,0,1,0
BRDA:33,1,0,0
BRDA:33,1,1,0
BRDA:34,2,0,0
BRDA:34,2,1,0
BRDA:48,3,0,0
BRDA:48,3,1,0
BRDA:48,4,0,0
BRDA:48,4,1,0
BRDA:52,5,0,0
BRDA:52,5,1,0
BRDA:52,6,0,0
BRDA:52,6,1,0
BRDA:56,7,0,0
BRDA:56,7,1,0
BRDA:56,8,0,0
BRDA:56,8,1,0
BRDA:60,9,0,0
BRDA:60,9,1,0
BRDA:60,10,0,0
BRDA:60,10,1,0
BRDA:110,11,0,0
BRDA:110,11,1,0
BRF:24
BRH:0
end_of_record
TN:
SF:src/components/SafetyMap.tsx
FN:76,(anonymous_1)
FN:79,(anonymous_2)
FN:105,(anonymous_3)
FN:118,(anonymous_4)
FN:144,(anonymous_5)
FNF:5
FNH:4
FNDA:9,(anonymous_1)
FNDA:0,(anonymous_2)
FNDA:9,(anonymous_3)
FNDA:18,(anonymous_4)
FNDA:9,(anonymous_5)
DA:1,1
DA:2,1
DA:3,1
DA:4,1
DA:5,1
DA:8,1
DA:9,1
DA:16,1
DA:17,1
DA:20,1
DA:48,1
DA:66,1
DA:76,1
DA:77,9
DA:79,9
DA:80,0
DA:83,9
DA:106,9
DA:119,18
DA:145,9
DA:201,1
LF:21
LH:20
BRDA:168,0,0,9
BRDA:168,0,1,9
BRF:2
BRH:2
end_of_record
TN:
SF:src/components/SafetyRouter.tsx
FN:7,(anonymous_0)
FN:13,(anonymous_1)
FN:27,(anonymous_2)
FN:48,(anonymous_3)
FN:71,(anonymous_4)
FNF:5
FNH:4
FNDA:90,(anonymous_0)
FNDA:30,(anonymous_1)
FNDA:30,(anonymous_2)
FNDA:0,(anonymous_3)
FNDA:990,(anonymous_4)
DA:1,1
DA:2,1
DA:3,1
DA:5,1
DA:7,1
DA:8,90
DA:9,90
DA:10,90
DA:11,90
DA:13,90
DA:14,30
DA:15,30
DA:18,30
DA:19,0
DA:22,30
DA:23,30
DA:25,30
DA:27,30
DA:28,30
DA:29,30
DA:30,30
DA:32,0
DA:33,0
DA:35,30
DA:38,0
DA:39,0
DA:40,0
DA:43,0
DA:44,0
DA:48,90
DA:49,0
DA:50,0
DA:51,0
DA:52,0
DA:55,90
DA:72,990
DA:136,1
LF:37
LH:25
BRDA:18,0,0,0
BRDA:18,0,1,30
BRDA:22,1,0,30
BRDA:22,1,1,0
BRDA:29,2,0,30
BRDA:29,2,1,0
BRDA:67,3,0,0
BRDA:67,3,1,90
BRDA:78,4,0,90
BRDA:78,4,1,60
BRDA:90,5,0,90
BRDA:90,5,1,0
BRDA:97,6,0,90
BRDA:97,6,1,30
BRDA:105,7,0,90
BRDA:105,7,1,30
BRDA:105,7,2,30
BRDA:106,8,0,14
BRDA:106,8,1,16
BRDA:110,9,0,14
BRDA:110,9,1,16
BRDA:116,10,0,30
BRDA:116,10,1,14
BRDA:127,11,0,90
BRDA:127,11,1,30
BRDA:127,11,2,30
BRF:26
BRH:21
end_of_record
TN:
SF:src/components/ShoppingOptimizer.tsx
FN:11,(anonymous_1)
FN:23,(anonymous_2)
FN:26,(anonymous_3)
FN:34,(anonymous_4)
FN:41,(anonymous_5)
FN:49,(anonymous_6)
FN:50,(anonymous_7)
FN:70,(anonymous_8)
FN:77,(anonymous_9)
FN:89,(anonymous_10)
FN:107,(anonymous_11)
FN:130,(anonymous_12)
FN:142,(anonymous_13)
FN:146,(anonymous_14)
FN:153,(anonymous_15)
FN:154,(anonymous_16)
FN:155,(anonymous_17)
FN:170,(anonymous_18)
FN:274,(anonymous_19)
FN:305,(anonymous_20)
FNF:20
FNH:18
FNDA:1637,(anonymous_1)
FNDA:469,(anonymous_2)
FNDA:469,(anonymous_3)
FNDA:0,(anonymous_4)
FNDA:469,(anonymous_5)
FNDA:469,(anonymous_6)
FNDA:469,(anonymous_7)
FNDA:1099,(anonymous_8)
FNDA:604,(anonymous_9)
FNDA:369,(anonymous_10)
FNDA:630,(anonymous_11)
FNDA:369,(anonymous_12)
FNDA:369,(anonymous_13)
FNDA:369,(anonymous_14)
FNDA:369,(anonymous_15)
FNDA:367,(anonymous_16)
FNDA:367,(anonymous_17)
FNDA:0,(anonymous_18)
FNDA:31,(anonymous_19)
FNDA:564,(anonymous_20)
DA:1,2
DA:2,2
DA:3,2
DA:4,2
DA:5,2
DA:7,2
DA:8,2
DA:9,2
DA:11,2
DA:12,1637
DA:13,1637
DA:14,1637
DA:15,1637
DA:16,1637
DA:17,1637
DA:20,1637
DA:23,1637
DA:26,1637
DA:28,469
DA:31,469
DA:34,469
DA:35,0
DA:39,469
DA:41,469
DA:42,469
DA:43,469
DA:44,469
DA:49,1637
DA:50,469
DA:51,469
DA:52,0
DA:55,0
DA:56,0
DA:58,0
DA:59,0
DA:60,0
DA:61,0
DA:62,0
DA:63,0
DA:64,0
DA:70,1637
DA:71,1099
DA:72,1099
DA:73,502
DA:77,597
DA:78,604
DA:81,597
DA:82,24
DA:85,573
DA:89,1637
DA:90,369
DA:91,369
DA:93,369
DA:95,369
DA:96,369
DA:99,369
DA:102,369
DA:104,369
DA:107,1637
DA:108,630
DA:110,630
DA:111,630
DA:114,630
DA:115,0
DA:119,630
DA:120,0
DA:121,0
DA:122,0
DA:126,630
DA:127,630
DA:130,1637
DA:132,369
DA:133,0
DA:134,0
DA:137,369
DA:138,369
DA:140,369
DA:142,369
DA:144,369
DA:146,369
DA:147,369
DA:148,369
DA:149,369
DA:152,369
DA:153,369
DA:154,369
DA:155,369
DA:159,0
DA:160,0
DA:165,0
DA:166,0
DA:170,1637
DA:171,0
DA:172,0
DA:173,0
DA:177,1637
DA:275,31
DA:306,564
DA:338,2
LF:99
LH:75
BRDA:51,0,0,0
BRDA:51,0,1,469
BRDA:72,1,0,502
BRDA:72,1,1,597
BRDA:78,2,0,604
BRDA:78,2,1,599
BRDA:81,3,0,24
BRDA:81,3,1,573
BRDA:114,4,0,0
BRDA:114,4,1,630
BRDA:119,5,0,0
BRDA:119,5,1,630
BRDA:132,6,0,0
BRDA:132,6,1,369
BRDA:144,7,0,0
BRDA:144,7,1,369
BRDA:152,8,0,369
BRDA:152,8,1,0
BRDA:171,9,0,0
BRDA:171,9,1,0
BRDA:171,10,0,0
BRDA:171,10,1,0
BRDA:196,11,0,0
BRDA:196,11,1,1637
BRDA:198,12,0,0
BRDA:198,12,1,1637
BRDA:199,13,0,0
BRDA:199,13,1,1637
BRDA:202,14,0,1637
BRDA:202,14,1,0
BRDA:216,15,0,573
BRDA:216,15,1,1064
BRDA:217,16,0,1637
BRDA:217,16,1,1064
BRDA:220,17,0,573
BRDA:220,17,1,1064
BRDA:235,18,0,1637
BRDA:235,18,1,169
BRDA:237,19,0,0
BRDA:237,19,1,169
BRDA:268,20,0,19
BRDA:268,20,1,150
BRDA:270,21,0,0
BRDA:270,21,1,19
BRDA:280,22,0,0
BRDA:280,22,1,31
BRDA:299,23,0,150
BRDA:299,23,1,19
BRDA:301,24,0,0
BRDA:301,24,1,150
BRDA:311,25,0,0
BRDA:311,25,1,564
BRF:52
BRH:33
end_of_record
TN:
SF:src/components/StoreInfo.tsx
FN:5,(anonymous_0)
FN:8,(anonymous_1)
FN:12,(anonymous_2)
FN:29,(anonymous_3)
FN:30,(anonymous_4)
FN:42,(anonymous_5)
FN:43,(anonymous_6)
FN:118,(anonymous_7)
FNF:8
FNH:0
FNDA:0,(anonymous_0)
FNDA:0,(anonymous_1)
FNDA:0,(anonymous_2)
FNDA:0,(anonymous_3)
FNDA:0,(anonymous_4)
FNDA:0,(anonymous_5)
FNDA:0,(anonymous_6)
FNDA:0,(anonymous_7)
DA:1,0
DA:2,0
DA:3,0
DA:5,0
DA:6,0
DA:8,0
DA:9,0
DA:12,0
DA:13,0
DA:14,0
DA:15,0
DA:19,0
DA:29,0
DA:30,0
DA:42,0
DA:43,0
DA:119,0
DA:137,0
LF:18
LH:0
BRDA:9,0,0,0
BRDA:9,0,1,0
BRDA:13,1,0,0
BRDA:13,1,1,0
BRDA:13,2,0,0
BRDA:13,2,1,0
BRDA:28,3,0,0
BRDA:28,3,1,0
BRDA:41,4,0,0
BRDA:41,4,1,0
BRDA:55,5,0,0
BRDA:55,5,1,0
BRDA:127,6,0,0
BRDA:127,6,1,0
BRF:14
BRH:0
end_of_record
TN:
SF:src/components/TransportInfo.tsx
FN:104,(anonymous_0)
FN:108,(anonymous_1)
FN:112,(anonymous_2)
FN:129,(anonymous_3)
FN:133,(anonymous_4)
FN:153,(anonymous_5)
FN:163,(anonymous_6)
FN:174,(anonymous_7)
FN:191,(anonymous_8)
FN:212,(anonymous_9)
FN:229,(anonymous_10)
FNF:11
FNH:0
FNDA:0,(anonymous_0)
FNDA:0,(anonymous_1)
FNDA:0,(anonymous_2)
FNDA:0,(anonymous_3)
FNDA:0,(anonymous_4)
FNDA:0,(anonymous_5)
FNDA:0,(anonymous_6)
FNDA:0,(anonymous_7)
FNDA:0,(anonymous_8)
FNDA:0,(anonymous_9)
FNDA:0,(anonymous_10)
DA:1,0
DA:2,0
DA:15,0
DA:82,0
DA:104,0
DA:105,0
DA:106,0
DA:108,0
DA:109,0
DA:112,0
DA:113,0
DA:114,0
DA:117,0
DA:130,0
DA:133,0
DA:154,0
DA:164,0
DA:175,0
DA:191,0
DA:213,0
DA:230,0
DA:267,0
LF:22
LH:0
BRDA:109,0,0,0
BRDA:109,0,1,0
BRDA:114,1,0,0
BRDA:114,1,1,0
BRDA:132,2,0,0
BRDA:132,2,1,0
BRDA:148,3,0,0
BRDA:148,3,1,0
BRDA:159,4,0,0
BRDA:159,4,1,0
BRDA:170,5,0,0
BRDA:170,5,1,0
BRDA:190,6,0,0
BRDA:190,6,1,0
BRDA:197,7,0,0
BRDA:197,7,1,0
BRDA:201,8,0,0
BRDA:201,8,1,0
BRDA:237,9,0,0
BRDA:237,9,1,0
BRF:20
BRH:0
end_of_record
TN:
SF:src/constants/index.ts
FNF:0
FNH:0
DA:6,6
DA:44,6
DA:83,6
DA:86,6
DA:89,6
DA:128,6
DA:162,6
DA:168,6
DA:204,6
LF:9
LH:9
BRF:0
BRH:0
end_of_record
TN:
SF:src/utils/frameRateMonitor.ts
FN:3,(anonymous_0)
FN:101,(anonymous_1)
FN:118,(anonymous_2)
FN:14,(anonymous_3)
FN:22,(anonymous_4)
FN:34,(anonymous_5)
FN:43,(anonymous_6)
FN:48,(anonymous_7)
FN:51,(anonymous_8)
FN:56,(anonymous_9)
FN:62,(anonymous_10)
FN:67,(anonymous_11)
FN:72,(anonymous_12)
FN:80,(anonymous_13)
FN:85,(anonymous_14)
FN:141,(anonymous_15)
FN:146,(anonymous_16)
FN:150,(anonymous_17)
FN:156,(anonymous_18)
FN:166,(anonymous_19)
FN:171,(anonymous_20)
FN:176,(anonymous_21)
FN:180,(anonymous_22)
FN:190,(anonymous_23)
FN:193,(anonymous_24)
FN:205,(anonymous_25)
FN:212,(anonymous_26)
FN:216,(anonymous_27)
FN:220,(anonymous_28)
FN:226,(anonymous_29)
FN:231,(anonymous_30)
FN:237,(anonymous_31)
FN:241,(anonymous_32)
FN:256,(anonymous_33)
FN:271,(anonymous_34)
FN:275,(anonymous_35)
FN:279,(anonymous_36)
FN:316,(anonymous_37)
FN:320,(anonymous_38)
FN:324,(anonymous_39)
FNF:40
FNH:15
FNDA:2,(anonymous_0)
FNDA:2655,(anonymous_1)
FNDA:0,(anonymous_2)
FNDA:4,(anonymous_3)
FNDA:938,(anonymous_4)
FNDA:938,(anonymous_5)
FNDA:0,(anonymous_6)
FNDA:0,(anonymous_7)
FNDA:0,(anonymous_8)
FNDA:0,(anonymous_9)
FNDA:0,(anonymous_10)
FNDA:0,(anonymous_11)
FNDA:0,(anonymous_12)
FNDA:0,(anonymous_13)
FNDA:0,(anonymous_14)
FNDA:2,(anonymous_15)
FNDA:469,(anonymous_16)
FNDA:0,(anonymous_17)
FNDA:469,(anonymous_18)
FNDA:2,(anonymous_19)
FNDA:2,(anonymous_20)
FNDA:0,(anonymous_21)
FNDA:0,(anonymous_22)
FNDA:0,(anonymous_23)
FNDA:0,(anonymous_24)
FNDA:2,(anonymous_25)
FNDA:2,(anonymous_26)
FNDA:0,(anonymous_27)
FNDA:0,(anonymous_28)
FNDA:469,(anonymous_29)
FNDA:469,(anonymous_30)
FNDA:0,(anonymous_31)
FNDA:0,(anonymous_32)
FNDA:469,(anonymous_33)
FNDA:0,(anonymous_34)
FNDA:0,(anonymous_35)
FNDA:0,(anonymous_36)
FNDA:0,(anonymous_37)
FNDA:0,(anonymous_38)
FNDA:0,(anonymous_39)
DA:3,2
DA:5,2
DA:6,2
DA:7,2
DA:8,2
DA:9,2
DA:10,2
DA:11,2
DA:12,2
DA:15,4
DA:16,2
DA:18,4
DA:23,938
DA:25,469
DA:26,469
DA:27,469
DA:28,469
DA:30,469
DA:35,938
DA:36,938
DA:37,469
DA:38,469
DA:44,0
DA:49,0
DA:51,0
DA:52,0
DA:57,0
DA:58,0
DA:63,0
DA:68,0
DA:73,0
DA:74,0
DA:75,0
DA:81,0
DA:92,0
DA:101,2
DA:102,2655
DA:104,2655
DA:105,2655
DA:108,2655
DA:109,0
DA:110,0
DA:113,0
DA:114,0
DA:118,0
DA:121,0
DA:122,0
DA:125,0
DA:126,0
DA:129,2655
DA:134,2
DA:136,2
DA:137,2
DA:138,2
DA:139,2
DA:142,2
DA:147,469
DA:150,469
DA:151,0
DA:157,469
DA:159,469
DA:160,469
DA:161,469
DA:167,2
DA:172,2
DA:177,0
DA:181,0
DA:182,0
DA:185,0
DA:188,0
DA:189,0
DA:190,0
DA:191,0
DA:192,0
DA:193,0
DA:199,2
DA:202,2
DA:203,2
DA:206,2
DA:207,2
DA:209,2
DA:213,2
DA:216,2
DA:217,0
DA:220,2
DA:221,0
DA:227,469
DA:232,469
DA:233,469
DA:238,0
DA:242,0
DA:244,0
DA:247,0
DA:250,0
DA:253,0
DA:257,469
DA:259,0
DA:262,0
DA:265,0
DA:268,0
DA:273,0
DA:275,0
DA:276,0
DA:277,0
DA:279,0
DA:280,0
DA:281,0
DA:284,0
DA:285,0
DA:286,0
DA:290,0
DA:291,0
DA:292,0
DA:297,0
DA:298,0
DA:299,0
DA:303,0
DA:304,0
DA:305,0
DA:318,0
DA:320,0
DA:321,0
DA:322,0
DA:324,0
DA:325,0
DA:326,0
DA:329,0
DA:330,0
DA:331,0
DA:335,0
DA:336,0
DA:337,0
DA:346,0
DA:351,2
DA:352,2
LF:135
LH:57
BRDA:102,0,0,0
BRDA:102,0,1,2655
BRDA:108,1,0,0
BRDA:108,1,1,2655
BRDA:113,2,0,0
BRDA:113,2,1,0
BRDA:121,3,0,0
BRDA:121,3,1,0
BRDA:121,4,0,0
BRDA:121,4,1,0
BRDA:15,5,0,2
BRDA:15,5,1,2
BRDA:23,6,0,469
BRDA:23,6,1,469
BRDA:36,7,0,469
BRDA:36,7,1,469
BRDA:49,8,0,0
BRDA:49,8,1,0
BRDA:57,9,0,0
BRDA:57,9,1,0
BRDA:74,10,0,0
BRDA:74,10,1,0
BRDA:159,11,0,469
BRDA:159,11,1,0
BRDA:185,12,0,0
BRDA:185,12,1,0
BRDA:188,13,0,0
BRDA:188,13,1,0
BRDA:188,14,0,0
BRDA:188,14,1,0
BRDA:191,15,0,0
BRDA:191,15,1,0
BRDA:191,16,0,0
BRDA:191,16,1,0
BRDA:206,17,0,2
BRDA:206,17,1,0
BRDA:242,18,0,0
BRDA:242,18,1,0
BRDA:257,19,0,469
BRDA:257,19,1,0
BRDA:277,20,0,0
BRDA:277,20,1,0
BRDA:280,21,0,0
BRDA:280,21,1,0
BRDA:284,22,0,0
BRDA:284,22,1,0
BRDA:285,23,0,0
BRDA:285,23,1,0
BRDA:291,24,0,0
BRDA:291,24,1,0
BRDA:297,25,0,0
BRDA:297,25,1,0
BRDA:298,26,0,0
BRDA:298,26,1,0
BRDA:304,27,0,0
BRDA:304,27,1,0
BRDA:322,28,0,0
BRDA:322,28,1,0
BRDA:325,29,0,0
BRDA:325,29,1,0
BRDA:330,30,0,0
BRDA:330,30,1,0
BRDA:336,31,0,0
BRDA:336,31,1,0
BRF:64
BRH:11
end_of_record
TN:
SF:src/utils/performance.ts
FN:4,(anonymous_0)
FN:9,(anonymous_1)
FN:17,(anonymous_2)
FN:23,(anonymous_3)
FN:47,(anonymous_4)
FN:51,(anonymous_5)
FN:55,(anonymous_6)
FN:72,(anonymous_7)
FN:77,(anonymous_8)
FN:92,measurePerformance
FN:93,(anonymous_10)
FN:96,(anonymous_11)
FN:104,(anonymous_12)
FN:116,debounce
FN:123,executedFunction
FN:124,(anonymous_15)
FN:139,throttle
FN:145,executedFunction
FN:149,(anonymous_18)
FN:155,isLowEndDevice
FN:188,(anonymous_20)
FN:192,getOptimizedAnimationConfig
FN:224,requestIdleCallback
FN:230,(anonymous_23)
FN:233,(anonymous_24)
FN:241,cancelIdleCallback
FN:250,(anonymous_26)
FN:254,(anonymous_27)
FN:259,(anonymous_28)
FN:263,(anonymous_29)
FN:268,(anonymous_30)
FN:272,(anonymous_31)
FN:280,(anonymous_32)
FN:283,(anonymous_33)
FN:287,(anonymous_34)
FNF:35
FNH:11
FNDA:2,(anonymous_0)
FNDA:1637,(anonymous_1)
FNDA:369,(anonymous_2)
FNDA:369,(anonymous_3)
FNDA:0,(anonymous_4)
FNDA:0,(anonymous_5)
FNDA:0,(anonymous_6)
FNDA:0,(anonymous_7)
FNDA:0,(anonymous_8)
FNDA:0,measurePerformance
FNDA:0,(anonymous_10)
FNDA:0,(anonymous_11)
FNDA:0,(anonymous_12)
FNDA:0,debounce
FNDA:0,executedFunction
FNDA:0,(anonymous_15)
FNDA:0,throttle
FNDA:0,executedFunction
FNDA:0,(anonymous_18)
FNDA:469,isLowEndDevice
FNDA:2814,(anonymous_20)
FNDA:469,getOptimizedAnimationConfig
FNDA:0,requestIdleCallback
FNDA:0,(anonymous_23)
FNDA:0,(anonymous_24)
FNDA:0,cancelIdleCallback
FNDA:2,(anonymous_26)
FNDA:0,(anonymous_27)
FNDA:0,(anonymous_28)
FNDA:0,(anonymous_29)
FNDA:0,(anonymous_30)
FNDA:0,(anonymous_31)
FNDA:2,(anonymous_32)
FNDA:6,(anonymous_33)
FNDA:369,(anonymous_34)
DA:4,2
DA:6,2
DA:7,2
DA:10,1637
DA:11,2
DA:13,1637
DA:18,369
DA:19,0
DA:24,369
DA:26,0
DA:27,0
DA:29,0
DA:30,0
DA:33,0
DA:34,0
DA:36,0
DA:39,0
DA:40,0
DA:41,0
DA:43,0
DA:48,0
DA:49,0
DA:51,0
DA:56,0
DA:58,0
DA:59,0
DA:60,0
DA:68,0
DA:73,0
DA:78,0
DA:80,0
DA:81,0
DA:82,0
DA:83,0
DA:84,0
DA:86,0
DA:92,2
DA:93,0
DA:94,0
DA:96,0
DA:97,0
DA:98,0
DA:100,0
DA:103,0
DA:104,0
DA:105,0
DA:108,0
DA:109,0
DA:116,2
DA:121,0
DA:123,0
DA:124,0
DA:125,0
DA:126,0
DA:129,0
DA:131,0
DA:132,0
DA:134,0
DA:139,2
DA:143,0
DA:145,0
DA:146,0
DA:147,0
DA:148,0
DA:149,0
DA:155,2
DA:157,469
DA:160,469
DA:161,0
DA:165,469
DA:166,0
DA:170,469
DA:171,0
DA:172,0
DA:173,0
DA:178,469
DA:179,469
DA:188,2814
DA:192,2
DA:193,469
DA:194,469
DA:198,469
DA:199,0
DA:206,469
DA:207,0
DA:215,469
DA:224,2
DA:225,0
DA:226,0
DA:230,0
DA:231,0
DA:232,0
DA:234,0
DA:241,2
DA:242,0
DA:243,0
DA:245,0
DA:250,2
DA:251,2
DA:252,2
DA:255,0
DA:256,0
DA:260,0
DA:262,0
DA:263,0
DA:264,0
DA:269,0
DA:270,0
DA:272,0
DA:277,2
DA:280,2
DA:281,2
DA:284,6
DA:288,369
DA:289,369
DA:291,369
DA:293,369
DA:294,0
DA:297,369
DA:302,2
DA:305,2
DA:306,2
DA:307,2
LF:123
LH:43
BRDA:10,0,0,2
BRDA:10,0,1,1635
BRDA:18,1,0,369
BRDA:18,1,1,0
BRDA:24,2,0,369
BRDA:24,2,1,0
BRDA:33,3,0,0
BRDA:33,3,1,0
BRDA:49,4,0,0
BRDA:49,4,1,0
BRDA:49,5,0,0
BRDA:49,5,1,0
BRDA:59,6,0,0
BRDA:59,6,1,0
BRDA:78,7,0,0
BRDA:78,7,1,0
BRDA:81,8,0,0
BRDA:81,8,1,0
BRDA:103,9,0,0
BRDA:103,9,1,0
BRDA:126,10,0,0
BRDA:126,10,1,0
BRDA:129,11,0,0
BRDA:129,11,1,0
BRDA:131,12,0,0
BRDA:131,12,1,0
BRDA:134,13,0,0
BRDA:134,13,1,0
BRDA:146,14,0,0
BRDA:146,14,1,0
BRDA:160,15,0,0
BRDA:160,15,1,469
BRDA:160,16,0,469
BRDA:160,16,1,0
BRDA:165,17,0,0
BRDA:165,17,1,469
BRDA:165,18,0,469
BRDA:165,18,1,469
BRDA:170,19,0,0
BRDA:170,19,1,469
BRDA:172,20,0,0
BRDA:172,20,1,0
BRDA:172,21,0,0
BRDA:172,21,1,0
BRDA:194,22,0,0
BRDA:194,22,1,469
BRDA:194,23,0,469
BRDA:194,23,1,469
BRDA:198,24,0,0
BRDA:198,24,1,469
BRDA:206,25,0,0
BRDA:206,25,1,469
BRDA:225,26,0,0
BRDA:225,26,1,0
BRDA:242,27,0,0
BRDA:242,27,1,0
BRDA:260,28,0,0
BRDA:260,28,1,0
BRDA:289,29,0,0
BRDA:289,29,1,369
BRDA:293,30,0,0
BRDA:293,30,1,369
BRDA:293,31,0,369
BRDA:293,31,1,0
BRF:64
BRH:18
end_of_record
TN:
SF:src/utils/performanceBudgets.ts
FN:25,(anonymous_7)
FN:32,(anonymous_8)
FN:37,(anonymous_9)
FN:75,(anonymous_10)
FN:80,(anonymous_11)
FN:122,(anonymous_12)
FN:128,(anonymous_13)
FN:133,(anonymous_14)
FN:138,(anonymous_15)
FN:140,(anonymous_16)
FN:146,(anonymous_17)
FN:153,(anonymous_18)
FN:154,(anonymous_19)
FN:155,(anonymous_20)
FN:159,(anonymous_21)
FN:167,(anonymous_22)
FN:168,(anonymous_23)
FN:181,(anonymous_24)
FN:186,(anonymous_25)
FN:194,(anonymous_26)
FN:199,(anonymous_27)
FN:215,measurePerformanceBudget
FN:216,(anonymous_29)
FN:220,(anonymous_30)
FN:227,(anonymous_31)
FN:241,usePerformanceMonitoring
FN:244,(anonymous_33)
FN:251,(anonymous_34)
FN:251,(anonymous_35)
FN:265,(anonymous_36)
FN:270,(anonymous_37)
FN:279,(anonymous_38)
FN:292,(anonymous_39)
FNF:33
FNH:6
FNDA:4,(anonymous_7)
FNDA:2,(anonymous_8)
FNDA:2,(anonymous_9)
FNDA:10,(anonymous_10)
FNDA:999,(anonymous_11)
FNDA:0,(anonymous_12)
FNDA:0,(anonymous_13)
FNDA:0,(anonymous_14)
FNDA:0,(anonymous_15)
FNDA:0,(anonymous_16)
FNDA:0,(anonymous_17)
FNDA:0,(anonymous_18)
FNDA:0,(anonymous_19)
FNDA:0,(anonymous_20)
FNDA:0,(anonymous_21)
FNDA:0,(anonymous_22)
FNDA:0,(anonymous_23)
FNDA:0,(anonymous_24)
FNDA:0,(anonymous_25)
FNDA:0,(anonymous_26)
FNDA:0,(anonymous_27)
FNDA:0,measurePerformanceBudget
FNDA:0,(anonymous_29)
FNDA:0,(anonymous_30)
FNDA:0,(anonymous_31)
FNDA:0,usePerformanceMonitoring
FNDA:0,(anonymous_33)
FNDA:0,(anonymous_34)
FNDA:0,(anonymous_35)
FNDA:2,(anonymous_36)
FNDA:0,(anonymous_37)
FNDA:0,(anonymous_38)
FNDA:0,(anonymous_39)
DA:18,2
DA:20,2
DA:21,2
DA:22,2
DA:23,2
DA:26,4
DA:27,2
DA:29,4
DA:33,2
DA:38,2
DA:45,2
DA:52,2
DA:59,2
DA:66,2
DA:76,10
DA:81,999
DA:82,999
DA:84,999
DA:85,999
DA:87,999
DA:88,999
DA:90,999
DA:91,0
DA:92,999
DA:93,0
DA:97,999
DA:106,999
DA:109,999
DA:110,897
DA:114,999
DA:115,0
DA:116,0
DA:122,999
DA:124,999
DA:129,0
DA:134,0
DA:139,0
DA:140,0
DA:142,0
DA:153,0
DA:154,0
DA:155,0
DA:158,0
DA:159,0
DA:160,0
DA:161,0
DA:163,0
DA:164,0
DA:167,0
DA:168,0
DA:171,0
DA:182,0
DA:187,0
DA:188,0
DA:189,0
DA:195,0
DA:200,0
DA:201,0
DA:203,0
DA:210,0
DA:215,2
DA:216,0
DA:217,0
DA:218,0
DA:220,0
DA:221,0
DA:223,0
DA:226,0
DA:227,0
DA:228,0
DA:229,0
DA:232,0
DA:233,0
DA:234,0
DA:241,2
DA:242,0
DA:244,0
DA:245,0
DA:246,0
DA:247,0
DA:248,0
DA:251,0
DA:252,0
DA:253,0
DA:254,0
DA:255,0
DA:258,0
DA:262,2
DA:266,2
DA:271,0
DA:274,0
DA:275,0
DA:280,0
DA:281,0
DA:283,0
DA:284,0
DA:287,0
DA:288,0
DA:292,0
DA:293,0
DA:294,0
DA:295,0
DA:299,0
DA:300,0
DA:303,0
DA:308,2
DA:309,2
LF:107
LH:36
BRDA:26,0,0,2
BRDA:26,0,1,2
BRDA:87,1,0,999
BRDA:87,1,1,0
BRDA:90,2,0,0
BRDA:90,2,1,999
BRDA:92,3,0,0
BRDA:92,3,1,999
BRDA:109,4,0,897
BRDA:109,4,1,102
BRDA:114,5,0,0
BRDA:114,5,1,999
BRDA:114,6,0,999
BRDA:114,6,1,0
BRDA:115,7,0,0
BRDA:115,7,1,0
BRDA:115,8,0,0
BRDA:115,8,1,0
BRDA:115,9,0,0
BRDA:115,9,1,0
BRDA:139,10,0,0
BRDA:139,10,1,0
BRDA:160,11,0,0
BRDA:160,11,1,0
BRDA:188,12,0,0
BRDA:188,12,1,0
BRDA:226,13,0,0
BRDA:226,13,1,0
BRDA:283,14,0,0
BRDA:283,14,1,0
BRDA:287,15,0,0
BRDA:287,15,1,0
BRDA:294,16,0,0
BRDA:294,16,1,0
BRDA:294,17,0,0
BRDA:294,17,1,0
BRDA:299,18,0,0
BRDA:299,18,1,0
BRF:38
BRH:9
end_of_record
TN:
SF:src/utils/safety.ts
FN:6,evaluateCrossingLocation
FNF:1
FNH:1
FNDA:328,evaluateCrossingLocation
DA:4,4
DA:6,4
DA:8,328
DA:11,328
DA:12,83
DA:18,83
DA:26,245
DA:27,122
DA:29,122
DA:30,122
DA:33,122
DA:41,123
LF:12
LH:12
BRDA:11,0,0,83
BRDA:11,0,1,245
BRDA:26,1,0,122
BRDA:26,1,1,123
BRDA:29,2,0,122
BRDA:29,2,1,0
BRF:6
BRH:5
end_of_record
TN:
SF:src/utils/shopping.ts
FN:10,categorizeShoppingItem
FN:61,(anonymous_1)
FN:86,(anonymous_2)
FN:112,parseShoppingInput
FN:124,(anonymous_4)
FN:125,(anonymous_5)
FN:131,(anonymous_6)
FN:132,(anonymous_7)
FN:141,(anonymous_8)
FN:142,(anonymous_9)
FN:162,optimizeShoppingList
FN:177,(anonymous_11)
FN:178,(anonymous_12)
FN:183,clearOptimizationCaches
FNF:14
FNH:13
FNDA:3210,categorizeShoppingItem
FNDA:7936,(anonymous_1)
FNDA:7851,(anonymous_2)
FNDA:687,parseShoppingInput
FNDA:808,(anonymous_4)
FNDA:808,(anonymous_5)
FNDA:298,(anonymous_6)
FNDA:298,(anonymous_7)
FNDA:1100,(anonymous_8)
FNDA:1100,(anonymous_9)
FNDA:689,optimizeShoppingList
FNDA:2417,(anonymous_11)
FNDA:2417,(anonymous_12)
FNDA:0,clearOptimizationCaches
DA:4,3
DA:7,3
DA:10,3
DA:12,3210
DA:13,3210
DA:14,1205
DA:16,1205
DA:19,2005
DA:23,2005
DA:25,7
DA:26,7
DA:27,6
DA:28,6
DA:29,6
DA:34,6
DA:35,6
DA:41,1999
DA:43,6
DA:44,6
DA:45,6
DA:46,6
DA:47,6
DA:52,6
DA:53,6
DA:60,1993
DA:61,7936
DA:63,1993
DA:64,18
DA:69,18
DA:70,18
DA:74,1975
DA:75,4
DA:80,4
DA:81,4
DA:85,1971
DA:86,7851
DA:88,1971
DA:89,22
DA:94,22
DA:95,22
DA:99,1949
DA:104,1949
DA:105,1949
DA:109,3
DA:113,687
DA:114,687
DA:115,112
DA:118,575
DA:119,575
DA:122,575
DA:123,157
DA:124,808
DA:125,808
DA:128,157
DA:129,808
DA:130,149
DA:131,298
DA:132,298
DA:133,149
DA:135,659
DA:138,418
DA:140,289
DA:141,1100
DA:142,1100
DA:145,129
DA:149,575
DA:152,575
DA:153,357
DA:154,357
DA:155,357
DA:159,575
DA:162,3
DA:163,689
DA:164,2
DA:171,687
DA:174,687
DA:176,687
DA:177,2417
DA:178,2417
DA:183,3
DA:184,0
DA:185,0
LF:82
LH:80
BRDA:13,0,0,1205
BRDA:13,0,1,2005
BRDA:23,1,0,7
BRDA:23,1,1,1998
BRDA:26,2,0,6
BRDA:26,2,1,1
BRDA:28,3,0,6
BRDA:28,3,1,0
BRDA:28,4,0,6
BRDA:28,4,1,6
BRDA:41,5,0,6
BRDA:41,5,1,1993
BRDA:44,6,0,6
BRDA:44,6,1,0
BRDA:46,7,0,6
BRDA:46,7,1,0
BRDA:46,8,0,6
BRDA:46,8,1,6
BRDA:63,9,0,18
BRDA:63,9,1,1975
BRDA:74,10,0,4
BRDA:74,10,1,1971
BRDA:74,11,0,1975
BRDA:74,11,1,5
BRDA:74,11,2,4
BRDA:74,11,3,2
BRDA:74,11,4,2
BRDA:88,12,0,22
BRDA:88,12,1,1949
BRDA:114,13,0,112
BRDA:114,13,1,575
BRDA:122,14,0,157
BRDA:122,14,1,418
BRDA:129,15,0,149
BRDA:129,15,1,659
BRDA:138,16,0,289
BRDA:138,16,1,129
BRDA:152,17,0,357
BRDA:152,17,1,218
BRDA:154,18,0,357
BRDA:154,18,1,0
BRDA:163,19,0,2
BRDA:163,19,1,687
BRDA:163,20,0,689
BRDA:163,20,1,688
BRF:45
BRH:41
end_of_record
