TN:
SF:src/App.tsx
FN:5,App
FNF:1
FNH:0
FNDA:0,App
DA:1,0
DA:2,0
DA:3,0
DA:6,0
DA:32,0
LF:5
LH:0
BRF:0
BRH:0
end_of_record
TN:
SF:src/components/SafetyRouter.tsx
FN:7,(anonymous_0)
FN:13,(anonymous_1)
FN:27,(anonymous_2)
FN:48,(anonymous_3)
FN:71,(anonymous_4)
FNF:5
FNH:3
FNDA:12,(anonymous_0)
FNDA:6,(anonymous_1)
FNDA:0,(anonymous_2)
FNDA:0,(anonymous_3)
FNDA:48,(anonymous_4)
DA:1,1
DA:2,1
DA:3,1
DA:5,1
DA:7,1
DA:8,12
DA:9,12
DA:10,12
DA:11,12
DA:13,12
DA:14,6
DA:15,6
DA:18,6
DA:19,0
DA:22,6
DA:23,6
DA:25,6
DA:27,6
DA:28,0
DA:29,0
DA:30,0
DA:32,0
DA:33,0
DA:35,0
DA:38,0
DA:39,0
DA:40,0
DA:43,0
DA:44,0
DA:48,12
DA:49,0
DA:50,0
DA:51,0
DA:52,0
DA:55,12
DA:72,48
DA:136,1
LF:37
LH:21
BRDA:18,0,0,0
BRDA:18,0,1,6
BRDA:22,1,0,6
BRDA:22,1,1,0
BRDA:29,2,0,0
BRDA:29,2,1,0
BRDA:67,3,0,0
BRDA:67,3,1,12
BRDA:78,4,0,12
BRDA:78,4,1,6
BRDA:90,5,0,12
BRDA:90,5,1,0
BRDA:97,6,0,12
BRDA:97,6,1,6
BRDA:105,7,0,12
BRDA:105,7,1,0
BRDA:105,7,2,0
BRDA:106,8,0,0
BRDA:106,8,1,0
BRDA:110,9,0,0
BRDA:110,9,1,0
BRDA:116,10,0,0
BRDA:116,10,1,0
BRDA:127,11,0,12
BRDA:127,11,1,6
BRDA:127,11,2,6
BRF:26
BRH:12
end_of_record
TN:
SF:src/components/ShoppingOptimizer.tsx
FN:6,(anonymous_0)
FN:12,(anonymous_1)
FN:27,(anonymous_2)
FN:36,(anonymous_3)
FN:50,(anonymous_4)
FN:61,(anonymous_5)
FN:118,(anonymous_6)
FN:134,(anonymous_7)
FNF:8
FNH:6
FNDA:1367,(anonymous_0)
FNDA:541,(anonymous_1)
FNDA:326,(anonymous_2)
FNDA:328,(anonymous_3)
FNDA:100,(anonymous_4)
FNDA:0,(anonymous_5)
FNDA:0,(anonymous_6)
FNDA:364,(anonymous_7)
DA:1,1
DA:2,1
DA:4,1
DA:6,1
DA:7,1367
DA:8,1367
DA:9,1367
DA:10,1367
DA:12,1367
DA:13,541
DA:14,541
DA:17,541
DA:18,0
DA:22,541
DA:23,0
DA:27,1367
DA:29,326
DA:30,326
DA:31,0
DA:32,0
DA:36,326
DA:37,328
DA:40,326
DA:41,26
DA:42,26
DA:45,300
DA:46,300
DA:48,300
DA:50,300
DA:51,100
DA:52,100
DA:53,100
DA:56,0
DA:57,0
DA:61,1367
DA:62,0
DA:63,0
DA:64,0
DA:68,1367
DA:119,0
DA:135,364
DA:152,1
LF:42
LH:32
BRDA:17,0,0,0
BRDA:17,0,1,541
BRDA:22,1,0,0
BRDA:22,1,1,541
BRDA:30,2,0,0
BRDA:30,2,1,326
BRDA:37,3,0,328
BRDA:37,3,1,328
BRDA:40,4,0,26
BRDA:40,4,1,300
BRDA:62,5,0,0
BRDA:62,5,1,0
BRDA:62,6,0,0
BRDA:62,6,1,0
BRDA:80,7,0,26
BRDA:80,7,1,1341
BRDA:84,8,0,1367
BRDA:84,8,1,26
BRDA:93,9,0,493
BRDA:93,9,1,874
BRDA:94,10,0,1367
BRDA:94,10,1,874
BRDA:96,11,0,493
BRDA:96,11,1,874
BRDA:111,12,0,1367
BRDA:111,12,1,100
BRDA:116,13,0,0
BRDA:116,13,1,100
BRDA:132,14,0,100
BRDA:132,14,1,0
BRF:30
BRH:21
end_of_record
TN:
SF:src/constants/index.ts
FNF:0
FNH:0
DA:6,6
DA:20,6
DA:32,6
DA:35,6
DA:38,6
DA:56,6
DA:70,6
LF:7
LH:7
BRF:0
BRH:0
end_of_record
TN:
SF:src/utils/safety.ts
FN:6,evaluateCrossingLocation
FNF:1
FNH:1
FNDA:314,evaluateCrossingLocation
DA:4,4
DA:6,4
DA:8,314
DA:11,314
DA:12,51
DA:18,51
DA:26,263
DA:27,132
DA:29,132
DA:30,132
DA:33,132
DA:41,131
LF:12
LH:12
BRDA:11,0,0,51
BRDA:11,0,1,263
BRDA:26,1,0,132
BRDA:26,1,1,131
BRDA:29,2,0,132
BRDA:29,2,1,0
BRF:6
BRH:5
end_of_record
TN:
SF:src/utils/shopping.ts
FN:6,categorizeShoppingItem
FN:44,(anonymous_1)
FN:65,(anonymous_2)
FN:83,optimizeShoppingList
FN:100,(anonymous_4)
FN:101,(anonymous_5)
FN:107,(anonymous_6)
FN:108,(anonymous_7)
FN:117,(anonymous_8)
FN:118,(anonymous_9)
FN:128,(anonymous_10)
FN:129,(anonymous_11)
FNF:12
FNH:12
FNDA:2235,categorizeShoppingItem
FNDA:8622,(anonymous_1)
FNDA:8239,(anonymous_2)
FNDA:321,optimizeShoppingList
FNDA:982,(anonymous_4)
FNDA:982,(anonymous_5)
FNDA:166,(anonymous_6)
FNDA:166,(anonymous_7)
FNDA:346,(anonymous_8)
FNDA:346,(anonymous_9)
FNDA:1384,(anonymous_10)
FNDA:1384,(anonymous_11)
DA:4,3
DA:6,3
DA:7,2235
DA:10,2235
DA:12,23
DA:13,23
DA:14,22
DA:15,22
DA:16,22
DA:26,2213
DA:28,20
DA:29,20
DA:30,20
DA:31,20
DA:32,20
DA:43,2193
DA:44,8622
DA:46,2193
DA:47,77
DA:55,2116
DA:56,16
DA:64,2100
DA:65,8239
DA:67,2100
DA:68,102
DA:76,1998
DA:83,3
DA:84,321
DA:85,2
DA:93,319
DA:95,319
DA:98,319
DA:99,184
DA:100,982
DA:101,982
DA:104,184
DA:105,982
DA:106,83
DA:107,166
DA:108,166
DA:109,83
DA:111,899
DA:114,135
DA:116,81
DA:117,346
DA:118,346
DA:121,54
DA:125,319
DA:127,319
DA:128,1384
DA:129,1384
LF:51
LH:51
BRDA:10,0,0,23
BRDA:10,0,1,2212
BRDA:13,1,0,22
BRDA:13,1,1,1
BRDA:15,2,0,22
BRDA:15,2,1,0
BRDA:15,3,0,22
BRDA:15,3,1,22
BRDA:26,4,0,20
BRDA:26,4,1,2193
BRDA:29,5,0,20
BRDA:29,5,1,0
BRDA:31,6,0,20
BRDA:31,6,1,0
BRDA:31,7,0,20
BRDA:31,7,1,20
BRDA:46,8,0,77
BRDA:46,8,1,2116
BRDA:55,9,0,16
BRDA:55,9,1,2100
BRDA:55,10,0,2116
BRDA:55,10,1,21
BRDA:55,10,2,19
BRDA:55,10,3,10
BRDA:55,10,4,10
BRDA:67,11,0,102
BRDA:67,11,1,1998
BRDA:84,12,0,2
BRDA:84,12,1,319
BRDA:84,13,0,321
BRDA:84,13,1,320
BRDA:98,14,0,184
BRDA:98,14,1,135
BRDA:105,15,0,83
BRDA:105,15,1,899
BRDA:114,16,0,81
BRDA:114,16,1,54
BRF:37
BRH:34
end_of_record
